 0000101  HU 464 3 HEX   E0  01  00                     0037887418 29.12.2024 20:08:38.706 0031152685 1929470240
 0000102  00000001 2 HEX   8A  00                         0038091802 29.12.2024 20:08:38.911 0031152685 1931520240
 0000103  TV 264 3 HEX   E0  01  00                     0038093928 29.12.2024 20:08:38.913 0031152685 1931540240
 0000104  HU 464 2 HEX   E1  01                         0038096589 29.12.2024 20:08:38.915 0031152685 1931560240
 0000106  HU 464 2 HEX   A3  00                         0038711567 29.12.2024 20:08:39.530 0031152685 1937710240
 0000110  HU 464 2 HEX   A3  00                         0038812229 29.12.2024 20:08:39.631 0031152685 1938720240
 0000111  HU 464 2 HEX   A3  00                         0038913158 29.12.2024 20:08:39.732 0031152685 1939730240
 0000116  HU 464 2 HEX   A3  00                         0039014049 29.12.2024 20:08:39.833 0031152685 1940740240
 0000117  HU 464 2 HEX   A3  00                         0039114941 29.12.2024 20:08:39.934 0031152685 1941750240
 0000119  HU 464 2 HEX   A3  00                         0039215938 29.12.2024 20:08:40.035 0031152685 1942760240
 0000120  HU 464 2 HEX   A3  00                         0039318062 29.12.2024 20:08:40.137 0031152685 1943780240
 0000121  HU 464 2 HEX   A3  00                         0039418159 29.12.2024 20:08:40.237 0031152685 1944780240
 0000122  HU 464 2 HEX   A3  00                         0039519107 29.12.2024 20:08:40.338 0031152685 1945790240
 0000123  HU 464 2 HEX   A3  00                         0039620073 29.12.2024 20:08:40.439 0031152685 1946800240
 0000124  HU 464 3 HEX   E0  01  00                     0039722343 29.12.2024 20:08:40.541 0031152685 1947820240
 0000128  HU 464 3 HEX   E0  01  00                     0040723546 29.12.2024 20:08:41.542 0031152685 1957830240
 0000132  HU 464 3 HEX   E0  01  00                     0041725557 29.12.2024 20:08:42.544 0031152685 1967850240
 0000136  HU 464 3 HEX   E0  01  00                     0042726741 29.12.2024 20:08:43.546 0031152685 1977870240
 0000143  HU 464 3 HEX   E0  01  00                     0043729556 29.12.2024 20:08:44.548 0031152685 1987890240
 0000152  HU 464 3 HEX   E0  01  00                     0044730674 29.12.2024 20:08:45.550 0031152685 1997910240
 0000156  HU 464 3 HEX   E0  01  00                     0045732612 29.12.2024 20:08:46.552 0031152685 2007930240
 0000160  HU 464 3 HEX   E0  01  00                     0046733098 29.12.2024 20:08:47.552 0031152685 2017930240
 0000164  HU 464 3 HEX   E0  01  00                     0047734300 29.12.2024 20:08:48.553 0031152685 2027940240
 0000170  HU 464 3 HEX   E0  01  00                     0048735492 29.12.2024 20:08:49.554 0031152685 2037950240
 0000176  TV 264 3 HEX   E0  01  00                     0049369238 29.12.2024 20:08:50.188 0031152685 2044290240
 0000177  HU 464 2 HEX   E1  01                         0049372230 29.12.2024 20:08:50.191 0031152685 2044320240
 0000193  HU 464 2 HEX   A3  00                         0053717634 29.12.2024 20:08:54.537 0031152685 2087780240
 0000195  HU 464 2 HEX   A3  00                         0053819183 29.12.2024 20:08:54.638 0031152685 2088790240
 0000196  HU 464 2 HEX   A3  00                         0053919211 29.12.2024 20:08:54.738 0031152685 2089790240
 0000197  HU 464 2 HEX   A3  00                         0054020417 29.12.2024 20:08:54.839 0031152685 2090800240
 0000202  HU 464 2 HEX   A3  00                         0054121068 29.12.2024 20:08:54.940 0031152685 2091810240
 0000203  HU 464 2 HEX   A3  00                         0054221997 29.12.2024 20:08:55.041 0031152685 2092820240
 0000204  HU 464 2 HEX   A3  00                         0054322945 29.12.2024 20:08:55.142 0031152685 2093830240
 0000205  HU 464 2 HEX   A3  00                         0054424388 29.12.2024 20:08:55.243 0031152685 2094840240
 0000207  HU 464 2 HEX   A3  00                         0054525564 29.12.2024 20:08:55.344 0031152685 2095850240
 0000208  HU 464 2 HEX   A3  00                         0054626511 29.12.2024 20:08:55.445 0031152685 2096860240
 0000211  HU 464 3 HEX   E0  01  00                     0054728410 29.12.2024 20:08:55.547 0031152685 2097880240
 0000215  HU 464 3 HEX   E0  01  00                     0055729576 29.12.2024 20:08:56.548 0031152685 2107890240
 0000219  HU 464 3 HEX   E0  01  00                     0056730687 29.12.2024 20:08:57.550 0031152685 2117910240
 0000223  HU 464 3 HEX   E0  01  00                     0057731797 29.12.2024 20:08:58.551 0031152685 2127920240
 0000229  HU 464 3 HEX   E0  01  00                     0058732915 29.12.2024 20:08:59.552 0031152685 2137930240
 0000237  HU 464 3 HEX   E0  01  00                     0059734042 29.12.2024 20:09:00.553 0031152685 2147940240
 0000241  HU 464 3 HEX   E0  01  00                     0060735116 29.12.2024 20:09:01.554 0031152685 2157950240
 0000242  TV 264 3 HEX   E0  01  00                     0060737226 29.12.2024 20:09:01.556 0031152685 2157970240
 0000243  HU 464 2 HEX   E1  01                         0060739850 29.12.2024 20:09:01.559 0031152685 2158000240
 0000254  HU 464 2 HEX   A3  00                         0063720616 29.12.2024 20:09:04.540 0031152685 2187810240
 0000256  HU 464 2 HEX   A3  00                         0063821172 29.12.2024 20:09:04.640 0031152685 2188810240
 0000257  HU 464 2 HEX   A3  00                         0063922028 29.12.2024 20:09:04.741 0031152685 2189820240
 0000258  HU 464 2 HEX   A3  00                         0064022885 29.12.2024 20:09:04.842 0031152685 2190830240
 0000263  HU 464 2 HEX   A3  00                         0064123719 29.12.2024 20:09:04.943 0031152685 2191840240
 0000264  HU 464 2 HEX   A3  00                         0064224832 29.12.2024 20:09:05.044 0031152685 2192850240
 0000265  HU 464 2 HEX   A3  00                         0064325669 29.12.2024 20:09:05.145 0031152685 2193860240
 0000266  HU 464 2 HEX   A3  00                         0064426525 29.12.2024 20:09:05.245 0031152685 2194860240
 0000267  HU 464 2 HEX   A3  00                         0064527362 29.12.2024 20:09:05.346 0031152685 2195870240
 0000270  HU 464 2 HEX   A3  00                         0064628172 29.12.2024 20:09:05.447 0031152685 2196880240
 0000271  HU 464 3 HEX   E0  01  00                     0064730020 29.12.2024 20:09:05.549 0031152685 2197900240
 0000275  HU 464 3 HEX   E0  01  00                     0065731112 29.12.2024 20:09:06.550 0031152685 2207910240
 0000279  HU 464 3 HEX   E0  01  00                     0066732186 29.12.2024 20:09:07.551 0031152685 2217920240
 0000283  HU 464 3 HEX   E0  01  00                     0067733279 29.12.2024 20:09:08.552 0031152685 2227930240
 0000289  HU 464 3 HEX   E0  01  00                     0068734360 29.12.2024 20:09:09.553 0031152685 2237940240
 0000297  HU 464 3 HEX   E0  01  00                     0069735415 29.12.2024 20:09:10.554 0031152685 2247950240
 0000301  HU 464 3 HEX   E0  01  00                     0070736472 29.12.2024 20:09:11.555 0031152685 2257960240
 0000305  HU 464 3 HEX   E0  01  00                     0071737620 29.12.2024 20:09:12.557 0031152685 2267980240
 0000309  TV 264 3 HEX   E0  01  00                     0072576356 29.12.2024 20:09:13.395 0031152685 2276360240
 0000310  HU 464 2 HEX   E1  01                         0072578980 29.12.2024 20:09:13.398 0031152685 2276390240
 0000315  HU 464 2 HEX   A3  00                         0073724029 29.12.2024 20:09:14.543 0031152685 2287840240
 0000317  HU 464 2 HEX   A3  00                         0073824604 29.12.2024 20:09:14.644 0031152685 2288850240
 0000318  HU 464 2 HEX   A3  00                         0073925459 29.12.2024 20:09:14.744 0031152685 2289850240
 0000320  HU 464 2 HEX   A3  00                         0074026292 29.12.2024 20:09:14.845 0031152685 2290860240
 0000325  HU 464 2 HEX   A3  00                         0074127107 29.12.2024 20:09:14.946 0031152685 2291870240
 0000326  HU 464 2 HEX   A3  00                         0074228441 29.12.2024 20:09:15.047 0031152685 2292880240
 0000327  HU 464 2 HEX   A3  00                         0074329021 29.12.2024 20:09:15.148 0031152685 2293890240
 0000328  HU 464 2 HEX   A3  00                         0074429858 29.12.2024 20:09:15.249 0031152685 2294900240
 0000329  HU 464 2 HEX   A3  00                         0074530713 29.12.2024 20:09:15.350 0031152685 2295910240
 0000332  HU 464 2 HEX   A3  00                         0074631744 29.12.2024 20:09:15.451 0031152685 2296920240
 0000333  HU 464 3 HEX   E0  01  00                     0074733573 29.12.2024 20:09:15.552 0031152685 2297930240
 0000337  HU 464 3 HEX   E0  01  00                     0075734630 29.12.2024 20:09:16.554 0031152685 2307950240
 0000341  HU 464 3 HEX   E0  01  00                     0076735668 29.12.2024 20:09:17.555 0031152685 2317960240
 0000345  HU 464 3 HEX   E0  01  00                     0077736779 29.12.2024 20:09:18.556 0031152685 2327970240
 0000351  HU 464 3 HEX   E0  01  00                     0078737843 29.12.2024 20:09:19.557 0031152685 2337980240
 0000359  HU 464 3 HEX   E0  01  00                     0079738879 29.12.2024 20:09:20.558 0031152685 2347990240
 0000363  HU 464 3 HEX   E0  01  00                     0080739954 29.12.2024 20:09:21.559 0031152685 2358000240
 0000367  HU 464 3 HEX   E0  01  00                     0081741029 29.12.2024 20:09:22.560 0031152685 2368010240
 0000371  HU 464 3 HEX   E0  01  00                     0082742104 29.12.2024 20:09:23.561 0031152685 2378020240
 0000377  HU 464 3 HEX   E0  01  00                     0083743223 29.12.2024 20:09:24.562 0031152685 2388030240
 0000381  TV 264 3 HEX   E0  01  00                     0084106430 29.12.2024 20:09:24.925 0031152685 2391660240
 0000383  HU 464 2 HEX   E1  01                         0084109596 29.12.2024 20:09:24.928 0031152685 2391690240
 0000400  HU 464 2 HEX   A3  00                         0088728697 29.12.2024 20:09:29.548 0031152685 2437890240
 0000402  HU 464 2 HEX   A3  00                         0088829451 29.12.2024 20:09:29.648 0031152685 2438890240
 0000403  HU 464 2 HEX   A3  00                         0088930527 29.12.2024 20:09:29.749 0031152685 2439900240
 0000404  HU 464 2 HEX   A3  00                         0089031127 29.12.2024 20:09:29.850 0031152685 2440910240
 0000409  HU 464 2 HEX   A3  00                         0089132255 29.12.2024 20:09:29.951 0031152685 2441920240
 0000410  HU 464 2 HEX   A3  00                         0089233111 29.12.2024 20:09:30.052 0031152685 2442930240
 0000411  HU 464 2 HEX   A3  00                         0089334205 29.12.2024 20:09:30.153 0031152685 2443940240
 0000413  HU 464 2 HEX   A3  00                         0089435239 29.12.2024 20:09:30.254 0031152685 2444950240
 0000416  HU 464 2 HEX   A3  00                         0089535852 29.12.2024 20:09:30.355 0031152685 2445960240
 0000417  HU 464 2 HEX   A3  00                         0089636689 29.12.2024 20:09:30.456 0031152685 2446970240
 0000418  HU 464 3 HEX   E0  01  00                     0089738555 29.12.2024 20:09:30.557 0031152685 2447980240
 0000426  HU 464 3 HEX   E0  01  00                     0090739591 29.12.2024 20:09:31.558 0031152685 2457990240
 0000430  HU 464 3 HEX   E0  01  00                     0091740739 29.12.2024 20:09:32.560 0031152685 2468010240
 0000434  HU 464 3 HEX   E0  01  00                     0092741740 29.12.2024 20:09:33.561 0031152685 2478020240
 0000440  HU 464 3 HEX   E0  01  00                     0093742767 29.12.2024 20:09:34.562 0031152685 2488030240
 0000444  HU 464 3 HEX   E0  01  00                     0094744043 29.12.2024 20:09:35.563 0031152685 2498040240
 0000452  TV 264 3 HEX   E0  01  00                     0095698075 29.12.2024 20:09:36.517 0031152685 2507580240
 0000453  HU 464 2 HEX   E1  01                         0095700608 29.12.2024 20:09:36.520 0031152685 2507610240
 0000464  HU 464 2 HEX   A3  00                         0098731741 29.12.2024 20:09:39.551 0031152685 2537920240
 0000466  HU 464 2 HEX   A3  00                         0098832274 29.12.2024 20:09:39.651 0031152685 2538920240
 0000467  HU 464 2 HEX   A3  00                         0098933387 29.12.2024 20:09:39.752 0031152685 2539930240
 0000468  HU 464 2 HEX   A3  00                         0099034243 29.12.2024 20:09:39.853 0031152685 2540940240
 0000469  HU 464 2 HEX   A3  00                         0099135099 29.12.2024 20:09:39.954 0031152685 2541950240
 0000470  HU 464 2 HEX   A3  00                         0099235936 29.12.2024 20:09:40.055 0031152685 2542960240
 0000471  HU 464 2 HEX   A3  00                         0099336645 29.12.2024 20:09:40.156 0031152685 2543970240
 0000474  HU 464 2 HEX   A3  00                         0099437496 29.12.2024 20:09:40.256 0031152685 2544970240
 0000475  HU 464 2 HEX   A3  00                         0099538334 29.12.2024 20:09:40.357 0031152685 2545980240
 0000477  HU 464 2 HEX   A3  00                         0099639201 29.12.2024 20:09:40.458 0031152685 2546990240
 0000478  HU 464 3 HEX   E0  01  00                     0099741086 29.12.2024 20:09:40.560 0031152685 2548010240
 0000486  HU 464 3 HEX   E0  01  00                     0100742176 29.12.2024 20:09:41.561 0031152685 2558020240
 0000490  HU 464 3 HEX   E0  01  00                     0101743214 29.12.2024 20:09:42.562 0031152685 2568030240
 0000494  HU 464 3 HEX   E0  01  00                     0102744325 29.12.2024 20:09:43.563 0031152685 2578040240
 0000500  HU 464 3 HEX   E0  01  00                     0103745425 29.12.2024 20:09:44.564 0031152685 2588050240
 0000504  HU 464 3 HEX   E0  01  00                     0104746499 29.12.2024 20:09:45.565 0031152685 2598060240
 0000512  HU 464 3 HEX   E0  01  00                     0105747570 29.12.2024 20:09:46.566 0031152685 2608070240
 0000515  HU 464 3 HEX   E0  01  00                     0106748871 29.12.2024 20:09:47.568 0031152685 2618090240
 0000519  HU 464 3 HEX   E0  01  00                     0107749798 29.12.2024 20:09:48.569 0031152685 2628100240
 0000521  TV 264 3 HEX   E0  01  00                     0107790306 29.12.2024 20:09:48.609 0031152685 2628500240
 0000522  HU 464 2 HEX   E1  01                         0107792893 29.12.2024 20:09:48.612 0031152685 2628530240
 0000526  HU 464 2 HEX   A3  00                         0108735165 29.12.2024 20:09:49.554 0031152685 2637950240
 0000529  HU 464 2 HEX   A3  00                         0108836285 29.12.2024 20:09:49.655 0031152685 2638960240
 0000530  HU 464 2 HEX   A3  00                         0108936603 29.12.2024 20:09:49.756 0031152685 2639970240
 0000531  HU 464 2 HEX   A3  00                         0109037699 29.12.2024 20:09:49.857 0031152685 2640980240
 0000532  HU 464 2 HEX   A3  00                         0109138554 29.12.2024 20:09:49.957 0031152685 2641980240
 0000533  HU 464 2 HEX   A3  00                         0109239428 29.12.2024 20:09:50.058 0031152685 2642990240
 0000534  HU 464 2 HEX   A3  00                         0109340210 29.12.2024 20:09:50.159 0031152685 2644000240
 0000537  HU 464 2 HEX   A3  00                         0109441043 29.12.2024 20:09:50.260 0031152685 2645010240
 0000538  HU 464 2 HEX   A3  00                         0109542211 29.12.2024 20:09:50.361 0031152685 2646020240
 0000539  HU 464 2 HEX   A3  00                         0109642938 29.12.2024 20:09:50.462 0031152685 2647030240
 0000540  HU 464 3 HEX   E0  01  00                     0109744786 29.12.2024 20:09:50.564 0031152685 2648050240
 0000548  HU 464 3 HEX   E0  01  00                     0110745858 29.12.2024 20:09:51.565 0031152685 2658060240
 0000552  HU 464 3 HEX   E0  01  00                     0111746933 29.12.2024 20:09:52.566 0031152685 2668070240
 0000556  HU 464 3 HEX   E0  01  00                     0112747990 29.12.2024 20:09:53.567 0031152685 2678080240
 0000562  HU 464 3 HEX   E0  01  00                     0113749053 29.12.2024 20:09:54.568 0031152685 2688090240
 0000566  HU 464 3 HEX   E0  01  00                     0114750183 29.12.2024 20:09:55.569 0031152685 2698100240
 0000574  HU 464 3 HEX   E0  01  00                     0115751201 29.12.2024 20:09:56.570 0031152685 2708110240
 0000578  HU 464 3 HEX   E0  01  00                     0116752294 29.12.2024 20:09:57.571 0031152685 2718120240
 0000582  HU 464 3 HEX   E0  01  00                     0117753368 29.12.2024 20:09:58.572 0031152685 2728130240
 0000588  HU 464 3 HEX   E0  01  00                     0118754433 29.12.2024 20:09:59.573 0031152685 2738140240
 0000594  TV 264 3 HEX   E0  01  00                     0120305212 29.12.2024 20:10:01.124 0031152685 2753650240
 0000596  HU 464 2 HEX   E1  01                         0120308103 29.12.2024 20:10:01.127 0031152685 2753680240
 0000611  HU 464 2 HEX   A3  00                         0123740104 29.12.2024 20:10:04.559 0031152685 2788000240
 0000613  HU 464 2 HEX   A3  00                         0123840770 29.12.2024 20:10:04.660 0031152685 2789010240
 0000614  HU 464 2 HEX   A3  00                         0123942122 29.12.2024 20:10:04.761 0031152685 2790020240
 0000615  HU 464 2 HEX   A3  00                         0124042699 29.12.2024 20:10:04.862 0031152685 2791030240
 0000616  HU 464 2 HEX   A3  00                         0124143573 29.12.2024 20:10:04.962 0031152685 2792030240
 0000618  HU 464 2 HEX   A3  00                         0124244404 29.12.2024 20:10:05.063 0031152685 2793040240
 0000621  HU 464 2 HEX   A3  00                         0124345274 29.12.2024 20:10:05.164 0031152685 2794050240
 0000622  HU 464 2 HEX   A3  00                         0124446148 29.12.2024 20:10:05.265 0031152685 2795060240
 0000623  HU 464 2 HEX   A3  00                         0124547003 29.12.2024 20:10:05.366 0031152685 2796070240
 0000624  HU 464 2 HEX   A3  00                         0124647859 29.12.2024 20:10:05.467 0031152685 2797080240
 0000625  HU 464 3 HEX   E0  01  00                     0124749688 29.12.2024 20:10:05.569 0031152685 2798100240
 0000629  HU 464 3 HEX   E0  01  00                     0125750799 29.12.2024 20:10:06.570 0031152685 2808110240
 0000637  HU 464 3 HEX   E0  01  00                     0126751853 29.12.2024 20:10:07.571 0031152685 2818120240
 0000641  HU 464 3 HEX   E0  01  00                     0127752927 29.12.2024 20:10:08.572 0031152685 2828130240
 0000647  HU 464 3 HEX   E0  01  00                     0128754045 29.12.2024 20:10:09.573 0031152685 2838140240
 0000651  HU 464 3 HEX   E0  01  00                     0129755285 29.12.2024 20:10:10.574 0031152685 2848150240
 0000655  HU 464 3 HEX   E0  01  00                     0130756359 29.12.2024 20:10:11.575 0031152685 2858160240
 0000663  HU 464 3 HEX   E0  01  00                     0131757579 29.12.2024 20:10:12.576 0031152685 2868170240
 0000667  HU 464 3 HEX   E0  01  00                     0132758617 29.12.2024 20:10:13.578 0031152685 2878190240
 0000668  TV 264 3 HEX   E0  01  00                     0132760708 29.12.2024 20:10:13.580 0031152685 2878210240
 0000669  HU 464 2 HEX   E1  01                         0132763369 29.12.2024 20:10:13.582 0031152685 2878230240
 0000674  HU 464 2 HEX   A3  00                         0133743838 29.12.2024 20:10:14.563 0031152685 2888040240
 0000676  HU 464 2 HEX   A3  00                         0133844211 29.12.2024 20:10:14.663 0031152685 2889040240
 0000677  HU 464 2 HEX   A3  00                         0133945029 29.12.2024 20:10:14.764 0031152685 2890050240
 0000678  HU 464 2 HEX   A3  00                         0134045886 29.12.2024 20:10:14.865 0031152685 2891060240
 0000679  HU 464 2 HEX   A3  00                         0134146737 29.12.2024 20:10:14.966 0031152685 2892070240
 0000680  HU 464 2 HEX   A3  00                         0134247556 29.12.2024 20:10:15.066 0031152685 2893070240
 0000683  HU 464 2 HEX   A3  00                         0134348426 29.12.2024 20:10:15.167 0031152685 2894080240
 0000685  HU 464 2 HEX   A3  00                         0134449257 29.12.2024 20:10:15.268 0031152685 2895090240
 0000686  HU 464 2 HEX   A3  00                         0134550131 29.12.2024 20:10:15.369 0031152685 2896100240
 0000687  HU 464 2 HEX   A3  00                         0134651005 29.12.2024 20:10:15.470 0031152685 2897110240
 0000688  HU 464 3 HEX   E0  01  00                     0134752908 29.12.2024 20:10:15.572 0031152685 2898130240
 0000692  HU 464 3 HEX   E0  01  00                     0135753854 29.12.2024 20:10:16.573 0031152685 2908140240
 0000700  HU 464 3 HEX   E0  01  00                     0136754927 29.12.2024 20:10:17.574 0031152685 2918150240
 0000704  HU 464 3 HEX   E0  01  00                     0137756002 29.12.2024 20:10:18.575 0031152685 2928160240
 0000710  HU 464 3 HEX   E0  01  00                     0138757066 29.12.2024 20:10:19.576 0031152685 2938170240
 0000714  HU 464 3 HEX   E0  01  00                     0139758545 29.12.2024 20:10:20.577 0031152685 2948180240
 0000718  HU 464 3 HEX   E0  01  00                     0140759638 29.12.2024 20:10:21.579 0031152685 2958200240
 0000726  HU 464 3 HEX   E0  01  00                     0141760710 29.12.2024 20:10:22.580 0031152685 2968210240
 0000730  HU 464 3 HEX   E0  01  00                     0142761822 29.12.2024 20:10:23.581 0031152685 2978220240
 0000736  HU 464 3 HEX   E0  01  00                     0143762866 29.12.2024 20:10:24.582 0031152685 2988230240
 0000744  TV 264 3 HEX   E0  01  00                     0145814903 29.12.2024 20:10:26.634 0031152685 3008750240
 0000746  HU 464 2 HEX   E1  01                         0145818658 29.12.2024 20:10:26.638 0031152685 3008790240
 0000758  HU 464 2 HEX   A3  00                         0148748321 29.12.2024 20:10:29.567 0031152685 3038080240
 0000761  HU 464 2 HEX   A3  00                         0148848889 29.12.2024 20:10:29.668 0031152685 3039090240
 0000762  HU 464 2 HEX   A3  00                         0148949745 29.12.2024 20:10:29.769 0031152685 3040100240
 0000763  HU 464 2 HEX   A3  00                         0149050602 29.12.2024 20:10:29.869 0031152685 3041100240
 0000764  HU 464 2 HEX   A3  00                         0149151439 29.12.2024 20:10:29.970 0031152685 3042110240
 0000767  HU 464 2 HEX   A3  00                         0149252304 29.12.2024 20:10:30.071 0031152685 3043120240
 0000768  HU 464 2 HEX   A3  00                         0149353123 29.12.2024 20:10:30.172 0031152685 3044130240
 0000769  HU 464 2 HEX   A3  00                         0149453997 29.12.2024 20:10:30.273 0031152685 3045140240
 0000770  HU 464 2 HEX   A3  00                         0149554834 29.12.2024 20:10:30.374 0031152685 3046150240
 0000771  HU 464 2 HEX   A3  00                         0149655690 29.12.2024 20:10:30.475 0031152685 3047160240
 0000772  HU 464 3 HEX   E0  01  00                     0149757537 29.12.2024 20:10:30.576 0031152685 3048170240
 0000776  HU 464 3 HEX   E0  01  00                     0150758630 29.12.2024 20:10:31.578 0031152685 3058190240
 0000784  HU 464 3 HEX   E0  01  00                     0151759683 29.12.2024 20:10:32.579 0031152685 3068200240
 0000788  HU 464 3 HEX   E0  01  00                     0152760777 29.12.2024 20:10:33.580 0031152685 3078210240
 0000794  HU 464 3 HEX   E0  01  00                     0153761804 29.12.2024 20:10:34.581 0031152685 3088220240
 0000798  HU 464 3 HEX   E0  01  00                     0154762861 29.12.2024 20:10:35.582 0031152685 3098230240
 0000802  HU 464 3 HEX   E0  01  00                     0155763954 29.12.2024 20:10:36.583 0031152685 3108240240
 0000810  HU 464 3 HEX   E0  01  00                     0156765027 29.12.2024 20:10:37.584 0031152685 3118250240
 0000814  HU 464 3 HEX   E0  01  00                     0157766102 29.12.2024 20:10:38.585 0031152685 3128260240
 0000820  TV 264 3 HEX   E0  01  00                     0158754836 29.12.2024 20:10:39.574 0031152685 3138150240
 0000821  HU 464 2 HEX   E1  01                         0158757387 29.12.2024 20:10:39.576 0031152685 3138170240
 0000842  HU 464 2 HEX   A3  00                         0163753277 29.12.2024 20:10:44.572 0031152685 3188130240
 0000844  HU 464 2 HEX   A3  00                         0163853889 29.12.2024 20:10:44.673 0031152685 3189140240
 0000845  HU 464 2 HEX   A3  00                         0163954763 29.12.2024 20:10:44.774 0031152685 3190150240
 0000846  HU 464 2 HEX   A3  00                         0164055583 29.12.2024 20:10:44.874 0031152685 3191150240
 0000850  HU 464 2 HEX   A3  00                         0164158193 29.12.2024 20:10:44.977 0031152685 3192180240
 0000851  HU 464 2 HEX   A3  00                         0164257266 29.12.2024 20:10:45.076 0031152685 3193170240
 0000852  HU 464 2 HEX   A3  00                         0164358135 29.12.2024 20:10:45.177 0031152685 3194180240
 0000853  HU 464 2 HEX   A3  00                         0164458991 29.12.2024 20:10:45.278 0031152685 3195190240
 0000854  HU 464 2 HEX   A3  00                         0164559792 29.12.2024 20:10:45.379 0031152685 3196200240
 0000855  HU 464 2 HEX   A3  00                         0164660629 29.12.2024 20:10:45.480 0031152685 3197210240
 0000856  HU 464 3 HEX   E0  01  00                     0164762495 29.12.2024 20:10:45.581 0031152685 3198220240
 0000860  HU 464 3 HEX   E0  01  00                     0165763754 29.12.2024 20:10:46.583 0031152685 3208240240
 0000868  HU 464 3 HEX   E0  01  00                     0166764864 29.12.2024 20:10:47.584 0031152685 3218250240
 0000872  HU 464 3 HEX   E0  01  00                     0167765939 29.12.2024 20:10:48.585 0031152685 3228260240
 0000878  HU 464 3 HEX   E0  01  00                     0168767316 29.12.2024 20:10:49.586 0031152685 3238270240
 0000882  HU 464 3 HEX   E0  01  00                     0169768390 29.12.2024 20:10:50.587 0031152685 3248280240
 0000886  TV 264 3 HEX   E0  01  00                     0170308252 29.12.2024 20:10:51.127 0031152685 3253680240
 0000887  HU 464 2 HEX   E1  01                         0170310821 29.12.2024 20:10:51.130 0031152685 3253710240
 0000902  HU 464 2 HEX   A3  00                         0173757228 29.12.2024 20:10:54.576 0031152685 3288170240
 0000904  HU 464 2 HEX   A3  00                         0173857913 29.12.2024 20:10:54.677 0031152685 3289180240
 0000905  HU 464 2 HEX   A3  00                         0173958824 29.12.2024 20:10:54.778 0031152685 3290190240
 0000908  HU 464 2 HEX   A3  00                         0174059695 29.12.2024 20:10:54.879 0031152685 3291200240
 0000909  HU 464 2 HEX   A3  00                         0174160550 29.12.2024 20:10:54.979 0031152685 3292200240
 0000910  HU 464 2 HEX   A3  00                         0174261369 29.12.2024 20:10:55.080 0031152685 3293210240
 0000911  HU 464 2 HEX   A3  00                         0174362238 29.12.2024 20:10:55.181 0031152685 3294220240
 0000913  HU 464 2 HEX   A3  00                         0174463106 29.12.2024 20:10:55.282 0031152685 3295230240
 0000914  HU 464 2 HEX   A3  00                         0174564053 29.12.2024 20:10:55.383 0031152685 3296240240
 0000915  HU 464 2 HEX   A3  00                         0174664891 29.12.2024 20:10:55.484 0031152685 3297250240
 0000916  HU 464 3 HEX   E0  01  00                     0174766830 29.12.2024 20:10:55.586 0031152685 3298270240
 0000920  HU 464 3 HEX   E0  01  00                     0175767978 29.12.2024 20:10:56.587 0031152685 3308280240
 0000928  HU 464 3 HEX   E0  01  00                     0176769144 29.12.2024 20:10:57.588 0031152685 3318290240
 0000932  HU 464 3 HEX   E0  01  00                     0177770127 29.12.2024 20:10:58.589 0031152685 3328300240
 0000938  HU 464 3 HEX   E0  01  00                     0178771228 29.12.2024 20:10:59.590 0031152685 3338310240
 0000942  HU 464 3 HEX   E0  01  00                     0179772303 29.12.2024 20:11:00.591 0031152685 3348320240
 0000946  HU 464 3 HEX   E0  01  00                     0180773635 29.12.2024 20:11:01.593 0031152685 3358340240
 0000954  HU 464 3 HEX   E0  01  00                     0181774431 29.12.2024 20:11:02.593 0031152685 3368340240
 0000958  TV 264 3 HEX   E0  01  00                     0182606988 29.12.2024 20:11:03.426 0031152685 3376670240
 0000959  HU 464 2 HEX   E1  01                         0182609539 29.12.2024 20:11:03.428 0031152685 3376690240
 0000964  HU 464 2 HEX   A3  00                         0183760050 29.12.2024 20:11:04.579 0031152685 3388200240
 0000966  HU 464 2 HEX   A3  00                         0183860625 29.12.2024 20:11:04.680 0031152685 3389210240
 0000967  HU 464 2 HEX   A3  00                         0183961480 29.12.2024 20:11:04.780 0031152685 3390210240
 0000970  HU 464 2 HEX   A3  00                         0184062351 29.12.2024 20:11:04.881 0031152685 3391220240
 0000971  HU 464 2 HEX   A3  00                         0184163244 29.12.2024 20:11:04.982 0031152685 3392230240
 0000972  HU 464 2 HEX   A3  00                         0184264118 29.12.2024 20:11:05.083 0031152685 3393240240
 0000973  HU 464 2 HEX   A3  00                         0184364992 29.12.2024 20:11:05.184 0031152685 3394250240
 0000974  HU 464 2 HEX   A3  00                         0184465843 29.12.2024 20:11:05.285 0031152685 3395260240
 0000975  HU 464 2 HEX   A3  00                         0184566698 29.12.2024 20:11:05.386 0031152685 3396270240
 0000977  HU 464 2 HEX   A3  00                         0184667529 29.12.2024 20:11:05.486 0031152685 3397270240
 0000978  HU 464 3 HEX   E0  01  00                     0184769414 29.12.2024 20:11:05.588 0031152685 3398290240
 0000982  HU 464 3 HEX   E0  01  00                     0185770451 29.12.2024 20:11:06.589 0031152685 3408300240
 0000990  HU 464 3 HEX   E0  01  00                     0186771505 29.12.2024 20:11:07.590 0031152685 3418310240
 0000994  HU 464 3 HEX   E0  01  00                     0187772579 29.12.2024 20:11:08.591 0031152685 3428320240
 0001000  HU 464 3 HEX   E0  01  00                     0188773606 29.12.2024 20:11:09.593 0031152685 3438340240
 0001003  HU 464 3 HEX   E0  01  00                     0189774685 29.12.2024 20:11:10.594 0031152685 3448350240
 0001007  HU 464 3 HEX   E0  01  00                     0190775759 29.12.2024 20:11:11.595 0031152685 3458360240
 0001015  HU 464 3 HEX   E0  01  00                     0191776942 29.12.2024 20:11:12.596 0031152685 3468370240
 0001019  HU 464 3 HEX   E0  01  00                     0192778145 29.12.2024 20:11:13.597 0031152685 3478380240

 0001025  HU 464 3 HEX   E0  01  00                     0193779208 29.12.2024 20:11:14.598 0031152685 3488390240
 0001029  TV 264 3 HEX   E0  01  00                     0193944572 29.12.2024 20:11:14.763 0031152685 3490040240

 0001030  HU 464 2 HEX   E1  01                         0193947214 29.12.2024 20:11:14.766 0031152685 3490070240
 0001031  TV 264 7 HEX   10  15  01  00  02  00  00     0193963912 29.12.2024 20:11:14.783 0031152685 3490240240

 0001032  HU 464 1 HEX   B1                             0193966233 29.12.2024 20:11:14.785 0031152685 3490260240
 0001033  HU 464 3 HEX   10  00  01                     0193970284 29.12.2024 20:11:14.789 0031152685 3490300240

 0001034  TV 264 1 HEX   B0                             0193982556 29.12.2024 20:11:14.801 0031152685 3490420240
 0001035  TV 264 1 HEX   B1                             0194001896 29.12.2024 20:11:14.821 0031152685 3490620240
 0001036  TV 264 3 HEX   11  01  01                     0194021420 29.12.2024 20:11:14.840 0031152685 3490810240

 0001037  HU 464 1 HEX   B2                             0194023621 29.12.2024 20:11:14.843 0031152685 3490840240
 0001038  HU 464 2 HEX   11  08                         0194027011 29.12.2024 20:11:14.846 0031152685 3490870240
 0001039  TV 264 1 HEX   B2                             0194040548 29.12.2024 20:11:14.859 0031152685 3491000240
 0001040  HU 464 2 HEX   12  32                         0194044802 29.12.2024 20:11:14.864 0031152685 3491050240
 0001041  TV 264 7 HEX   22  09  01  42  50  02  31     0194060488 29.12.2024 20:11:14.879 0031152685 3491200240

 0001042  TV 264 1 HEX   B3                             0194079218 29.12.2024 20:11:14.898 0031152685 3491390240
 0001043  HU 464 8 HEX   03  24  FF  FF  FF  FF  FF  FF 0194084281 29.12.2024 20:11:14.903 0031152685 3491440240
 0001044  TV 264 4 HEX   23  33  00  00                 0194098842 29.12.2024 20:11:14.918 0031152685 3491590240

 0001045  TV 264 1 HEX   B4                             0194117841 29.12.2024 20:11:14.937 0031152685 3491780240
 0001046  HU 464 2 HEX   14  10                         0194120477 29.12.2024 20:11:14.939 0031152685 3491800240

 0001047  TV 264 1 HEX   B5                             0194137156 29.12.2024 20:11:14.956 0031152685 3491970240
 0001048  HU 464 3 HEX   15  44  03                     0194141502 29.12.2024 20:11:14.960 0031152685 3492010240

 0001049  TV 264 1 HEX   B6                             0194156493 29.12.2024 20:11:14.975 0031152685 3492160240
 0001050  HU 464 2 HEX   16  46                         0194160967 29.12.2024 20:11:14.980 0031152685 3492210240

 0001051  TV 264 1 HEX   B7                             0194175808 29.12.2024 20:11:14.995 0031152685 3492360240
 0001052  HU 464 3 HEX   17  26  02                     0194180503 29.12.2024 20:11:14.999 0031152685 3492400240

 0001053  TV 264 8 HEX   14  47  01  2B  49  4D  41  00 0194195880 29.12.2024 20:11:15.015 0031152685 3492560240 G+IMA
 0001054  HU 464 1 HEX   B5                             0194198369 29.12.2024 20:11:15.017 0031152685 3492580240

 0001055  TV 264 1 HEX   B8                             0194214493 29.12.2024 20:11:15.033 0031152685 3492740240
 0001056  HU 464 3 HEX   18  28  01                     0194218967 29.12.2024 20:11:15.038 0031152685 3492790240
 0001057  TV 264 1 HEX   B9                             0194233792 29.12.2024 20:11:15.053 0031152685 3492940240
 0001058  HU 464 3 HEX   19  2A  01                     0194238285 29.12.2024 20:11:15.057 0031152685 3492980240
 0001059  TV 264 1 HEX   BA                             0194253110 29.12.2024 20:11:15.072 0031152685 3493130240
 0001060  HU 464 3 HEX   1A  40  02                     0194257878 29.12.2024 20:11:15.077 0031152685 3493180240
 0001061  TV 264 1 HEX   BB                             0194272465 29.12.2024 20:11:15.091 0031152685 3493320240
 0001062  HU 464 3 HEX   1B  42  00                     0194277104 29.12.2024 20:11:15.096 0031152685 3493370240
 0001063  TV 264 1 HEX   BC                             0194291783 29.12.2024 20:11:15.111 0031152685 3493520240
 0001064  HU 464 5 HEX   1C  48  00  00  00             0194296643 29.12.2024 20:11:15.116 0031152685 3493570240
 0001065  TV 264 1 HEX   BD                             0194311087 29.12.2024 20:11:15.130 0031152685 3493710240
 0001069  HU 464 3 HEX   1D  2A  01                     0195044890 29.12.2024 20:11:15.864 0031152685 3501050240
 0001070  TV 264 1 HEX   BE                             0195045585 29.12.2024 20:11:15.864 0031152685 3501050240
 0001071  HU 464 3 HEX   1E  26  01                     0195065017 29.12.2024 20:11:15.884 0031152685 3501250240
 0001072  TV 264 1 HEX   BF                             0195065712 29.12.2024 20:11:15.885 0031152685 3501260240
 0001080  TV 264 4 HEX   15  27  02  00                 0196277374 29.12.2024 20:11:17.096 0031152685 3513370240
 0001081  HU 464 1 HEX   B6                             0196279872 29.12.2024 20:11:17.099 0031152685 3513400240
 0001082  HU 464 3 HEX   1F  26  02                     0196301434 29.12.2024 20:11:17.120 0031152685 3513610240
 0001083  TV 264 1 HEX   B0                             0196320321 29.12.2024 20:11:17.139 0031152685 3513800240
 0001084  TV 264 4 HEX   16  27  02  00                 0196321340 29.12.2024 20:11:17.140 0031152685 3513810240
 0001085  HU 464 1 HEX   B7                             0196323728 29.12.2024 20:11:17.143 0031152685 3513840240
 0001093  HU 464 2 HEX   A3  00                         0198765319 29.12.2024 20:11:19.584 0031152685 3538250240
 0001095  TV 264 2 HEX   E1  01                         0198767109 29.12.2024 20:11:19.586 0031152685 3538270240
 0001116  HU 464 2 HEX   A3  00                         0203766714 29.12.2024 20:11:24.586 0031152685 3588270240
 0001118  TV 264 2 HEX   E1  01                         0203768577 29.12.2024 20:11:24.587 0031152685 3588280240
 0001139  HU 464 2 HEX   A3  00                         0208768810 29.12.2024 20:11:29.588 0031152685 3638290240
 0001141  TV 264 2 HEX   E1  01                         0208770618 29.12.2024 20:11:29.590 0031152685 3638310240
 0001162  HU 464 2 HEX   A3  00                         0213770003 29.12.2024 20:11:34.589 0031152685 3688300240
 0001164  TV 264 2 HEX   E1  01                         0213771811 29.12.2024 20:11:34.591 0031152685 3688320240
 0001185  HU 464 2 HEX   A3  00                         0218771691 29.12.2024 20:11:39.591 0031152685 3738320240
 0001187  TV 264 2 HEX   E1  01                         0218773499 29.12.2024 20:11:39.592 0031152685 3738330240
 0001208  HU 464 2 HEX   A3  00                         0223773546 29.12.2024 20:11:44.592 0031152685 3788330240
 0001210  TV 264 2 HEX   E1  01                         0223775354 29.12.2024 20:11:44.594 0031152685 3788350240
 0001233  HU 464 2 HEX   A3  00                         0228776663 29.12.2024 20:11:49.596 0031152685 3838370240
 0001235  TV 264 2 HEX   E1  01                         0228778728 29.12.2024 20:11:49.598 0031152685 3838390240
 0001255  HU 464 2 HEX   A3  00                         0233776847 29.12.2024 20:11:54.596 0031152685 3888370240
 0001257  TV 264 2 HEX   E1  01                         0233778655 29.12.2024 20:11:54.598 0031152685 3888390240
 0001278  HU 464 2 HEX   A3  00                         0238778185 29.12.2024 20:11:59.597 0031152685 3938380240
 0001280  TV 264 2 HEX   E1  01                         0238780067 29.12.2024 20:11:59.599 0031152685 3938400240
 0001301  HU 464 2 HEX   A3  00                         0243779897 29.12.2024 20:12:04.599 0031152685 3988400240
 0001303  TV 264 2 HEX   E1  01                         0243781705 29.12.2024 20:12:04.601 0031152685 3988420240
 0001324  HU 464 2 HEX   A3  00                         0248781529 29.12.2024 20:12:09.600 0031152685 4038410240
 0001326  TV 264 2 HEX   E1  01                         0248783356 29.12.2024 20:12:09.602 0031152685 4038430240
 0001347  HU 464 2 HEX   A3  00                         0253783237 29.12.2024 20:12:14.602 0031152685 4088430240
 0001349  TV 264 2 HEX   E1  01                         0253785045 29.12.2024 20:12:14.604 0031152685 4088450240
 0001370  HU 464 2 HEX   A3  00                         0258784908 29.12.2024 20:12:19.604 0031152685 4138450240
 0001372  TV 264 2 HEX   E1  01                         0258786716 29.12.2024 20:12:19.606 0031152685 4138470240
 0001393  HU 464 2 HEX   A3  00                         0263786596 29.12.2024 20:12:24.605 0031152685 4188460240
 0001395  TV 264 2 HEX   E1  01                         0263788404 29.12.2024 20:12:24.607 0031152685 4188480240
 0001416  HU 464 2 HEX   A3  00                         0268788449 29.12.2024 20:12:29.607 0031152685 4238480240
 0001418  TV 264 2 HEX   E1  01                         0268790514 29.12.2024 20:12:29.609 0031152685 4238500240
 0001438  HU 464 2 HEX   A3  00                         0273789849 29.12.2024 20:12:34.609 0031152685 4288500240
 0001440  TV 264 2 HEX   E1  01                         0273791658 29.12.2024 20:12:34.611 0031152685 4288520240
 0001461  HU 464 2 HEX   A3  00                         0278791483 29.12.2024 20:12:39.610 0031152686 0043542944
 0001463  TV 264 2 HEX   E1  01                         0278793273 29.12.2024 20:12:39.612 0031152686 0043562944
 0001484  HU 464 2 HEX   A3  00                         0283793081 29.12.2024 20:12:44.612 0031152686 0093562944
 0001486  TV 264 2 HEX   E1  01                         0283794907 29.12.2024 20:12:44.614 0031152686 0093582944
 0001507  HU 464 2 HEX   A3  00                         0288794807 29.12.2024 20:12:49.614 0031152686 0143582944
 0001509  TV 264 2 HEX   E1  01                         0288796652 29.12.2024 20:12:49.616 0031152686 0143602944
 0001530  HU 464 2 HEX   A3  00                         0293796368 29.12.2024 20:12:54.615 0031152686 0193592944
 0001532  TV 264 2 HEX   E1  01                         0293798195 29.12.2024 20:12:54.617 0031152686 0193612944
 0001553  HU 464 2 HEX   A3  00                         0298798056 29.12.2024 20:12:59.617 0031152686 0243612944
 0001555  TV 264 2 HEX   E1  01                         0298799882 29.12.2024 20:12:59.619 0031152686 0243632944
 0001576  HU 464 2 HEX   A3  00                         0303799726 29.12.2024 20:13:04.619 0031152686 0293632944
 0001578  TV 264 2 HEX   E1  01                         0303801755 29.12.2024 20:13:04.621 0031152686 0293652944
 0001599  HU 464 2 HEX   A3  00                         0308801360 29.12.2024 20:13:09.620 0031152686 0343642944
 0001601  TV 264 2 HEX   E1  01                         0308803187 29.12.2024 20:13:09.622 0031152686 0343662944
