 0000009  HU 464 3 HEX   E0  01  00                     1669788143 29.12.2024 18:49:06.113 0031152674 1448180496
 0000045  HU 464 3 HEX   E0  01  00                     1670789098 29.12.2024 18:49:07.114 0031152674 1458190496
 0000053  HU 464 3 HEX   E0  01  00                     1671789758 29.12.2024 18:49:08.114 0031152674 1468190496
 0000059  HU 464 3 HEX   E0  01  00                     1672792020 29.12.2024 18:49:09.117 0031152674 1478220496

 0000065  HU 464 3 HEX   E0  01  00                     1673793069 29.12.2024 18:49:10.118 0031152674 1488230496
 0000067  TV 264 3 HEX   A0  01  00                     1673986016 29.12.2024 18:49:10.311 0031152674 1490160496

 0000068  HU 464 2 HEX   A1  01                         1673988714 29.12.2024 18:49:10.313 0031152674 1490180496

 0000070  HU 464 1 HEX   B1                             1673999977 29.12.2024 18:49:10.325 0031152674 1490300496
 0000072  TV 264 1 HEX   B1                             1674005956 29.12.2024 18:49:10.331 0031152674 1490360496

 0000069  TV 264 6 HEX   10  15  01  01  02  02         1673996629 29.12.2024 18:49:10.321 0031152674 1490260496
 0000071  HU 464 3 HEX   10  00  01                     1674003515 29.12.2024 18:49:10.328 0031152674 1490330496

 0000073  TV 264 3 HEX   11  01  01                     1674016029 29.12.2024 18:49:10.341 0031152674 1490460496
 0000075  HU 464 2 HEX   11  08                         1674023000 29.12.2024 18:49:10.348 0031152674 1490530496

 0000074  HU 464 1 HEX   B2                             1674018507 29.12.2024 18:49:10.343 0031152674 1490480496
 0000076  TV 264 1 HEX   B2                             1674026504 29.12.2024 18:49:10.351 0031152674 1490560496

 0000077  HU 464 2 HEX   12  32                         1674030868 29.12.2024 18:49:10.355 0031152674 1490600496
 0000078  TV 264 8 HEX   02  09  01  01  20  00  20  33 1674036577 29.12.2024 18:49:10.361 0031152674 1490660496

 0000079  HU 464 1 HEX   B3                             1674038753 29.12.2024 18:49:10.363 0031152674 1490680496
 0000080  TV 264 1 HEX   B3                             1674045837 29.12.2024 18:49:10.370 0031152674 1490750496

 0000081  HU 464 8 HEX   03  24  FF  FF  FF  FF  FF  FF 1674051009 29.12.2024 18:49:10.376 0031152674 1490810496
 0000082  TV 264 8 HEX   03  39  30  30  00  56  49  54 1674056512 29.12.2024 18:49:10.381 0031152674 1490860496

 0000083  HU 464 1 HEX   B4                             1674058688 29.12.2024 18:49:10.383 0031152674 1490880496
 0000084  TV 264 1 HEX   B4                             1674065790 29.12.2024 18:49:10.390 0031152674 1490950496

 0000085  HU 464 2 HEX   14  10                         1674068611 29.12.2024 18:49:10.393 0031152674 1490980496
 0000086  TV 264 7 HEX   14  00  99  44  01  08  07     1674076433 29.12.2024 18:49:10.401 0031152674 1491060496

 0000087  HU 464 1 HEX   B5                             1674078974 29.12.2024 18:49:10.404 0031152674 1491090496
 0000088  TV 264 1 HEX   B5                             1674085837 29.12.2024 18:49:10.410 0031152674 1491150496

 0000089  HU 464 3 HEX   15  44  03                     1674090348 29.12.2024 18:49:10.415 0031152674 1491200496
 0000092  TV 264 4 HEX   15  33  82  00                 1674106114 29.12.2024 18:49:10.431 0031152674 1491360496


 0000090  TV 264 1 HEX   B6                             1674096666 29.12.2024 18:49:10.421 0031152674 1491260496
 0000091  HU 464 2 HEX   16  46                         1674101067 29.12.2024 18:49:10.426 0031152674 1491310496


 0000093  HU 464 1 HEX   B6                             1674108373 29.12.2024 18:49:10.433 0031152674 1491380496
 0000098  TV 264 3 HEX   16  45  03                     1674135993 29.12.2024 18:49:10.461 0031152674 1491660496

 0000094  TV 264 1 HEX   B7                             1674115788 29.12.2024 18:49:10.440 0031152674 1491450496
 0000095  HU 464 3 HEX   17  26  02                     1674120317 29.12.2024 18:49:10.445 0031152674 1491500496


 0000096  TV 264 1 HEX   B8                             1674125826 29.12.2024 18:49:10.450 0031152674 1491550496
 0000097  HU 464 3 HEX   18  28  01                     1674130319 29.12.2024 18:49:10.455 0031152674 1491600496




 0000099  HU 464 1 HEX   B7                             1674138195 29.12.2024 18:49:10.463 0031152674 1491680496
 0000104  TV 264 8 HEX   07  25  FF  FF  FF  FF  FF  FF 1674166550 29.12.2024 18:49:10.491 0031152674 1491960496

 0000100  TV 264 1 HEX   B9                             1674145775 29.12.2024 18:49:10.470 0031152674 1491750496
 0000101  HU 464 3 HEX   19  2C  02                     1674150341 29.12.2024 18:49:10.475 0031152674 1491800496


 0000102  TV 264 1 HEX   BA                             1674156052 29.12.2024 18:49:10.481 0031152674 1491860496
 0000103  HU 464 3 HEX   1A  2A  02                     1674160674 29.12.2024 18:49:10.485 0031152674 1491900496



 0000105  HU 464 1 HEX   B8                             1674168727 29.12.2024 18:49:10.493 0031152674 1491980496
 0000108  TV 264 2 HEX   18  10                         1674185904 29.12.2024 18:49:10.511 0031152674 1492160496

 0000106  TV 264 1 HEX   BB                             1674175810 29.12.2024 18:49:10.500 0031152674 1492050496
 0000107  HU 464 3 HEX   1B  40  02                     1674180468 29.12.2024 18:49:10.505 0031152674 1492100496



 0000109  HU 464 1 HEX   B9                             1674188875 29.12.2024 18:49:10.513 0031152674 1492180496
 0000114  TV 264 8 HEX   09  47  FF  26  43  68  33  38 1674216463 29.12.2024 18:49:10.541 0031152674 1492460496

 0000110  TV 264 1 HEX   BC                             1674195757 29.12.2024 18:49:10.520 0031152674 1492250496
 0000111  HU 464 3 HEX   1C  42  00                     1674200451 29.12.2024 18:49:10.525 0031152674 1492300496


 0000112  TV 264 1 HEX   BD                             1674205905 29.12.2024 18:49:10.531 0031152674 1492360496
 0000113  HU 464 5 HEX   1D  48  00  00  00             1674211794 29.12.2024 18:49:10.536 0031152674 1492410496



 0000115  HU 464 1 HEX   BA                             1674218621 29.12.2024 18:49:10.543 0031152674 1492480496
 0000117  TV 264 2 HEX   1A  00                         1674235875 29.12.2024 18:49:10.560 0031152674 1492650496

 0000116  TV 264 1 HEX   BE                             1674225760 29.12.2024 18:49:10.550 0031152674 1492550496


 0000118  HU 464 1 HEX   BB                             1674238570 29.12.2024 18:49:10.563 0031152674 1492680496
 0000119  TV 264 4 HEX   1B  29  01  00                 1674256201 29.12.2024 18:49:10.581 0031152674 1492860496


 0000120  HU 464 1 HEX   BC                             1674258442 29.12.2024 18:49:10.583 0031152674 1492880496
 0000121  TV 264 4 HEX   1C  2D  02  00                 1674276109 29.12.2024 18:49:10.601 0031152674 1493060496


 0000122  HU 464 1 HEX   BD                             1674278369 29.12.2024 18:49:10.603 0031152674 1493080496
 0000123  TV 264 4 HEX   1D  41  02  00                 1674296183 29.12.2024 18:49:10.621 0031152674 1493260496


 0000124  HU 464 1 HEX   BE                             1674298442 29.12.2024 18:49:10.623 0031152674 1493280496
 0000125  TV 264 3 HEX   1E  43  00                     1674315963 29.12.2024 18:49:10.641 0031152674 1493460496


 0000126  HU 464 1 HEX   BF                             1674318183 29.12.2024 18:49:10.643 0031152674 1493480496
 0000127  TV 264 3 HEX   1F  49  00                     1674335997 29.12.2024 18:49:10.661 0031152674 1493660496


 0000128  HU 464 1 HEX   B0                             1674338217 29.12.2024 18:49:10.663 0031152674 1493680496
 0000133  TV 264 4 HEX   10  33  82  00                 1674656938 29.12.2024 18:49:10.982 0031152674 1496870496

 0000131  HU 464 2 HEX   A3  00                         1674625712 29.12.2024 18:49:10.950 0031152674 1496550496
 0000132  TV 264 2 HEX   A1  01                         1674635849 29.12.2024 18:49:10.960 0031152674 1496650496



 0000134  HU 464 1 HEX   B1                             1674659436 29.12.2024 18:49:10.984 0031152674 1496890496
 0000139  TV 264 8 HEX   01  47  FF  26  43  68  33  38 1674792581 29.12.2024 18:49:11.117 0031152674 1498220496


 0000140  HU 464 1 HEX   B2                             1674794739 29.12.2024 18:49:11.119 0031152674 1498240496
 0000141  TV 264 2 HEX   12  00                         1674795869 29.12.2024 18:49:11.120 0031152674 1498250496


 0000142  HU 464 1 HEX   B3                             1674798179 29.12.2024 18:49:11.123 0031152674 1498280496
 0000148  TV 264 4 HEX   13  41  01  01                 1674987204 29.12.2024 18:49:11.312 0031152674 1500170496


 0000149  HU 464 1 HEX   B4                             1674989463 29.12.2024 18:49:11.314 0031152674 1500190496
 0000152  TV 264 4 HEX   14  41  01  00                 1675065969 29.12.2024 18:49:11.391 0031152674 1500960496

 0000150  HU 464 3 HEX   1E  40  01                     1675054148 29.12.2024 18:49:11.379 0031152674 1500840496

 0000151  TV 264 1 HEX   BF                             1675055744 29.12.2024 18:49:11.380 0031152674 1500850496


 0000153  HU 464 1 HEX   B5                             1675068357 29.12.2024 18:49:11.393 0031152674 1500980496
 0000156  TV 264 8 HEX   05  47  FF  26  43  68  33  38 1675759117 29.12.2024 18:49:12.084 0031152674 1507890496


 0000157  HU 464 1 HEX   B6                             1675761605 29.12.2024 18:49:12.086 0031152674 1507910496
 0000158  TV 264 2 HEX   16  00                         1675765730 29.12.2024 18:49:12.090 0031152674 1507950496


 0000159  HU 464 1 HEX   B7                             1675768738 29.12.2024 18:49:12.093 0031152674 1507980496
 0000163  TV 264 4 HEX   17  33  82  00                 1676069091 29.12.2024 18:49:12.394 0031152674 1510990496


 0000164  HU 464 1 HEX   B8                             1676071351 29.12.2024 18:49:12.396 0031152674 1511010496
 0000165  TV 264 3 HEX   18  2B  02                     1676109065 29.12.2024 18:49:12.434 0031152674 1511390496

 0000166  HU 464 1 HEX   B9                             1676111285 29.12.2024 18:49:12.436 0031152674 1511410496
 0000169  TV 264 4 HEX   19  33  82  00                 1676697711 29.12.2024 18:49:13.022 0031152674 1517270496

 0000170  HU 464 1 HEX   BA                             1676699971 29.12.2024 18:49:13.025 0031152674 1517300496
 0000173  TV 264 4 HEX   1A  33  82  00                 1676927530 29.12.2024 18:49:13.252 0031152674 1519570496

 0000174  HU 464 1 HEX   BB                             1676930561 29.12.2024 18:49:13.255 0031152674 1519600496
 0000186  TV 264 4 HEX   1B  33  82  00                 1679172701 29.12.2024 18:49:15.497 0031152674 1542020496

 0000187  HU 464 1 HEX   BC                             1679175291 29.12.2024 18:49:15.500 0031152674 1542050496
 0000188  TV 264 4 HEX   1C  33  82  00                 1679195365 29.12.2024 18:49:15.520 0031152674 1542250496

 0000189  HU 464 1 HEX   BD                             1679198028 29.12.2024 18:49:15.523 0031152674 1542280496
 0000204  TV 264 4 HEX   1D  33  82  00                 1681656127 29.12.2024 18:49:17.981 0031152674 1566860496

 0000191  HU 464 2 HEX   A3  00                         1679625803 29.12.2024 18:49:15.950 0031152674 1546550496
 0000193  TV 264 2 HEX   A1  01                         1679635089 29.12.2024 18:49:15.960 0031152674 1546650496

 0000206  HU 464 1 HEX   BE                             1681658760 29.12.2024 18:49:17.983 0031152674 1566880496
 0000211  TV 264 4 HEX   1E  33  82  00                 1682936105 29.12.2024 18:49:19.261 0031152674 1579660496

 0000212  HU 464 1 HEX   BF                             1682939375 29.12.2024 18:49:19.264 0031152674 1579690496
 0000228  TV 264 4 HEX   1F  33  82  00                 1685439912 29.12.2024 18:49:21.765 0031152674 1604700496

 0000218  HU 464 2 HEX   A3  00                         1684628004 29.12.2024 18:49:20.953 0031152674 1596580496
 0000220  TV 264 2 HEX   A1  01                         1684634131 29.12.2024 18:49:20.959 0031152674 1596640496
 0000229  HU 464 1 HEX   B0                             1685442410 29.12.2024 18:49:21.767 0031152674 1604720496
 0000238  TV 264 4 HEX   10  33  82  00                 1688000105 29.12.2024 18:49:24.325 0031152674 1630300496

 0000239  HU 464 1 HEX   B1                             1688002658 29.12.2024 18:49:24.327 0031152674 1630320496
 0000255  TV 264 4 HEX   11  33  82  00                 1690559678 29.12.2024 18:49:26.884 0031152674 1655890496

 0000247  HU 464 2 HEX   A3  00                         1689629946 29.12.2024 18:49:25.955 0031152674 1646600496
 0000249  TV 264 2 HEX   A1  01                         1689633335 29.12.2024 18:49:25.958 0031152674 1646630496

 0000256  HU 464 1 HEX   B2                             1690561900 29.12.2024 18:49:26.887 0031152674 1655920496
 0000265  TV 264 4 HEX   12  33  82  00                 1693121266 29.12.2024 18:49:29.446 0031152674 1681510496

 0000266  HU 464 1 HEX   B3                             1693123819 29.12.2024 18:49:29.448 0031152674 1681530496
 0000288  TV 264 4 HEX   13  33  82  00                 1695680852 29.12.2024 18:49:32.005 0031152674 1707100496

 0000274  HU 464 2 HEX   A3  00                         1694631468 29.12.2024 18:49:30.956 0031152674 1696610496
 0000276  TV 264 2 HEX   A1  01                         1694633331 29.12.2024 18:49:30.958 0031152674 1696630496

 0000289  HU 464 1 HEX   B4                             1695683810 29.12.2024 18:49:32.008 0031152674 1707130496
 0000296  TV 264 4 HEX   14  33  82  00                 1698240423 29.12.2024 18:49:34.565 0031152674 1732700496

 0000297  HU 464 1 HEX   B5                             1698242682 29.12.2024 18:49:34.567 0031152674 1732720496
 0000315  TV 264 4 HEX   15  33  82  00                 1700800983 29.12.2024 18:49:37.126 0031152674 1758310496

 0000305  HU 464 2 HEX   A3  00                         1699633226 29.12.2024 18:49:35.958 0031152674 1746630496
 0000307  TV 264 2 HEX   A1  01                         1699641668 29.12.2024 18:49:35.966 0031152674 1746710496


 0000316  HU 464 1 HEX   B6                             1700803261 29.12.2024 18:49:37.128 0031152674 1758330496
 0000323  TV 264 4 HEX   16  33  82  00                 1703360658 29.12.2024 18:49:39.685 0031152674 1783900496

 0000324  HU 464 1 HEX   B7                             1703363156 29.12.2024 18:49:39.688 0031152674 1783930496
 0000342  TV 264 4 HEX   17  33  82  00                 1705921150 29.12.2024 18:49:42.246 0031152674 1809510496

 0000332  HU 464 2 HEX   A3  00                         1704634782 29.12.2024 18:49:40.959 0031152674 1796640496
 0000334  TV 264 2 HEX   A1  01                         1704640890 29.12.2024 18:49:40.966 0031152674 1796710496


 0000343  HU 464 1 HEX   B8                             1705923667 29.12.2024 18:49:42.248 0031152674 1809530496
 0000350  TV 264 4 HEX   18  33  82  00                 1708480735 29.12.2024 18:49:44.805 0031152674 1835100496


 0000351  HU 464 1 HEX   B9                             1708482957 29.12.2024 18:49:44.808 0031152674 1835130496

 0000358  HU 464 2 HEX   A3  00                         1709636420 29.12.2024 18:49:45.961 0031152674 1846660496
 0000360  TV 264 2 HEX   A1  01                         1709640084 29.12.2024 18:49:45.965 0031152674 1846700496
