 0000008  TV 264 4 HEX   10  33  0B  00                 1761533030 29.12.2024 18:50:37.858 0031152674 2365630496
 0000009  HU 464 1 HEX   B1                             1761535271 29.12.2024 18:50:37.860 0031152674 2365650496
 0000017  TV 264 4 HEX   11  33  0B  00                 1764092627 29.12.2024 18:50:40.417 0031152674 2391220496
 0000018  HU 464 1 HEX   B2                             1764094850 29.12.2024 18:50:40.419 0031152674 2391240496

 0000022  HU 464 2 HEX   A3  00                         1764655215 29.12.2024 18:50:40.980 0031152674 2396850496
 0000024  TV 264 2 HEX   A1  01                         1764661029 29.12.2024 18:50:40.986 0031152674 2396910496

 0000035  TV 264 4 HEX   12  33  0B  00                 1766653201 29.12.2024 18:50:42.978 0031152674 2416830496
 0000036  HU 464 1 HEX   B3                             1766655515 29.12.2024 18:50:42.980 0031152674 2416850496

 0000046  TV 264 4 HEX   13  33  0B  00                 1769213785 29.12.2024 18:50:45.538 0031152674 2442430496
 0000047  HU 464 1 HEX   B4                             1769216045 29.12.2024 18:50:45.541 0031152674 2442460496

 0000049  HU 464 2 HEX   A3  00                         1769656810 29.12.2024 18:50:45.981 0031152674 2446860496
 0000051  TV 264 2 HEX   A1  01                         1769660162 29.12.2024 18:50:45.985 0031152674 2446900496

 0000062  TV 264 4 HEX   14  33  0B  00                 1771773349 29.12.2024 18:50:48.098 0031152674 2468030496
 0000063  HU 464 1 HEX   B5                             1771775829 29.12.2024 18:50:48.100 0031152674 2468050496

 0000073  TV 264 4 HEX   15  33  0B  00                 1774333954 29.12.2024 18:50:50.659 0031152674 2493640496
 0000074  HU 464 1 HEX   B6                             1774336195 29.12.2024 18:50:50.661 0031152674 2493660496

 0000076  HU 464 2 HEX   A3  00                         1774658497 29.12.2024 18:50:50.983 0031152674 2496880496
 0000078  TV 264 2 HEX   A1  01                         1774669401 29.12.2024 18:50:50.994 0031152674 2496990496


 0000089  TV 264 4 HEX   16  33  0B  00                 1776893460 29.12.2024 18:50:53.218 0031152674 2519230496
 0000090  HU 464 1 HEX   B7                             1776895701 29.12.2024 18:50:53.220 0031152674 2519250496

 0000100  TV 264 4 HEX   17  33  0B  00                 1779454070 29.12.2024 18:50:55.779 0031152674 2544840496
 0000101  HU 464 1 HEX   B8                             1779456385 29.12.2024 18:50:55.781 0031152674 2544860496

 0000103  HU 464 2 HEX   A3  00                         1779660370 29.12.2024 18:50:55.985 0031152674 2546900496
 0000105  TV 264 2 HEX   A1  01                         1779668554 29.12.2024 18:50:55.993 0031152674 2546980496

 0000116  TV 264 4 HEX   18  33  0B  00                 1782013779 29.12.2024 18:50:58.338 0031152674 2570430496
 0000117  HU 464 1 HEX   B9                             1782016001 29.12.2024 18:50:58.341 0031152674 2570460496

 0000127  TV 264 4 HEX   19  33  0B  00                 1784574332 29.12.2024 18:51:00.899 0031152674 2596040496
 0000128  HU 464 1 HEX   BA                             1784576554 29.12.2024 18:51:00.901 0031152674 2596060496

 0000130  HU 464 2 HEX   A3  00                         1784661763 29.12.2024 18:51:00.986 0031152674 2596910496
 0000132  TV 264 2 HEX   A1  01                         1784667705 29.12.2024 18:51:00.992 0031152674 2596970496
