 0000118  TV 264 4 HEX   14  33  0B  00                 0032910198 29.12.2024 19:34:47.830 0031152680 3095546720

 0000119  HU 464 1 HEX   B5                             0032912439 29.12.2024 19:34:47.832 0031152680 3095566720
 0000130  TV 264 4 HEX   15  33  0B  00                 0035469778 29.12.2024 19:34:50.390 0031152680 3121146720

 0000121  HU 464 2 HEX   A3  00                         0033198635 29.12.2024 19:34:48.118 0031152680 3098426720
 0000123  TV 264 2 HEX   A1  01                         0033203696 29.12.2024 19:34:48.123 0031152680 3098476720

 0000131  HU 464 1 HEX   B6                             0035472019 29.12.2024 19:34:50.392 0031152680 3121166720
 0000145  TV 264 4 HEX   16  33  0B  00                 0038029410 29.12.2024 19:34:52.949 0031152680 3146736720

 0000146  HU 464 1 HEX   B7                             0038031632 29.12.2024 19:34:52.951 0031152680 3146756720
 0000159  TV 264 4 HEX   17  33  0B  00                 0040590105 29.12.2024 19:34:55.510 0031152680 3172346720

 0000148  HU 464 2 HEX   A3  00                         0038199841 29.12.2024 19:34:53.120 0031152680 3148446720
 0000150  TV 264 2 HEX   A1  01                         0038202862 29.12.2024 19:34:53.123 0031152680 3148476720

 0000160  HU 464 1 HEX   B8                             0040592346 29.12.2024 19:34:55.512 0031152680 3172366720
 0000172  TV 264 4 HEX   18  33  0B  00                 0043150624 29.12.2024 19:34:58.070 0031152680 3197946720

 0000173  HU 464 1 HEX   B9                             0043152846 29.12.2024 19:34:58.073 0031152680 3197976720
 0000186  TV 264 4 HEX   19  33  0B  00                 0045710145 29.12.2024 19:35:00.630 0031152680 3223546720

 0000175  HU 464 2 HEX   A3  00                         0043201506 29.12.2024 19:34:58.121 0031152680 3198456720
 0000177  TV 264 2 HEX   A1  01                         0043212079 29.12.2024 19:34:58.132 0031152680 3198566720

 0000187  HU 464 1 HEX   BA                             0045712624 29.12.2024 19:35:00.632 0031152680 3223566720
 0000203  TV 264 4 HEX   1A  33  0B  00                 0048269741 29.12.2024 19:35:03.190 0031152680 3249146720

 0000200  HU 464 2 HEX   A3  00                         0048203423 29.12.2024 19:35:03.123 0031152680 3248476720
 0000202  TV 264 2 HEX   A1  01                         0048211295 29.12.2024 19:35:03.131 0031152680 3248556720

 0000204  HU 464 1 HEX   BB                             0048271981 29.12.2024 19:35:03.192 0031152680 3249166720
 0000213  TV 264 4 HEX   1B  33  0B  00                 0050830331 29.12.2024 19:35:05.750 0031152680 3274746720

 0000214  HU 464 1 HEX   BC                             0050832590 29.12.2024 19:35:05.752 0031152680 3274766720
 0000230  TV 264 4 HEX   1C  33  0B  00                 0053390866 29.12.2024 19:35:08.311 0031152680 3300356720

 0000227  HU 464 2 HEX   A3  00                         0053204853 29.12.2024 19:35:08.125 0031152680 3298496720
 0000229  TV 264 2 HEX   A1  01                         0053210447 29.12.2024 19:35:08.130 0031152680 3298546720

 0000231  HU 464 1 HEX   BD                             0053393162 29.12.2024 19:35:08.313 0031152680 3300376720
 0000240  TV 264 4 HEX   1D  33  0B  00                 0055950464 29.12.2024 19:35:10.870 0031152680 3325946720

 0000241  HU 464 1 HEX   BE                             0055952944 29.12.2024 19:35:10.873 0031152680 3325976720
 0000259  TV 264 4 HEX   1E  33  0B  00                 0058510114 29.12.2024 19:35:13.430 0031152680 3351546720

 0000254  HU 464 2 HEX   A3  00                         0058206486 29.12.2024 19:35:13.126 0031152680 3348506720
 0000256  TV 264 2 HEX   A1  01                         0058209654 29.12.2024 19:35:13.129 0031152680 3348536720

 0000260  HU 464 1 HEX   BF                             0058512368 29.12.2024 19:35:13.432 0031152680 3351566720
 0000267  TV 264 4 HEX   1F  33  0B  00                 0061070653 29.12.2024 19:35:15.990 0031152680 3377146720

 0000268  HU 464 1 HEX   B0                             0061073188 29.12.2024 19:35:15.993 0031152680 3377176720
 0000286  TV 264 4 HEX   10  33  0B  00                 0063631252 29.12.2024 19:35:18.551 0031152680 3402756720

 0000281  HU 464 2 HEX   A3  00                         0063208154 29.12.2024 19:35:18.128 0031152680 3398526720
 0000283  TV 264 2 HEX   A1  01                         0063218856 29.12.2024 19:35:18.139 0031152680 3398636720

 0000287  HU 464 1 HEX   B1                             0063633493 29.12.2024 19:35:18.553 0031152680 3402776720
 0000294  TV 264 4 HEX   11  33  0B  00                 0066191907 29.12.2024 19:35:21.112 0031152680 3428366720

 0000295  HU 464 1 HEX   B2                             0066194148 29.12.2024 19:35:21.114 0031152680 3428386720
 0000313  TV 264 4 HEX   12  33  0B  00                 0068753516 29.12.2024 19:35:23.673 0031152680 3453976720

 0000307  HU 464 2 HEX   A3  00                         0068209792 29.12.2024 19:35:23.130 0031152680 3448546720
 0000309  TV 264 2 HEX   A1  01                         0068218068 29.12.2024 19:35:23.138 0031152680 3448626720

 0000314  HU 464 1 HEX   B3                             0068755775 29.12.2024 19:35:23.676 0031152680 3454006720
 0000321  TV 264 4 HEX   13  33  0B  00                 0071312993 29.12.2024 19:35:26.233 0031152680 3479576720

 0000322  HU 464 1 HEX   B4                             0071315252 29.12.2024 19:35:26.235 0031152680 3479596720
 0000340  TV 264 4 HEX   14  33  0B  00                 0073872597 29.12.2024 19:35:28.792 0031152680 3505166720

 0000334  HU 464 2 HEX   A3  00                         0073211457 29.12.2024 19:35:28.131 0031152680 3498556720
 0000336  TV 264 2 HEX   A1  01                         0073217271 29.12.2024 19:35:28.137 0031152680 3498616720

 0000341  HU 464 1 HEX   B5                             0073874838 29.12.2024 19:35:28.795 0031152680 3505196720
 0000350  TV 264 4 HEX   15  33  0B  00                 0076432164 29.12.2024 19:35:31.352 0031152680 3530766720

 0000351  HU 464 1 HEX   B6                             0076434423 29.12.2024 19:35:31.354 0031152680 3530786720
 0000367  TV 264 4 HEX   16  33  0B  00                 0078991884 29.12.2024 19:35:33.912 0031152680 3556366720

 0000361  HU 464 2 HEX   A3  00                         0078213051 29.12.2024 19:35:33.133 0031152680 3548576720
 0000363  TV 264 2 HEX   A1  01                         0078216421 29.12.2024 19:35:33.136 0031152680 3548606720

 0000368  HU 464 1 HEX   B7                             0078994106 29.12.2024 19:35:33.914 0031152680 3556386720
 0000377  TV 264 4 HEX   17  33  0B  00                 0081551323 29.12.2024 19:35:36.471 0031152680 3581956720

 0000394  TV 264 4 HEX   18  33  0B  00                 0084112992 29.12.2024 19:35:39.033 0031152680 3607576720
 0000378  HU 464 1 HEX   B8                             0081553711 29.12.2024 19:35:36.473 0031152680 3581976720

 0000388  HU 464 2 HEX   A3  00                         0083214720 29.12.2024 19:35:38.134 0031152680 3598586720
 0000390  TV 264 2 HEX   A1  01                         0083225807 29.12.2024 19:35:38.146 0031152680 3598706720

 0000395  HU 464 1 HEX   B9                             0084115233 29.12.2024 19:35:39.035 0031152680 3607596720
 0000404  TV 264 4 HEX   19  33  0B  00                 0086673569 29.12.2024 19:35:41.593 0031152680 3633176720

 0000405  HU 464 1 HEX   BA                             0086675791 29.12.2024 19:35:41.596 0031152680 3633206720
 0000421  TV 264 4 HEX   1A  33  0B  00                 0089233160 29.12.2024 19:35:44.153 0031152680 3658776720

 0000415  HU 464 2 HEX   A3  00                         0088216352 29.12.2024 19:35:43.136 0031152680 3648606720
 0000417  TV 264 2 HEX   A1  01                         0088224812 29.12.2024 19:35:43.145 0031152680 3648696720

 0000422  HU 464 1 HEX   BB                             0089235420 29.12.2024 19:35:44.155 0031152680 3658796720
 0000431  TV 264 4 HEX   1B  33  0B  00                 0091792910 29.12.2024 19:35:46.713 0031152680 3684376720

 0000432  HU 464 1 HEX   BC                             0091795151 29.12.2024 19:35:46.715 0031152680 3684396720
 0000450  TV 264 4 HEX   1C  33  0B  00                 0094352333 29.12.2024 19:35:49.272 0031152680 3709966720

 0000442  HU 464 2 HEX   A3  00                         0093217983 29.12.2024 19:35:48.138 0031152680 3698626720
 0000444  TV 264 2 HEX   A1  01                         0093223999 29.12.2024 19:35:48.144 0031152680 3698686720

 0000451  HU 464 1 HEX   BD                             0094354593 29.12.2024 19:35:49.274 0031152680 3709986720
 0000462  TV 264 4 HEX   1D  33  0B  00                 0096912870 29.12.2024 19:35:51.833 0031152680 3735576720

 0000463  HU 464 1 HEX   BE                             0096915386 29.12.2024 19:35:51.835 0031152680 3735596720
 0000477  TV 264 4 HEX   1E  33  0B  00                 0099472448 29.12.2024 19:35:54.392 0031152680 3761166720

 0000469  HU 464 2 HEX   A3  00                         0098219652 29.12.2024 19:35:53.139 0031152680 3748636720
 0000471  TV 264 2 HEX   A1  01                         0098223206 29.12.2024 19:35:53.143 0031152680 3748676720

 0000478  HU 464 1 HEX   BF                             0099474707 29.12.2024 19:35:54.394 0031152680 3761186720
 0000489  TV 264 4 HEX   1F  33  0B  00                 0102034088 29.12.2024 19:35:56.954 0031152680 3786786720

 0000490  HU 464 1 HEX   B0                             0102036329 29.12.2024 19:35:56.956 0031152680 3786806720

 0000498  HU 464 2 HEX   A3  00                         0103221279 29.12.2024 19:35:58.141 0031152680 3798656720
 0000500  TV 264 2 HEX   A1  01                         0103223087 29.12.2024 19:35:58.143 0031152680 3798676720

 0000504  TV 264 4 HEX   10  33  0B  00                 0104594691 29.12.2024 19:35:59.514 0031152680 3812386720
 0000505  HU 464 1 HEX   B1                             0104597171 29.12.2024 19:35:59.517 0031152680 3812416720
 0000516  TV 264 4 HEX   11  33  0B  00                 0107155357 29.12.2024 19:36:02.075 0031152680 3837996720
 0000517  HU 464 1 HEX   B2                             0107157579 29.12.2024 19:36:02.077 0031152680 3838016720

 0000524  HU 464 2 HEX   A3  00                         0108222913 29.12.2024 19:36:03.143 0031152680 3848676720
 0000526  TV 264 2 HEX   A1  01                         0108231557 29.12.2024 19:36:03.151 0031152680 3848756720

 0000531  TV 264 4 HEX   12  33  0B  00                 0109714766 29.12.2024 19:36:04.635 0031152680 3863596720
 0000532  HU 464 1 HEX   B3                             0109717025 29.12.2024 19:36:04.637 0031152680 3863616720
 0000545  TV 264 4 HEX   13  33  0B  00                 0112274493 29.12.2024 19:36:07.194 0031152680 3889186720
 0000546  HU 464 1 HEX   B4                             0112276752 29.12.2024 19:36:07.197 0031152680 3889216720

 0000551  HU 464 2 HEX   A3  00                         0113225041 29.12.2024 19:36:08.145 0031152680 3898696720
 0000553  TV 264 2 HEX   A1  01                         0113230763 29.12.2024 19:36:08.151 0031152680 3898756720

 0000558  TV 264 4 HEX   14  33  0B  00                 0114833980 29.12.2024 19:36:09.754 0031152680 3914786720
 0000559  HU 464 1 HEX   B5                             0114836221 29.12.2024 19:36:09.756 0031152680 3914806720

 0000572  TV 264 4 HEX   15  33  0B  00                 0117393523 29.12.2024 19:36:12.313 0031152680 3940376720
 0000573  HU 464 1 HEX   B6                             0117396039 29.12.2024 19:36:12.316 0031152680 3940406720

 0000578  HU 464 2 HEX   A3  00                         0118226362 29.12.2024 19:36:13.146 0031152680 3948706720
 0000580  TV 264 2 HEX   A1  01                         0118229916 29.12.2024 19:36:13.150 0031152680 3948746720

 0000585  TV 264 4 HEX   16  33  0B  00                 0119954132 29.12.2024 19:36:14.874 0031152680 3965986720
 0000586  HU 464 1 HEX   B7                             0119956373 29.12.2024 19:36:14.876 0031152680 3966006720

 0000599  TV 264 4 HEX   17  33  0B  00                 0122513749 29.12.2024 19:36:17.434 0031152680 3991586720
 0000600  HU 464 1 HEX   B8                             0122516265 29.12.2024 19:36:17.436 0031152680 3991606720

 0000605  HU 464 2 HEX   A3  00                         0123227959 29.12.2024 19:36:18.148 0031152680 3998726720
 0000607  TV 264 2 HEX   A1  01                         0123229804 29.12.2024 19:36:18.150 0031152680 3998746720

 0000612  TV 264 4 HEX   18  33  0B  00                 0125074341 29.12.2024 19:36:19.994 0031152680 4017186720
 0000613  HU 464 1 HEX   B9                             0125076564 29.12.2024 19:36:19.996 0031152680 4017206720
 0000626  TV 264 4 HEX   19  33  0B  00                 0127634893 29.12.2024 19:36:22.555 0031152680 4042796720
 0000627  HU 464 1 HEX   BA                             0127637115 29.12.2024 19:36:22.557 0031152680 4042816720

 0000632  HU 464 2 HEX   A3  00                         0128229647 29.12.2024 19:36:23.149 0031152680 4048736720
 0000634  TV 264 2 HEX   A1  01                         0128238328 29.12.2024 19:36:23.158 0031152680 4048826720

 0000641  TV 264 4 HEX   1A  33  0B  00                 0130194650 29.12.2024 19:36:25.114 0031152680 4068386720
 0000642  HU 464 1 HEX   BB                             0130196891 29.12.2024 19:36:25.117 0031152680 4068416720
 0000653  TV 264 4 HEX   1B  33  0B  00                 0132754236 29.12.2024 19:36:27.674 0031152680 4093986720
 0000654  HU 464 1 HEX   BC                             0132756624 29.12.2024 19:36:27.676 0031152680 4094006720

 0000659  HU 464 2 HEX   A3  00                         0133231280 29.12.2024 19:36:28.151 0031152680 4098756720
 0000661  TV 264 2 HEX   A1  01                         0133237517 29.12.2024 19:36:28.157 0031152680 4098816720

 0000668  TV 264 4 HEX   1C  33  0B  00                 0135314619 29.12.2024 19:36:30.234 0031152680 4119586720
 0000669  HU 464 1 HEX   BD                             0135316878 29.12.2024 19:36:30.237 0031152680 4119616720
 0000680  TV 264 4 HEX   1D  33  0B  00                 0137875250 29.12.2024 19:36:32.795 0031152680 4145196720
 0000681  HU 464 1 HEX   BE                             0137877491 29.12.2024 19:36:32.797 0031152680 4145216720

 0000686  HU 464 2 HEX   A3  00                         0138232971 29.12.2024 19:36:33.153 0031152680 4148776720
 0000688  TV 264 2 HEX   A1  01                         0138236892 29.12.2024 19:36:33.157 0031152680 4148816720

 0000695  TV 264 4 HEX   1E  33  0B  00                 0140434803 29.12.2024 19:36:35.355 0031152680 4170796720
 0000696  HU 464 1 HEX   BF                             0140437081 29.12.2024 19:36:35.357 0031152680 4170816720
 0000707  TV 264 4 HEX   1F  33  0B  00                 0142995563 29.12.2024 19:36:37.915 0031152680 4196396720
 0000708  HU 464 1 HEX   B0                             0142997804 29.12.2024 19:36:37.918 0031152680 4196426720

 0000713  HU 464 2 HEX   A3  00                         0143234637 29.12.2024 19:36:38.154 0031152680 4198786720
 0000715  TV 264 2 HEX   A1  01                         0143236427 29.12.2024 19:36:38.156 0031152680 4198806720

 0000722  TV 264 4 HEX   10  33  0B  00                 0145555099 29.12.2024 19:36:40.475 0031152680 4221996720
 0000723  HU 464 1 HEX   B1                             0145557322 29.12.2024 19:36:40.477 0031152680 4222016720
 0000736  TV 264 4 HEX   11  33  0B  00                 0148115675 29.12.2024 19:36:43.035 0031152680 4247596720
 0000737  HU 464 1 HEX   B2                             0148117898 29.12.2024 19:36:43.038 0031152680 4247626720

 0000739  HU 464 2 HEX   A3  00                         0148236255 29.12.2024 19:36:43.156 0031152680 4248806720
 0000741  TV 264 2 HEX   A1  01                         0148245083 29.12.2024 19:36:43.165 0031152680 4248896720

 0000749  TV 264 4 HEX   12  33  0B  00                 0150675544 29.12.2024 19:36:45.595 0031152680 4273196720
 0000750  HU 464 1 HEX   B3                             0150677803 29.12.2024 19:36:45.598 0031152680 4273226720
 0000763  TV 264 4 HEX   13  33  0B  00                 0153235771 29.12.2024 19:36:48.156 0031152681 0003839424
 0000767  HU 464 1 HEX   B4                             0153241082 29.12.2024 19:36:48.161 0031152681 0003889424

 0000765  HU 464 2 HEX   A3  00                         0153239366 29.12.2024 19:36:48.159 0031152681 0003869424
 0000768  TV 264 2 HEX   A1  01                         0153244307 29.12.2024 19:36:48.164 0031152681 0003919424

 0000776  TV 264 4 HEX   14  33  0B  00                 0155795327 29.12.2024 19:36:50.715 0031152681 0029429424
 0000777  HU 464 1 HEX   B5                             0155798046 29.12.2024 19:36:50.718 0031152681 0029459424

 0000791  HU 464 2 HEX   A3  00                         0158239567 29.12.2024 19:36:53.159 0031152681 0053869424
 0000793  TV 264 2 HEX   A1  01                         0158243451 29.12.2024 19:36:53.163 0031152681 0053909424

 0000794  TV 264 4 HEX   15  33  0B  00                 0158355938 29.12.2024 19:36:53.276 0031152681 0055039424
 0000795  HU 464 1 HEX   B6                             0158358179 29.12.2024 19:36:53.278 0031152681 0055059424
 0000804  TV 264 4 HEX   16  33  0B  00                 0160917378 29.12.2024 19:36:55.837 0031152681 0080649424
 0000806  HU 464 1 HEX   B7                             0160921392 29.12.2024 19:36:55.841 0031152681 0080689424

 0000818  HU 464 2 HEX   A3  00                         0163241163 29.12.2024 19:36:58.161 0031152681 0103889424
 0000820  TV 264 2 HEX   A1  01                         0163242952 29.12.2024 19:36:58.163 0031152681 0103909424

 0000821  TV 264 4 HEX   17  33  0B  00                 0163476122 29.12.2024 19:36:58.396 0031152681 0106239424
 0000822  HU 464 1 HEX   B8                             0163478362 29.12.2024 19:36:58.398 0031152681 0106259424
 0000832  TV 264 4 HEX   18  33  0B  00                 0166036879 29.12.2024 19:37:00.957 0031152681 0131849424
 0000833  HU 464 1 HEX   B9                             0166039212 29.12.2024 19:37:00.959 0031152681 0131869424

 0000845  HU 464 2 HEX   A3  00                         0168242907 29.12.2024 19:37:03.163 0031152681 0153909424
 0000847  TV 264 2 HEX   A1  01                         0168251844 29.12.2024 19:37:03.172 0031152681 0153999424

 0000848  TV 264 4 HEX   19  33  0B  00                 0168596274 29.12.2024 19:37:03.516 0031152681 0157439424
 0000849  HU 464 1 HEX   BA                             0168598497 29.12.2024 19:37:03.518 0031152681 0157459424

 0000859  TV 264 4 HEX   1A  33  0B  00                 0171156901 29.12.2024 19:37:06.077 0031152681 0183049424
 0000860  HU 464 1 HEX   BB                             0171159142 29.12.2024 19:37:06.079 0031152681 0183069424

 0000872  HU 464 2 HEX   A3  00                         0173244611 29.12.2024 19:37:08.164 0031152681 0203919424
 0000874  TV 264 2 HEX   A1  01                         0173251031 29.12.2024 19:37:08.171 0031152681 0203989424

 0000875  TV 264 4 HEX   1B  33  0B  00                 0173716460 29.12.2024 19:37:08.636 0031152681 0208639424
 0000876  HU 464 1 HEX   BC                             0173718701 29.12.2024 19:37:08.638 0031152681 0208659424
