 0000007  HU 464 3 HEX   E0  01  00                     1452806800 28.12.2024 21:39:30.707 0031152496 4198299184
 0000045  HU 464 3 HEX   E0  01  00                     1453808379 28.12.2024 21:39:31.709 0031152496 4208319184
 0000053  HU 464 3 HEX   E0  01  00                     1454810141 28.12.2024 21:39:32.711 0031152496 4218339184
 0000059  HU 464 3 HEX   E0  01  00                     1455811796 28.12.2024 21:39:33.712 0031152496 4228349184
 0000065  HU 464 3 HEX   E0  01  00                     1456813047 28.12.2024 21:39:34.713 0031152496 4238359184
 0000073  HU 464 3 HEX   E0  01  00                     1457814269 28.12.2024 21:39:35.715 0031152496 4248379184
 0000083  HU 464 3 HEX   E0  01  00                     1458815536 28.12.2024 21:39:36.716 0031152496 4258389184
 0000089  HU 464 3 HEX   E0  01  00                     1459816844 28.12.2024 21:39:37.717 0031152496 4268399184
 0000095  HU 464 3 HEX   E0  01  00                     1460818133 28.12.2024 21:39:38.719 0031152496 4278419184
 0000101  HU 464 3 HEX   E0  01  00                     1461819698 28.12.2024 21:39:39.720 0031152496 4288429184
 0000103  TV 264 3 HEX   E0  01  00                     1462026777 28.12.2024 21:39:39.927 0031152496 4290499184

 0000104  HU 464 2 HEX   E1  01                         1462029420 28.12.2024 21:39:39.930 0031152496 4290529184
 0000105  TV 264 7 HEX   10  15  01  00  02  00  00     1462042020 28.12.2024 21:39:39.942 0031152496 4290649184

 0000106  HU 464 1 HEX   B1                             1462045241 28.12.2024 21:39:39.946 0031152496 4290689184
 0000107  HU 464 3 HEX   10  00  01                     1462048668 28.12.2024 21:39:39.949 0031152496 4290719184

 0000108  TV 264 1 HEX   B0                             1462060664 28.12.2024 21:39:39.961 0031152496 4290839184
 0000109  TV 264 1 HEX   B1                             1462080003 28.12.2024 21:39:39.980 0031152496 4291029184
 0000110  TV 264 3 HEX   11  01  01                     1462099545 28.12.2024 21:39:40.000 0031152496 4291229184

 0000111  HU 464 1 HEX   B2                             1462101747 28.12.2024 21:39:40.002 0031152496 4291249184
 0000112  HU 464 2 HEX   11  08                         1462105468 28.12.2024 21:39:40.006 0031152496 4291289184

 0000113  TV 264 1 HEX   B2                             1462118674 28.12.2024 21:39:40.019 0031152496 4291419184
 0000114  HU 464 2 HEX   12  32                         1462123019 28.12.2024 21:39:40.023 0031152496 4291459184
 0000115  TV 264 7 HEX   22  09  01  42  50  02  31     1462138614 28.12.2024 21:39:40.039 0031152496 4291619184

 0000116  TV 264 1 HEX   B3                             1462157326 28.12.2024 21:39:40.058 0031152496 4291809184
 0000117  HU 464 8 HEX   03  24  FF  FF  FF  FF  FF  FF 1462162535 28.12.2024 21:39:40.063 0031152496 4291859184
 0000118  TV 264 4 HEX   23  33  00  00                 1462176949 28.12.2024 21:39:40.077 0031152496 4291999184

 0000119  TV 264 1 HEX   B4                             1462195967 28.12.2024 21:39:40.096 0031152496 4292189184
 0000120  HU 464 2 HEX   14  10                         1462198677 28.12.2024 21:39:40.099 0031152496 4292219184

 0000121  TV 264 1 HEX   B5                             1462215282 28.12.2024 21:39:40.116 0031152496 4292389184
 0000122  HU 464 3 HEX   15  44  03                     1462219757 28.12.2024 21:39:40.120 0031152496 4292429184

 0000123  TV 264 1 HEX   B6                             1462234600 28.12.2024 21:39:40.135 0031152496 4292579184
 0000124  HU 464 2 HEX   16  46                         1462238964 28.12.2024 21:39:40.139 0031152496 4292619184

 0000125  TV 264 1 HEX   B7                             1462253934 28.12.2024 21:39:40.154 0031152496 4292769184
 0000126  HU 464 3 HEX   17  2A  02                     1462258868 28.12.2024 21:39:40.159 0031152496 4292819184

 0000127  TV 264 8 HEX   14  47  01  2B  49  4D  41  00 1462273987 28.12.2024 21:39:40.174 0031152496 4292969184

 0000128  HU 464 1 HEX   B5                             1462276458 28.12.2024 21:39:40.177 0031152496 4292999184
 0000131  TV 264 4 HEX   15  33  0B  03                 1462312249 28.12.2024 21:39:40.213 0031152496 4293359184

 0000129  TV 264 1 HEX   B8                             1462292600 28.12.2024 21:39:40.193 0031152496 4293159184
 0000130  HU 464 3 HEX   18  40  02                     1462298324 28.12.2024 21:39:40.199 0031152496 4293219184

 0000132  HU 464 1 HEX   B6                             1462314490 28.12.2024 21:39:40.215 0031152496 4293379184

 0000133  TV 264 1 HEX   B9                             1462331238 28.12.2024 21:39:40.232 0031152496 4293549184
 0000134  HU 464 3 HEX   19  28  01                     1462337366 28.12.2024 21:39:40.238 0031152496 4293609184

 0000135  TV 264 1 HEX   BA                             1462350575 28.12.2024 21:39:40.251 0031152496 4293739184
 0000136  HU 464 3 HEX   1A  2A  01                     1462355986 28.12.2024 21:39:40.256 0031152496 4293789184

 0000137  TV 264 1 HEX   BB                             1462369893 28.12.2024 21:39:40.270 0031152496 4293929184
 0000138  HU 464 3 HEX   1B  26  02                     1462374165 28.12.2024 21:39:40.275 0031152496 4293979184

 0000139  TV 264 1 HEX   BC                             1462389229 28.12.2024 21:39:40.290 0031152496 4294129184
 0000140  HU 464 3 HEX   1C  2C  02                     1462393795 28.12.2024 21:39:40.294 0031152496 4294169184

 0000141  TV 264 1 HEX   BD                             1462408547 28.12.2024 21:39:40.309 0031152496 4294319184
 0000142  HU 464 3 HEX   1D  42  00                     1462413223 28.12.2024 21:39:40.314 0031152496 4294369184

 0000143  TV 264 1 HEX   BE                             1462427883 28.12.2024 21:39:40.328 0031152496 4294509184
 0000144  HU 464 3 HEX   1E  28  01                     1462432486 28.12.2024 21:39:40.333 0031152496 4294559184

 0000145  TV 264 1 HEX   BF                             1462447201 28.12.2024 21:39:40.348 0031152496 4294709184
 0000146  HU 464 5 HEX   1F  48  00  00  00             1462452190 28.12.2024 21:39:40.353 0031152496 4294759184

 0000147  TV 264 1 HEX   B0                             1462466524 28.12.2024 21:39:40.367 0031152496 4294899184

 0000149  HU 464 2 HEX   A3  00                         1462643259 28.12.2024 21:39:40.544 0031152497 0001701888
 0000151  TV 264 2 HEX   E1  01                         1462645067 28.12.2024 21:39:40.546 0031152497 0001721888

 0000152  TV 264 4 HEX   16  27  01  00                 1462660110 28.12.2024 21:39:40.561 0031152497 0001871888
 0000153  HU 464 1 HEX   B7                             1462662755 28.12.2024 21:39:40.563 0031152497 0001891888
 0000166  TV 264 4 HEX   17  27  01  00                 1463471805 28.12.2024 21:39:41.372 0031152497 0009981888

 0000161  HU 464 3 HEX   10  2A  01                     1463422411 28.12.2024 21:39:41.323 0031152497 0009491888
 0000162  TV 264 1 HEX   B0                             1463423106 28.12.2024 21:39:41.324 0031152497 0009501888

 0000163  TV 264 1 HEX   B1                             1463432836 28.12.2024 21:39:41.333 0031152497 0009591888
 0000164  HU 464 3 HEX   11  26  01                     1463448831 28.12.2024 21:39:41.349 0031152497 0009751888

 0000165  TV 264 1 HEX   B2                             1463452154 28.12.2024 21:39:41.353 0031152497 0009791888

 0000167  HU 464 1 HEX   B8                             1463474046 28.12.2024 21:39:41.374 0031152497 0010001888
 0000170  TV 264 4 HEX   18  27  02  00                 1464007642 28.12.2024 21:39:41.908 0031152497 0015341888

 0000171  HU 464 1 HEX   B9                             1464009864 28.12.2024 21:39:41.910 0031152497 0015361888
 0000174  TV 264 4 HEX   19  27  02  00                 1464051608 28.12.2024 21:39:41.952 0031152497 0015781888

 0000172  HU 464 3 HEX   12  26  02                     1464028946 28.12.2024 21:39:41.929 0031152497 0015551888

 0000173  TV 264 1 HEX   B3                             1464050607 28.12.2024 21:39:41.951 0031152497 0015771888
 0000175  HU 464 1 HEX   BA                             1464054695 28.12.2024 21:39:41.955 0031152497 0015811888

 0000187  HU 464 2 HEX   A3  00                         1467646037 28.12.2024 21:39:45.546 0031152497 0051721888
 0000189  TV 264 2 HEX   E1  01                         1467647826 28.12.2024 21:39:45.548 0031152497 0051741888

 0000212  HU 464 2 HEX   A3  00                         1472647961 28.12.2024 21:39:50.548 0031152497 0101741888
 0000214  TV 264 2 HEX   E1  01                         1472649769 28.12.2024 21:39:50.550 0031152497 0101761888

 0000235  HU 464 2 HEX   A3  00                         1477648787 28.12.2024 21:39:55.549 0031152497 0151751888
 0000237  TV 264 2 HEX   E1  01                         1477650577 28.12.2024 21:39:55.551 0031152497 0151771888

 0000008  HU 464 2 HEX   A3  00                         1482650511 28.12.2024 21:40:00.551 0031152497 0201771888
 0000010  TV 264 2 HEX   E1  01                         1482652301 28.12.2024 21:40:00.553 0031152497 0201791888
