 0000181  00000001 2 HEX   8A  00                         0202749998 28.12.2024 22:34:32.978 0031152504 2861270816
 0000182  00000448 3 HEX   E0  01  00                     0202751848 28.12.2024 22:34:32.980 0031152504 2861290816
 0000183  00000248 3 HEX   E0  01  00                     0202753187 28.12.2024 22:34:32.982 0031152504 2861310816
 0000184  0000041C 3 HEX   E0  01  00                     0202754102 28.12.2024 22:34:32.982 0031152504 2861310816
 0000185  00000248 2 HEX   E1  01                         0202756635 28.12.2024 22:34:32.985 0031152504 2861340816
 0000186  0000044C 3 HEX   E0  01  00                     0202759110 28.12.2024 22:34:32.988 0031152504 2861370816
 0000187  HU 464 3 HEX   E0  01  00                     0202760521 28.12.2024 22:34:32.989 0031152504 2861380816
 0000188  TV 264 3 HEX   A0  01  00                     0202761418 28.12.2024 22:34:32.990 0031152504 2861390816
 0000189  00000248 7 HEX   10  15  01  00  03  00  00     0202762757 28.12.2024 22:34:32.991 0031152504 2861400816
 0000190  00000448 2 HEX   E1  01                         0202763534 28.12.2024 22:34:32.992 0031152504 2861410816
 0000191  HU 464 2 HEX   A1  01                         0202765642 28.12.2024 22:34:32.994 0031152504 2861430816
 0000192  00000448 1 HEX   B1                             0202766941 28.12.2024 22:34:32.995 0031152504 2861440816
 0000193  TV 264 6 HEX   10  15  01  01  02  02         0202771158 28.12.2024 22:34:33.000 0031152504 2861490816
 0000194  00000448 5 HEX   10  E0  04  01  00             0202772245 28.12.2024 22:34:33.001 0031152504 2861500816
 0000195  HU 464 1 HEX   B1                             0202773753 28.12.2024 22:34:33.002 0031152504 2861510816
 0000196  00000248 1 HEX   B1                             0202774626 28.12.2024 22:34:33.003 0031152504 2861520816
 0000197  00000248 5 HEX   11  0B  02  E0  04             0202778622 28.12.2024 22:34:33.007 0031152504 2861560816
 0000198  00000448 1 HEX   B2                             0202781894 28.12.2024 22:34:33.010 0031152504 2861590816
 0000199  00000448 3 HEX   11  00  02                     0202784751 28.12.2024 22:34:33.013 0031152504 2861620816
 0000200  00000248 1 HEX   B2                             0202787027 28.12.2024 22:34:33.015 0031152504 2861640816
 0000201  00000248 3 HEX   12  01  02                     0202790766 28.12.2024 22:34:33.019 0031152504 2861680816
 0000202  00000448 1 HEX   B3                             0202793666 28.12.2024 22:34:33.022 0031152504 2861710816
 0000203  HU 464 3 HEX   10  00  02                     0202797349 28.12.2024 22:34:33.026 0031152504 2861750816
 0000204  TV 264 1 HEX   B1                             0202800433 28.12.2024 22:34:33.029 0031152504 2861780816
 0000205  TV 264 3 HEX   11  01  02                     0202810585 28.12.2024 22:34:33.039 0031152504 2861880816
 0000206  00000448 3 HEX   12  00  01                     0202814386 28.12.2024 22:34:33.043 0031152504 2861920816
 0000207  HU 464 1 HEX   B2                             0202815687 28.12.2024 22:34:33.044 0031152504 2861930816
 0000208  00000248 1 HEX   B3                             0202816706 28.12.2024 22:34:33.045 0031152504 2861940816
 0000209  00000248 3 HEX   13  01  03                     0202820427 28.12.2024 22:34:33.049 0031152504 2861980816
 0000210  00000448 1 HEX   B4                             0202822611 28.12.2024 22:34:33.051 0031152504 2862000816
 0000211  00000448 8 HEX   50  E4  06  00  00  3C  FF  00 0202826001 28.12.2024 22:34:33.054 0031152504 2862030816
 0000212  00000448 3 HEX   13  E1  14                     0202827571 28.12.2024 22:34:33.056 0031152504 2862050816
 0000213  00000248 7 HEX   14  E1  05  01  00  00  00     0202828909 28.12.2024 22:34:33.057 0031152504 2862060816
 0000214  00000248 1 HEX   F1                             0202830421 28.12.2024 22:34:33.059 0031152504 2862080816
 0000215  00000448 1 HEX   B5                             0202832654 28.12.2024 22:34:33.061 0031152504 2862100816
 0000216  00000248 1 HEX   B4                             0202833636 28.12.2024 22:34:33.062 0031152504 2862110816
 0000217  00000448 2 HEX   14  72                         0202837486 28.12.2024 22:34:33.066 0031152504 2862150816
 0000218  00000248 5 HEX   15  0B  05  E1  14             0202840163 28.12.2024 22:34:33.069 0031152504 2862180816
 0000219  00000248 1 HEX   B5                             0202841910 28.12.2024 22:34:33.070 0031152504 2862190816
 0000220  00000448 1 HEX   B6                             0202842580 28.12.2024 22:34:33.071 0031152504 2862200816
 0000221  00000448 3 HEX   15  E1  14                     0202848102 28.12.2024 22:34:33.076 0031152504 2862250816
 0000222  00000248 4 HEX   16  0B  05  72                 0202849091 28.12.2024 22:34:33.077 0031152504 2862260816
 0000223  00000248 1 HEX   B6                             0202851038 28.12.2024 22:34:33.079 0031152504 2862280816
 0000224  00000448 1 HEX   B7                             0202851708 28.12.2024 22:34:33.080 0031152504 2862290816
 0000225  00000248 5 HEX   17  0B  05  E1  14             0202857616 28.12.2024 22:34:33.086 0031152504 2862350816
 0000226  00000448 1 HEX   B8                             0202859859 28.12.2024 22:34:33.088 0031152504 2862370816
 0000227  00000248 5 HEX   18  0B  05  E4  06             0202864811 28.12.2024 22:34:33.093 0031152504 2862420816
 0000228  HU 464 3 HEX   11  00  01                     0202867678 28.12.2024 22:34:33.096 0031152504 2862450816
 0000229  00000448 1 HEX   B9                             0202868925 28.12.2024 22:34:33.097 0031152504 2862460816
 0000230  TV 264 1 HEX   B2                             0202870477 28.12.2024 22:34:33.099 0031152504 2862480816
 0000231  TV 264 3 HEX   12  01  01                     0202880574 28.12.2024 22:34:33.109 0031152504 2862580816
 0000232  HU 464 1 HEX   B3                             0202883364 28.12.2024 22:34:33.112 0031152504 2862610816
 0000233  HU 464 2 HEX   12  08                         0202888977 28.12.2024 22:34:33.117 0031152504 2862660816
 0000234  TV 264 1 HEX   B3                             0202891195 28.12.2024 22:34:33.120 0031152504 2862690816
 0000235  HU 464 2 HEX   13  32                         0202897543 28.12.2024 22:34:33.126 0031152504 2862750816
 0000236  TV 264 8 HEX   03  09  01  01  20  00  20  33 0202901084 28.12.2024 22:34:33.129 0031152504 2862780816
 0000237  HU 464 1 HEX   B4                             0202904161 28.12.2024 22:34:33.133 0031152504 2862820816
 0000238  TV 264 1 HEX   B4                             0202910307 28.12.2024 22:34:33.139 0031152504 2862880816
 0000239  HU 464 8 HEX   04  24  FF  FF  FF  FF  FF  FF 0202916453 28.12.2024 22:34:33.145 0031152504 2862940816
 0000240  TV 264 8 HEX   04  39  30  30  00  56  49  54 0202921000 28.12.2024 22:34:33.149 0031152504 2862980816
 0000241  HU 464 1 HEX   B5                             0202924959 28.12.2024 22:34:33.153 0031152504 2863020816
 0000242  TV 264 1 HEX   B5                             0202930297 28.12.2024 22:34:33.159 0031152504 2863080816
 0000243  HU 464 2 HEX   15  10                         0202933080 28.12.2024 22:34:33.161 0031152504 2863100816
 0000244  TV 264 7 HEX   15  00  99  44  01  08  07     0202940903 28.12.2024 22:34:33.169 0031152504 2863180816
 0000245  HU 464 1 HEX   B6                             0202943518 28.12.2024 22:34:33.172 0031152504 2863210816
 0000246  TV 264 1 HEX   B6                             0202950289 28.12.2024 22:34:33.179 0031152504 2863280816
 0000247  HU 464 3 HEX   16  44  01                     0202957629 28.12.2024 22:34:33.186 0031152504 2863350816
 0000248  TV 264 1 HEX   B7                             0202961650 28.12.2024 22:34:33.190 0031152504 2863390816
 0000249  HU 464 2 HEX   17  46                         0202968200 28.12.2024 22:34:33.197 0031152504 2863460816
 0000250  TV 264 4 HEX   16  33  82  00                 0202970620 28.12.2024 22:34:33.199 0031152504 2863480816
 0000251  HU 464 1 HEX   B7                             0202973449 28.12.2024 22:34:33.202 0031152504 2863510816
 0000252  TV 264 1 HEX   B8                             0202980349 28.12.2024 22:34:33.209 0031152504 2863580816
 0000253  HU 464 3 HEX   18  2A  02                     0202986201 28.12.2024 22:34:33.215 0031152504 2863640816
 0000254  TV 264 1 HEX   B9                             0202990332 28.12.2024 22:34:33.219 0031152504 2863680816
 0000255  HU 464 3 HEX   19  42  00                     0202996056 28.12.2024 22:34:33.224 0031152504 2863730816
 0000256  TV 264 3 HEX   17  45  01                     0203000482 28.12.2024 22:34:33.229 0031152504 2863780816
 0000257  HU 464 1 HEX   B8                             0203003088 28.12.2024 22:34:33.231 0031152504 2863800816
 0000258  TV 264 1 HEX   BA                             0203010369 28.12.2024 22:34:33.239 0031152504 2863880816
 0000259  HU 464 5 HEX   1A  48  00  00  00             0203016368 28.12.2024 22:34:33.245 0031152504 2863940816
 0000260  TV 264 1 HEX   BB                             0203020467 28.12.2024 22:34:33.249 0031152504 2863980816
 0000261  TV 264 8 HEX   08  25  FF  FF  FF  FF  FF  FF 0203024261 28.12.2024 22:34:33.253 0031152504 2864020816
 0000262  HU 464 1 HEX   B9                             0203026419 28.12.2024 22:34:33.255 0031152504 2864040816
 0000263  TV 264 2 HEX   19  10                         0203030452 28.12.2024 22:34:33.259 0031152504 2864080816
 0000264  HU 464 1 HEX   BA                             0203032762 28.12.2024 22:34:33.261 0031152504 2864100816
 0000265  TV 264 8 HEX   0A  47  04  33  43  68  35  31 0203051275 28.12.2024 22:34:33.280 0031152504 2864290816
 0000266  HU 464 1 HEX   BB                             0203054370 28.12.2024 22:34:33.283 0031152504 2864320816
 0000267  TV 264 2 HEX   1B  00                         0203060498 28.12.2024 22:34:33.289 0031152504 2864380816
 0000268  HU 464 1 HEX   BC                             0203062807 28.12.2024 22:34:33.291 0031152504 2864400816
 0000269  TV 264 3 HEX   1C  43  00                     0203080530 28.12.2024 22:34:33.309 0031152504 2864580816
 0000270  HU 464 1 HEX   BD                             0203082787 28.12.2024 22:34:33.311 0031152504 2864600816
 0000271  TV 264 3 HEX   1D  49  00                     0203100528 28.12.2024 22:34:33.329 0031152504 2864780816
 0000272  HU 464 1 HEX   BE                             0203102784 28.12.2024 22:34:33.331 0031152504 2864800816
 0000273  TV 264 3 HEX   1E  2B  02                     0203120544 28.12.2024 22:34:33.349 0031152504 2864980816
 0000274  HU 464 1 HEX   BF                             0203122782 28.12.2024 22:34:33.351 0031152504 2865000816
 0000275  TV 264 4 HEX   1F  33  82  00                 0203264022 28.12.2024 22:34:33.492 0031152504 2866410816
 0000276  HU 464 1 HEX   B0                             0203266410 28.12.2024 22:34:33.495 0031152504 2866440816
 0000277  00000248 7 HEX   19  E1  05  01  00  00  00     0203677744 28.12.2024 22:34:33.906 0031152504 2870550816
 0000278  00000448 1 HEX   BA                             0203681370 28.12.2024 22:34:33.910 0031152504 2870590816
 0000279  0000041C 3 HEX   E0  01  00                     0203754272 28.12.2024 22:34:33.983 0031152504 2871320816
 0000280  0000044C 3 HEX   E0  01  00                     0203758863 28.12.2024 22:34:33.987 0031152504 2871360816
 0000281  00000001 2 HEX   8A  00                         0203776812 28.12.2024 22:34:34.005 0031152504 2871540816
 0000282  TV 264 4 HEX   10  33  82  00                 0203903925 28.12.2024 22:34:34.132 0031152504 2872810816
 0000283  HU 464 1 HEX   B1                             0203906276 28.12.2024 22:34:34.135 0031152504 2872840816
 0000284  00000448 7 HEX   16  0C  04  00  00  00  00     0204122648 28.12.2024 22:34:34.351 0031152504 2875000816
 0000285  00000248 1 HEX   B7                             0204125337 28.12.2024 22:34:34.354 0031152504 2875030816
 0000286  HU 464 3 HEX   1B  26  02                     0204229000 28.12.2024 22:34:34.457 0031152504 2876060816
 0000287  TV 264 1 HEX   BC                             0204230136 28.12.2024 22:34:34.459 0031152504 2876080816
 0000288  HU 464 3 HEX   1C  2C  02                     0204237991 28.12.2024 22:34:34.466 0031152504 2876150816
 0000289  TV 264 1 HEX   BD                             0204240339 28.12.2024 22:34:34.469 0031152504 2876180816
 0000290  TV 264 4 HEX   11  2D  02  00                 0204250455 28.12.2024 22:34:34.479 0031152504 2876280816
 0000291  HU 464 1 HEX   B2                             0204253045 28.12.2024 22:34:34.481 0031152504 2876300816
 0000292  HU 464 3 HEX   1D  44  03                     0204270914 28.12.2024 22:34:34.499 0031152504 2876480816
 0000293  TV 264 1 HEX   BE                             0204273704 28.12.2024 22:34:34.502 0031152504 2876510816
 0000294  TV 264 3 HEX   12  45  03                     0204280309 28.12.2024 22:34:34.509 0031152504 2876580816
 0000295  HU 464 1 HEX   B3                             0204282530 28.12.2024 22:34:34.511 0031152504 2876600816
 0000296  TV 264 4 HEX   13  33  82  00                 0204492455 28.12.2024 22:34:34.721 0031152504 2878700816
 0000297  HU 464 1 HEX   B4                             0204495725 28.12.2024 22:34:34.724 0031152504 2878730816
 0000298  00000248 7 HEX   1A  E1  05  01  00  00  00     0204682756 28.12.2024 22:34:34.911 0031152504 2880600816
 0000299  00000448 1 HEX   BB                             0204685058 28.12.2024 22:34:34.913 0031152504 2880620816
 0000300  TV 264 4 HEX   14  33  82  00                 0204712409 28.12.2024 22:34:34.941 0031152504 2880900816
 0000301  HU 464 1 HEX   B5                             0204714760 28.12.2024 22:34:34.943 0031152504 2880920816
 0000302  HU 464 3 HEX   1E  28  01                     0204729120 28.12.2024 22:34:34.958 0031152504 2881070816
 0000303  TV 264 1 HEX   BF                             0204730219 28.12.2024 22:34:34.959 0031152504 2881080816
 0000304  TV 264 4 HEX   15  29  01  00                 0204740390 28.12.2024 22:34:34.969 0031152504 2881180816
 0000305  HU 464 1 HEX   B6                             0204742777 28.12.2024 22:34:34.971 0031152504 2881200816
 0000306  0000041C 3 HEX   E0  01  00                     0204755465 28.12.2024 22:34:34.984 0031152504 2881330816
 0000307  0000044C 3 HEX   E0  01  00                     0204760699 28.12.2024 22:34:34.989 0031152504 2881380816
 0000308  HU 464 3 HEX   1F  28  01                     0204762221 28.12.2024 22:34:34.991 0031152504 2881400816
 0000309  TV 264 1 HEX   B0                             0204770119 28.12.2024 22:34:34.999 0031152504 2881480816
 0000310  TV 264 4 HEX   16  29  01  00                 0204780326 28.12.2024 22:34:35.009 0031152504 2881580816
 0000311  HU 464 1 HEX   B7                             0204782750 28.12.2024 22:34:35.011 0031152504 2881600816
 0000312  00000001 2 HEX   8A  00                         0204801851 28.12.2024 22:34:35.030 0031152504 2881790816
 0000313  00000248 7 HEX   1B  E1  05  01  00  00  00     0205672817 28.12.2024 22:34:35.901 0031152504 2890500816
 0000314  00000448 1 HEX   BC                             0205675102 28.12.2024 22:34:35.903 0031152504 2890520816
 0000315  0000041C 3 HEX   E0  01  00                     0205756769 28.12.2024 22:34:35.985 0031152504 2891340816
 0000316  0000044C 3 HEX   E0  01  00                     0205761415 28.12.2024 22:34:35.990 0031152504 2891390816
 0000317  TV 264 4 HEX   17  33  8B  00                 0205803601 28.12.2024 22:34:36.032 0031152504 2891810816
 0000318  HU 464 1 HEX   B8                             0205806007 28.12.2024 22:34:36.034 0031152504 2891830816
 0000319  00000001 2 HEX   8A  00                         0205827000 28.12.2024 22:34:36.055 0031152504 2892040816
 0000320  00000248 7 HEX   1C  E1  05  01  00  00  00     0206662815 28.12.2024 22:34:36.891 0031152504 2900400816
 0000321  00000448 1 HEX   BD                             0206666937 28.12.2024 22:34:36.895 0031152504 2900440816
 0000322  0000041C 3 HEX   E0  01  00                     0206758123 28.12.2024 22:34:36.987 0031152504 2901360816
 0000323  0000044C 3 HEX   E0  01  00                     0206762713 28.12.2024 22:34:36.991 0031152504 2901400816
 0000324  00000001 2 HEX   8A  00                         0206852987 28.12.2024 22:34:37.081 0031152504 2902300816
 0000325  TV 264 4 HEX   18  33  8B  00                 0207040403 28.12.2024 22:34:37.269 0031152504 2904180816
 0000326  HU 464 1 HEX   B9                             0207043159 28.12.2024 22:34:37.272 0031152504 2904210816
 0000327  00000448 2 HEX   A3  00                         0207593867 28.12.2024 22:34:37.822 0031152504 2909710816
 0000328  HU 464 2 HEX   A3  00                         0207595295 28.12.2024 22:34:37.824 0031152504 2909730816
 0000329  00000248 2 HEX   E1  01                         0207596300 28.12.2024 22:34:37.825 0031152504 2909740816
 0000330  TV 264 2 HEX   A1  01                         0207599657 28.12.2024 22:34:37.828 0031152504 2909770816
 0000331  00000248 7 HEX   1D  E1  05  01  00  00  00     0207667860 28.12.2024 22:34:37.896 0031152504 2910450816
 0000332  00000448 1 HEX   BE                             0207670162 28.12.2024 22:34:37.899 0031152504 2910480816
 0000333  0000041C 3 HEX   E0  01  00                     0207759492 28.12.2024 22:34:37.988 0031152504 2911370816
 0000334  0000044C 3 HEX   E0  01  00                     0207763972 28.12.2024 22:34:37.992 0031152504 2911410816
 0000335  00000448 3 HEX   17  E1  14                     0207864187 28.12.2024 22:34:38.093 0031152504 2912420816
 0000336  00000248 1 HEX   B8                             0207866536 28.12.2024 22:34:38.095 0031152504 2912440816
 0000337  00000248 5 HEX   1E  0B  05  E1  14             0207870312 28.12.2024 22:34:38.099 0031152504 2912480816
 0000338  00000448 1 HEX   BF                             0207872555 28.12.2024 22:34:38.101 0031152504 2912500816
 0000339  00000001 2 HEX   8A  00                         0207877066 28.12.2024 22:34:38.105 0031152504 2912540816
 0000340  00000248 7 HEX   1F  E1  05  01  00  00  00     0208657885 28.12.2024 22:34:38.886 0031152504 2920350816
 0000341  00000448 1 HEX   B0                             0208660187 28.12.2024 22:34:38.889 0031152504 2920380816
 0000342  0000041C 3 HEX   E0  01  00                     0208761058 28.12.2024 22:34:38.989 0031152504 2921380816
 0000343  0000044C 3 HEX   E0  01  00                     0208765189 28.12.2024 22:34:38.994 0031152504 2921430816
 0000344  00000001 2 HEX   8A  00                         0208902117 28.12.2024 22:34:39.131 0031152504 2922800816
 0000345  TV 264 4 HEX   19  33  8B  00                 0208960066 28.12.2024 22:34:39.188 0031152504 2923370816
 0000346  HU 464 1 HEX   BA                             0208962399 28.12.2024 22:34:39.191 0031152504 2923400816
 0000347  00000248 7 HEX   10  E1  05  01  00  00  00     0209647921 28.12.2024 22:34:39.876 0031152504 2930250816
 0000348  00000448 1 HEX   B1                             0209650224 28.12.2024 22:34:39.879 0031152504 2930280816
 0000349  0000041C 3 HEX   E0  01  00                     0209762009 28.12.2024 22:34:39.990 0031152504 2931390816
 0000350  0000044C 3 HEX   E0  01  00                     0209766470 28.12.2024 22:34:39.995 0031152504 2931440816
 0000351  00000001 2 HEX   8A  00                         0209927157 28.12.2024 22:34:40.156 0031152504 2933050816
 0000352  TV 264 4 HEX   1A  33  8B  00                 0210208856 28.12.2024 22:34:40.437 0031152504 2935860816
 0000353  HU 464 1 HEX   BB                             0210211299 28.12.2024 22:34:40.440 0031152504 2935890816
 0000354  00000248 7 HEX   11  E1  05  01  00  00  00     0210652915 28.12.2024 22:34:40.881 0031152504 2940300816
 0000355  00000448 1 HEX   B2                             0210655199 28.12.2024 22:34:40.884 0031152504 2940330816
 0000356  0000041C 3 HEX   E0  01  00                     0210763346 28.12.2024 22:34:40.992 0031152504 2941410816
 0000357  0000044C 3 HEX   E0  01  00                     0210768084 28.12.2024 22:34:40.996 0031152504 2941450816
 0000358  00000001 2 HEX   8A  00                         0210952254 28.12.2024 22:34:41.181 0031152504 2943300816
 0000359  00000248 7 HEX   12  E1  05  01  00  00  00     0211642980 28.12.2024 22:34:41.871 0031152504 2950200816
 0000360  00000448 1 HEX   B3                             0211645577 28.12.2024 22:34:41.874 0031152504 2950230816
 0000361  0000041C 3 HEX   E0  01  00                     0211764601 28.12.2024 22:34:41.993 0031152504 2951420816
 0000362  0000044C 3 HEX   E0  01  00                     0211769045 28.12.2024 22:34:41.997 0031152504 2951460816
 0000363  00000001 2 HEX   8A  00                         0211979271 28.12.2024 22:34:42.208 0031152504 2953570816
 0000364  00000448 2 HEX   A3  00                         0212596019 28.12.2024 22:34:42.824 0031152504 2959730816
 0000365  HU 464 2 HEX   A3  00                         0212597778 28.12.2024 22:34:42.826 0031152504 2959750816
 0000366  00000248 2 HEX   E1  01                         0212598581 28.12.2024 22:34:42.827 0031152504 2959760816
 0000367  TV 264 2 HEX   A1  01                         0212599347 28.12.2024 22:34:42.828 0031152504 2959770816
 0000368  00000248 7 HEX   13  E1  05  01  00  00  00     0212632986 28.12.2024 22:34:42.861 0031152504 2960100816
 0000369  00000448 1 HEX   B4                             0212635271 28.12.2024 22:34:42.864 0031152504 2960130816
 0000370  00000448 3 HEX   18  E1  14                     0212879429 28.12.2024 22:34:43.108 0031152504 2962570816
 0000371  00000248 1 HEX   B9                             0212881759 28.12.2024 22:34:43.110 0031152504 2962590816
 0000372  00000248 5 HEX   14  0B  05  E1  14             0212885535 28.12.2024 22:34:43.114 0031152504 2962630816
 0000373  00000448 1 HEX   B5                             0212887778 28.12.2024 22:34:43.116 0031152504 2962650816
 0000374  00000001 2 HEX   8A  00                         0213003441 28.12.2024 22:34:43.232 0031152504 2963810816
 0000375  TV 264 4 HEX   1B  33  8B  00                 0213394176 28.12.2024 22:34:43.623 0031152504 2967720816
 0000376  HU 464 1 HEX   BC                             0213396417 28.12.2024 22:34:43.625 0031152504 2967740816
 0000377  00000248 7 HEX   15  E1  05  01  00  00  00     0213638021 28.12.2024 22:34:43.866 0031152504 2970150816
 0000378  00000448 1 HEX   B6                             0213640305 28.12.2024 22:34:43.869 0031152504 2970180816
 0000379  00000001 2 HEX   8A  00                         0214028378 28.12.2024 22:34:44.257 0031152504 2974060816
 0000380  00000248 7 HEX   16  E1  05  01  00  00  00     0214628018 28.12.2024 22:34:44.856 0031152504 2980050816
 0000381  00000448 1 HEX   B7                             0214630303 28.12.2024 22:34:44.859 0031152504 2980080816
 0000382  00000001 2 HEX   8A  00                         0215053343 28.12.2024 22:34:45.282 0031152504 2984310816
 0000383  00000248 7 HEX   17  E1  05  01  00  00  00     0215618071 28.12.2024 22:34:45.846 0031152504 2989950816
 0000384  00000448 1 HEX   B8                             0215620465 28.12.2024 22:34:45.849 0031152504 2989980816
 0000385  TV 264 4 HEX   1C  33  8B  00                 0215954827 28.12.2024 22:34:46.183 0031152504 2993320816
 0000386  HU 464 1 HEX   BD                             0215957251 28.12.2024 22:34:46.186 0031152504 2993350816
 0000387  00000001 2 HEX   8A  00                         0216078330 28.12.2024 22:34:46.307 0031152504 2994560816
 0000388  00000248 7 HEX   18  E1  05  01  00  00  00     0216623089 28.12.2024 22:34:46.851 0031152504 3000000816
 0000389  00000448 1 HEX   B9                             0216625374 28.12.2024 22:34:46.854 0031152504 3000030816
 0000390  00000001 2 HEX   8A  00                         0217103332 28.12.2024 22:34:47.332 0031152504 3004810816
 0000391  00000448 2 HEX   A3  00                         0217597946 28.12.2024 22:34:47.826 0031152504 3009750816
 0000392  HU 464 2 HEX   A3  00                         0217599318 28.12.2024 22:34:47.828 0031152504 3009770816
 0000393  00000248 2 HEX   E1  01                         0217600323 28.12.2024 22:34:47.829 0031152504 3009780816
 0000394  TV 264 2 HEX   A1  01                         0217608072 28.12.2024 22:34:47.836 0031152504 3009850816
 0000395  00000248 7 HEX   19  E1  05  01  00  00  00     0217613120 28.12.2024 22:34:47.842 0031152504 3009910816
 0000396  00000448 1 HEX   BA                             0217615717 28.12.2024 22:34:47.844 0031152504 3009930816
 0000397  00000448 3 HEX   19  E1  14                     0217892197 28.12.2024 22:34:48.121 0031152504 3012700816
 0000398  00000248 1 HEX   BA                             0217894509 28.12.2024 22:34:48.123 0031152504 3012720816
 0000399  00000248 5 HEX   1A  0B  05  E1  14             0217898486 28.12.2024 22:34:48.127 0031152504 3012760816
 0000400  00000448 1 HEX   BB                             0217900729 28.12.2024 22:34:48.129 0031152504 3012780816
 0000401  00000001 2 HEX   8A  00                         0218128310 28.12.2024 22:34:48.357 0031152504 3015060816
 0000402  TV 264 4 HEX   1D  33  8B  00                 0218514456 28.12.2024 22:34:48.743 0031152504 3018920816
 0000403  HU 464 1 HEX   BE                             0218517946 28.12.2024 22:34:48.746 0031152504 3018950816
 0000404  00000248 7 HEX   1B  E1  05  01  00  00  00     0218603178 28.12.2024 22:34:48.832 0031152504 3019810816
 0000405  00000448 1 HEX   BC                             0218605444 28.12.2024 22:34:48.834 0031152504 3019830816
 0000406  00000001 2 HEX   8A  00                         0219153265 28.12.2024 22:34:49.382 0031152504 3025310816
 0000407  00000248 7 HEX   1C  E1  05  01  00  00  00     0219608206 28.12.2024 22:34:49.837 0031152504 3029860816
 0000408  00000448 1 HEX   BD                             0219610491 28.12.2024 22:34:49.839 0031152504 3029880816
 0000409  00000001 2 HEX   8A  00                         0220178450 28.12.2024 22:34:50.407 0031152504 3035560816
 0000410  00000248 7 HEX   1D  E1  05  01  00  00  00     0220598185 28.12.2024 22:34:50.827 0031152504 3039760816
 0000411  00000448 1 HEX   BE                             0220600488 28.12.2024 22:34:50.829 0031152504 3039780816
 0000412  TV 264 4 HEX   1E  33  8B  00                 0221073986 28.12.2024 22:34:51.302 0031152504 3044510816
 0000413  HU 464 1 HEX   BF                             0221077127 28.12.2024 22:34:51.306 0031152504 3044550816
 0000414  00000001 2 HEX   8A  00                         0221203460 28.12.2024 22:34:51.432 0031152504 3045810816
 0000415  00000248 7 HEX   1E  E1  05  01  00  00  00     0221588228 28.12.2024 22:34:51.817 0031152504 3049660816
 0000416  00000448 1 HEX   BF                             0221590512 28.12.2024 22:34:51.819 0031152504 3049680816
 0000417  00000001 2 HEX   8A  00                         0222228480 28.12.2024 22:34:52.457 0031152504 3056060816
 0000418  HU 464 3 HEX   10  40  02                     0222455995 28.12.2024 22:34:52.684 0031152504 3058330816
 0000419  TV 264 1 HEX   B1                             0222457370 28.12.2024 22:34:52.686 0031152504 3058350816
 0000420  TV 264 4 HEX   1F  41  02  00                 0222467558 28.12.2024 22:34:52.696 0031152504 3058450816
 0000421  HU 464 1 HEX   B0                             0222469836 28.12.2024 22:34:52.698 0031152504 3058470816
 0000422  00000248 7 HEX   1F  E1  05  01  00  00  00     0222593270 28.12.2024 22:34:52.822 0031152504 3059710816
 0000423  00000448 1 HEX   B0                             0222595555 28.12.2024 22:34:52.824 0031152504 3059730816
 0000424  00000448 2 HEX   A3  00                         0222600911 28.12.2024 22:34:52.829 0031152504 3059780816
 0000425  HU 464 2 HEX   A3  00                         0222602284 28.12.2024 22:34:52.831 0031152504 3059800816
 0000426  00000248 2 HEX   E1  01                         0222603270 28.12.2024 22:34:52.832 0031152504 3059810816
 0000427  TV 264 2 HEX   A1  01                         0222607234 28.12.2024 22:34:52.836 0031152504 3059850816
 0000428  00000448 3 HEX   1A  E1  14                     0222905290 28.12.2024 22:34:53.134 0031152504 3062830816
 0000429  00000248 1 HEX   BB                             0222907602 28.12.2024 22:34:53.136 0031152504 3062850816
 0000430  00000248 5 HEX   10  0B  05  E1  14             0222911396 28.12.2024 22:34:53.140 0031152504 3062890816
 0000431  00000448 1 HEX   B1                             0222914209 28.12.2024 22:34:53.143 0031152504 3062920816
