
 0000187  HU 464 3 HEX   E0  01  00          init           0202760521  22:34:32.989  2861380816
 0000188  TV 264 3 HEX   A0  01  00                     0202761418  22:34:32.990  2861390816
 0000191  HU 464 2 HEX   A1  01                         0202765642  22:34:32.994  2861430816

 0000193  TV 264 6 HEX   10  15  01  01  02  02  overscan?       0202771158  22:34:33.000  2861490816
 0000203  HU 464 3 HEX   10  00  02                     0202797349  22:34:33.026  2861750816

 0000195  HU 464 1 HEX   B1                  ping           0202773753  22:34:33.002  2861510816
 0000204  TV 264 1 HEX   B1                   pong          0202800433  22:34:33.029  2861780816

 0000205  TV 264 3 HEX   11  01  02                     0202810585  22:34:33.039  2861880816
 0000228  HU 464 3 HEX   11  00  01                     0202867678  22:34:33.096  2862450816

 0000207  HU 464 1 HEX   B2                   ping          0202815687  22:34:33.044  2861930816
 0000230  TV 264 1 HEX   B2                  pong           0202870477  22:34:33.099  2862480816


 0000231  TV 264 3 HEX   12  01  01                     0202880574  22:34:33.109  2862580816
 0000233  HU 464 2 HEX   12  08                         0202888977  22:34:33.117  2862660816

 0000232  HU 464 1 HEX   B3                    ping         0202883364  22:34:33.112  2862610816
 0000234  TV 264 1 HEX   B3                   pong          0202891195  22:34:33.120  2862690816


 0000235  HU 464 2 HEX   13  32                         0202897543  22:34:33.126  2862750816
 0000236  TV 264 8 HEX   03  09  01  01  20  00  20  33 0202901084  22:34:33.129  2862780816

 0000237  HU 464 1 HEX   B4                    ping         0202904161  22:34:33.133  2862820816
 0000238  TV 264 1 HEX   B4                    pong         0202910307  22:34:33.139  2862880816

 0000239  HU 464 8 HEX   04  24  FF  FF  FF  FF  FF  FF 0202916453  22:34:33.145  2862940816
 0000240  TV 264 8 HEX   04  39  30  30  00  56  49  54 900VIT 0202921000  22:34:33.149  2862980816

 0000241  HU 464 1 HEX   B5                     ping        0202924959  22:34:33.153  2863020816
 0000242  TV 264 1 HEX   B5                     pong        0202930297  22:34:33.159  2863080816

 0000243  HU 464 2 HEX   15  10                         0202933080  22:34:33.161  2863100816
 0000244  TV 264 7 HEX   15  00  99  44  01  08  07     0202940903  22:34:33.169  2863180816

 0000245  HU 464 1 HEX   B6                      ping       0202943518  22:34:33.172  2863210816
 0000246  TV 264 1 HEX   B6                      pong       0202950289  22:34:33.179  2863280816

 0000247  HU 464 3 HEX   16  44  01                     0202957629  22:34:33.186  2863350816
 0000250  TV 264 4 HEX   16  33  82  00                 0202970620  22:34:33.199  2863480816

 0000248  TV 264 1 HEX   B7                     ping        0202961650  22:34:33.190  2863390816
 0000249  HU 464 2 HEX   17  46                             0202968200  22:34:33.197  2863460816
 0000251  HU 464 1 HEX   B7                    pong         0202973449  22:34:33.202  2863510816



 0000252  TV 264 1 HEX   B8                    ping         0202980349  22:34:33.209  2863580816
 0000253  HU 464 3 HEX   18  2A  02                     0202986201  22:34:33.215  2863640816

 0000254  TV 264 1 HEX   B9                    ping         0202990332  22:34:33.219  2863680816
 0000255  HU 464 3 HEX   19  42  00                     0202996056  22:34:33.224  2863730816

 0000256  TV 264 3 HEX   17  45  01                     0203000482  22:34:33.229  2863780816


 0000257  HU 464 1 HEX   B8                    pong         0203003088  22:34:33.231  2863800816
 0000261  TV 264 8 HEX   08  25  FF  FF  FF  FF  FF  FF 0203024261  22:34:33.253  2864020816

 0000258  TV 264 1 HEX   BA                     ping        0203010369  22:34:33.239  2863880816
 0000259  HU 464 5 HEX   1A  48  00  00  00             0203016368  22:34:33.245  2863940816


 0000260  TV 264 1 HEX   BB                      ping       0203020467  22:34:33.249  2863980816

 0000262  HU 464 1 HEX   B9                    pong         0203026419  22:34:33.255  2864040816
 0000263  TV 264 2 HEX   19  10                         0203030452  22:34:33.259  2864080816

 0000264  HU 464 1 HEX   BA                     pong        0203032762  22:34:33.261  2864100816
 0000265  TV 264 8 HEX   0A  47  04  33  43  68  35  31 G3Ch51 0203051275  22:34:33.280  2864290816

 0000266  HU 464 1 HEX   BB                     pong        0203054370  22:34:33.283  2864320816
 0000267  TV 264 2 HEX   1B  00                         0203060498  22:34:33.289  2864380816

 0000268  HU 464 1 HEX   BC                     ping        0203062807  22:34:33.291  2864400816
 0000269  TV 264 3 HEX   1C  43  00                     0203080530  22:34:33.309  2864580816

 0000270  HU 464 1 HEX   BD                      ping       0203082787  22:34:33.311  2864600816
 0000271  TV 264 3 HEX   1D  49  00                     0203100528  22:34:33.329  2864780816

 0000272  HU 464 1 HEX   BE                       ping      0203102784  22:34:33.331  2864800816
 0000273  TV 264 3 HEX   1E  2B  02                     0203120544  22:34:33.349  2864980816

 0000274  HU 464 1 HEX   BF                      ping       0203122782  22:34:33.351  2865000816
 0000275  TV 264 4 HEX   1F  33  82  00           aaaa      0203264022  22:34:33.492  2866410816

 0000276  HU 464 1 HEX   B0                     ping        0203266410  22:34:33.495  2866440816
 0000282  TV 264 4 HEX   10  33  82  00           aaaa      0203903925  22:34:34.132  2872810816


 0000283  HU 464 1 HEX   B1                      ping       0203906276  22:34:34.135  2872840816

 0000286  HU 464 3 HEX   1B  26  02                     0204229000  22:34:34.457  2876060816

 0000287  TV 264 1 HEX   BC                      pong       0204230136  22:34:34.459  2876080816
 0000288  HU 464 3 HEX   1C  2C  02                     0204237991  22:34:34.466  2876150816

 0000289  TV 264 1 HEX   BD                      pong       0204240339  22:34:34.469  2876180816
 0000290  TV 264 4 HEX   11  2D  02  00                 0204250455  22:34:34.479  2876280816

 0000291  HU 464 1 HEX   B2                      ping       0204253045  22:34:34.481  2876300816
 0000292  HU 464 3 HEX   1D  44  03                     0204270914  22:34:34.499  2876480816

 0000293  TV 264 1 HEX   BE                      pong       0204273704  22:34:34.502  2876510816
 0000294  TV 264 3 HEX   12  45  03                     0204280309  22:34:34.509  2876580816

 0000295  HU 464 1 HEX   B3                      ping       0204282530  22:34:34.511  2876600816
 0000296  TV 264 4 HEX   13  33  82  00           aaaa      0204492455  22:34:34.721  2878700816

 0000297  HU 464 1 HEX   B4                      ping       0204495725  22:34:34.724  2878730816
 0000300  TV 264 4 HEX   14  33  82  00             aaaa    0204712409  22:34:34.941  2880900816


 0000301  HU 464 1 HEX   B5                      ping       0204714760  22:34:34.943  2880920816
 0000304  TV 264 4 HEX   15  29  01  00           cccc      0204740390  22:34:34.969  2881180816

 0000302  HU 464 3 HEX   1E  28  01              bbbb       0204729120  22:34:34.958  2881070816

 0000303  TV 264 1 HEX   BF                      pong       0204730219  22:34:34.959  2881080816

 0000305  HU 464 1 HEX   B6                       ping      0204742777  22:34:34.971  2881200816
 0000310  TV 264 4 HEX   16  29  01  00          cccc       0204780326  22:34:35.009  2881580816

 0000308  HU 464 3 HEX   1F  28  01               bbb      0204762221  22:34:34.991  2881400816

 0000309  TV 264 1 HEX   B0                     pong        0204770119  22:34:34.999  2881480816

 0000311  HU 464 1 HEX   B7                     ping        0204782750  22:34:35.011  2881600816
 0000317  TV 264 4 HEX   17  33  8B  00         dddd        0205803601  22:34:36.032  2891810816

 0000318  HU 464 1 HEX   B8                    ping         0205806007  22:34:36.034  2891830816
 0000325  TV 264 4 HEX   18  33  8B  00         dddd        0207040403  22:34:37.269  2904180816

 0000326  HU 464 1 HEX   B9                     ping        0207043159  22:34:37.272  2904210816

 0000328  HU 464 2 HEX   A3  00             ping            0207595295  22:34:37.824  2909730816
 0000330  TV 264 2 HEX   A1  01             pong            0207599657  22:34:37.828  2909770816

 0000345  TV 264 4 HEX   19  33  8B  00        dddd         0208960066  22:34:39.188  2923370816

 0000346  HU 464 1 HEX   BA                 ping            0208962399  22:34:39.191  2923400816
 0000352  TV 264 4 HEX   1A  33  8B  00         dddd        0210208856  22:34:40.437  2935860816


 0000353  HU 464 1 HEX   BB                  ping           0210211299  22:34:40.440  2935890816
 0000375  TV 264 4 HEX   1B  33  8B  00        dddd         0213394176  22:34:43.623  2967720816

 0000365  HU 464 2 HEX   A3  00             ping            0212597778  22:34:42.826  2959750816
 0000367  TV 264 2 HEX   A1  01             pong            0212599347  22:34:42.828  2959770816

 0000376  HU 464 1 HEX   BC                 ping            0213396417  22:34:43.625  2967740816
 0000385  TV 264 4 HEX   1C  33  8B  00         dddd        0215954827  22:34:46.183  2993320816

 0000386  HU 464 1 HEX   BD                   ping          0215957251  22:34:46.186  2993350816
 0000402  TV 264 4 HEX   1D  c  8B  00        dddd         0218514456  22:34:48.743  3018920816

 0000392  HU 464 2 HEX   A3  00              ping           0217599318  22:34:47.828  3009770816
 0000394  TV 264 2 HEX   A1  01              pong           0217608072  22:34:47.836  3009850816

 0000403  HU 464 1 HEX   BE                  ping           0218517946  22:34:48.746  3018950816
 0000412  TV 264 4 HEX   1E  33  8B  00         dddd        0221073986  22:34:51.302  3044510816
 0000413  HU 464 1 HEX   BF                   ping          0221077127  22:34:51.306  3044550816

 0000420  TV 264 4 HEX   1F  41  02  00                 0222467558  22:34:52.696  3058450816

 0000418  HU 464 3 HEX   10  40  02                     0222455995  22:34:52.684  3058330816
 0000421  HU 464 1 HEX   B0                    ping         0222469836  22:34:52.698  3058470816
 0000419  TV 264 1 HEX   B1                    pong         0222457370  22:34:52.686  3058350816


 0000425  HU 464 2 HEX   A3  00              ping           0222602284  22:34:52.831  3059800816
 0000427  TV 264 2 HEX   A1  01              pong           0222607234  22:34:52.836  3059850816

