 0000001  00000001 2 HEX   8A  00                         1364616975 28.12.2024 21:38:02.517 0031152496 3316399184
 0000002  00000448 3 HEX   E0  01  00                     1364618862 28.12.2024 21:38:02.519 0031152496 3316419184
 0000003  00000248 3 HEX   E0  01  00                     1364620164 28.12.2024 21:38:02.521 0031152496 3316439184
 0000004  0000041C 3 HEX   E0  01  00                     1364621079 28.12.2024 21:38:02.522 0031152496 3316449184
 0000005  00000248 2 HEX   E1  01                         1364623593 28.12.2024 21:38:02.524 0031152496 3316469184
 0000006  00000448 2 HEX   E1  01                         1364626013 28.12.2024 21:38:02.526 0031152496 3316489184
 0000007  0000044C 3 HEX   E0  01  00                     1364627552 28.12.2024 21:38:02.528 0031152496 3316509184
 0000008  HU 464 3 HEX   E0  01  00                     1364628963 28.12.2024 21:38:02.529 0031152496 3316519184
 0000009  00000248 7 HEX   10  15  01  00  03  00  00     1364630504 28.12.2024 21:38:02.531 0031152496 3316539184
 0000010  00000448 1 HEX   B1                             1364632806 28.12.2024 21:38:02.533 0031152496 3316559184
 0000011  00000448 5 HEX   10  E0  04  01  00             1364636104 28.12.2024 21:38:02.537 0031152496 3316599184
 0000012  00000248 1 HEX   B1                             1364638513 28.12.2024 21:38:02.539 0031152496 3316619184
 0000013  00000248 5 HEX   11  0B  02  E0  04             1364642289 28.12.2024 21:38:02.543 0031152496 3316659184
 0000014  00000448 1 HEX   B2                             1364645542 28.12.2024 21:38:02.546 0031152496 3316689184
 0000015  00000448 3 HEX   11  00  02                     1364649961 28.12.2024 21:38:02.550 0031152496 3316729184
 0000016  00000248 1 HEX   B2                             1364652255 28.12.2024 21:38:02.553 0031152496 3316759184
 0000017  00000248 3 HEX   12  01  02                     1364655847 28.12.2024 21:38:02.556 0031152496 3316789184
 0000018  00000448 1 HEX   B3                             1364658049 28.12.2024 21:38:02.559 0031152496 3316819184
 0000019  00000448 3 HEX   12  00  01                     1364659822 28.12.2024 21:38:02.560 0031152496 3316829184
 0000020  00000248 1 HEX   B3                             1364662759 28.12.2024 21:38:02.563 0031152496 3316859184
 0000021  00000248 3 HEX   13  01  03                     1364666369 28.12.2024 21:38:02.567 0031152496 3316899184
 0000022  00000448 3 HEX   13  00  01                     1364667267 28.12.2024 21:38:02.568 0031152496 3316909184
 0000023  00000248 1 HEX   B4                             1364669579 28.12.2024 21:38:02.570 0031152496 3316929184
 0000024  00000448 1 HEX   B4                             1364673300 28.12.2024 21:38:02.574 0031152496 3316969184
 0000025  00000448 8 HEX   50  E4  06  00  00  3C  FF  00 1364676745 28.12.2024 21:38:02.577 0031152496 3316999184
 0000026  00000248 7 HEX   14  E1  05  01  00  00  00     1364679105 28.12.2024 21:38:02.580 0031152496 3317029184
 0000027  00000248 1 HEX   F1                             1364680581 28.12.2024 21:38:02.581 0031152496 3317039184
 0000028  00000448 1 HEX   B5                             1364683162 28.12.2024 21:38:02.584 0031152496 3317069184
 0000029  00000448 3 HEX   14  E1  14                     1364684623 28.12.2024 21:38:02.585 0031152496 3317079184
 0000030  00000248 1 HEX   B5                             1364687211 28.12.2024 21:38:02.588 0031152496 3317109184
 0000031  00000248 3 HEX   15  01  03                     1364691171 28.12.2024 21:38:02.592 0031152496 3317149184
 0000032  00000448 2 HEX   15  72                         1364691958 28.12.2024 21:38:02.592 0031152496 3317149184
 0000033  00000448 1 HEX   B6                             1364693649 28.12.2024 21:38:02.594 0031152496 3317169184
 0000034  00000248 1 HEX   95                             1364694338 28.12.2024 21:38:02.595 0031152496 3317179184
 0000035  00000248 5 HEX   16  0B  05  E1  14             1364700502 28.12.2024 21:38:02.601 0031152496 3317239184
 0000036  00000448 1 HEX   B7                             1364702874 28.12.2024 21:38:02.603 0031152496 3317259184
 0000037  00000248 5 HEX   17  0B  05  E4  06             1364707826 28.12.2024 21:38:02.608 0031152496 3317309184
 0000038  00000448 1 HEX   B8                             1364710142 28.12.2024 21:38:02.611 0031152496 3317339184
 0000039  00000448 2 HEX   15  72                         1364898055 28.12.2024 21:38:02.799 0031152496 3319219184
 0000040  00000248 1 HEX   B6                             1364900310 28.12.2024 21:38:02.801 0031152496 3319239184
 0000041  00000248 4 HEX   18  0B  05  72                 1364904012 28.12.2024 21:38:02.804 0031152496 3319269184
 0000042  00000448 3 HEX   16  E1  14                     1364904875 28.12.2024 21:38:02.805 0031152496 3319279184
 0000043  00000448 1 HEX   B9                             1364906654 28.12.2024 21:38:02.807 0031152496 3319299184
 0000044  00000248 1 HEX   B7                             1364907324 28.12.2024 21:38:02.808 0031152496 3319309184
 0000045  00000448 3 HEX   17  E1  14                     1364911449 28.12.2024 21:38:02.812 0031152496 3319349184
 0000046  00000248 5 HEX   19  0B  05  E1  14             1364914460 28.12.2024 21:38:02.815 0031152496 3319379184
 0000047  00000248 1 HEX   B8                             1364916133 28.12.2024 21:38:02.817 0031152496 3319399184
 0000048  00000448 1 HEX   BA                             1364916822 28.12.2024 21:38:02.817 0031152496 3319399184
 0000049  00000248 5 HEX   1A  0B  05  E1  14             1364922729 28.12.2024 21:38:02.823 0031152496 3319459184
 0000050  00000448 1 HEX   BB                             1364924973 28.12.2024 21:38:02.825 0031152496 3319479184
 0000051  00000248 7 HEX   1B  E1  05  01  00  00  00     1365545227 28.12.2024 21:38:03.446 0031152496 3325689184
 0000052  00000448 1 HEX   BC                             1365547512 28.12.2024 21:38:03.448 0031152496 3325709184
 0000053  00000448 2 HEX   18  72                         1365550608 28.12.2024 21:38:03.451 0031152496 3325739184
 0000054  00000248 1 HEX   B9                             1365552917 28.12.2024 21:38:03.453 0031152496 3325759184
 0000055  00000248 4 HEX   1C  0B  05  72                 1365556565 28.12.2024 21:38:03.457 0031152496 3325799184
 0000056  00000448 1 HEX   BD                             1365558787 28.12.2024 21:38:03.459 0031152496 3325819184
 0000057  0000041C 3 HEX   E0  01  00                     1365621583 28.12.2024 21:38:03.522 0031152496 3326449184
 0000058  0000044C 3 HEX   E0  01  00                     1365628563 28.12.2024 21:38:03.529 0031152496 3326519184
 0000059  HU 464 3 HEX   E0  01  00                     1365630416 28.12.2024 21:38:03.531 0031152496 3326539184
 0000060  00000001 2 HEX   8A  00                         1365644598 28.12.2024 21:38:03.545 0031152496 3326679184
 0000061  00000448 7 HEX   19  0C  04  00  00  00  00     1365800138 28.12.2024 21:38:03.701 0031152496 3328239184
 0000062  00000248 1 HEX   BA                             1365802642 28.12.2024 21:38:03.703 0031152496 3328259184
 0000063  00000248 7 HEX   1D  E1  05  01  00  00  00     1366550217 28.12.2024 21:38:04.451 0031152496 3335739184
 0000064  00000448 1 HEX   BE                             1366552630 28.12.2024 21:38:04.453 0031152496 3335759184
 0000065  0000041C 3 HEX   E0  01  00                     1366622483 28.12.2024 21:38:04.523 0031152496 3336459184
 0000066  0000044C 3 HEX   E0  01  00                     1366629921 28.12.2024 21:38:04.530 0031152496 3336529184
 0000067  HU 464 3 HEX   E0  01  00                     1366631921 28.12.2024 21:38:04.532 0031152496 3336549184
 0000068  00000001 2 HEX   8A  00                         1366668760 28.12.2024 21:38:04.569 0031152496 3336919184
 0000069  00000248 7 HEX   1E  E1  05  01  00  00  00     1367540260 28.12.2024 21:38:05.441 0031152496 3345639184
 0000070  00000448 1 HEX   BF                             1367542544 28.12.2024 21:38:05.443 0031152496 3345659184
 0000071  0000041C 3 HEX   E0  01  00                     1367623697 28.12.2024 21:38:05.524 0031152496 3346469184
 0000072  0000044C 3 HEX   E0  01  00                     1367631154 28.12.2024 21:38:05.532 0031152496 3346549184
 0000073  HU 464 3 HEX   E0  01  00                     1367633411 28.12.2024 21:38:05.534 0031152496 3346569184
 0000074  00000001 2 HEX   8A  00                         1367693769 28.12.2024 21:38:05.594 0031152496 3347169184
 0000075  00000248 7 HEX   1F  E1  05  01  00  00  00     1368530283 28.12.2024 21:38:06.431 0031152496 3355539184
 0000076  00000448 1 HEX   B0                             1368532568 28.12.2024 21:38:06.433 0031152496 3355559184
 0000077  0000041C 3 HEX   E0  01  00                     1368624912 28.12.2024 21:38:06.525 0031152496 3356479184
 0000078  0000044C 3 HEX   E0  01  00                     1368632406 28.12.2024 21:38:06.533 0031152496 3356559184
 0000079  HU 464 3 HEX   E0  01  00                     1368634920 28.12.2024 21:38:06.535 0031152496 3356579184
 0000080  00000001 2 HEX   8A  00                         1368718872 28.12.2024 21:38:06.619 0031152496 3357419184
 0000081  00000448 2 HEX   A3  00                         1369461379 28.12.2024 21:38:07.362 0031152496 3364849184
 0000082  00000248 2 HEX   E1  01                         1369463799 28.12.2024 21:38:07.364 0031152496 3364869184
 0000083  00000248 7 HEX   10  E1  05  01  00  00  00     1369535309 28.12.2024 21:38:07.436 0031152496 3365589184
 0000084  00000448 1 HEX   B1                             1369537594 28.12.2024 21:38:07.438 0031152496 3365609184
 0000085  0000041C 3 HEX   E0  01  00                     1369627052 28.12.2024 21:38:07.528 0031152496 3366509184
 0000086  0000044C 3 HEX   E0  01  00                     1369633627 28.12.2024 21:38:07.534 0031152496 3366569184
 0000087  HU 464 3 HEX   E0  01  00                     1369636178 28.12.2024 21:38:07.537 0031152496 3366599184
 0000088  00000001 2 HEX   8A  00                         1369743890 28.12.2024 21:38:07.644 0031152496 3367669184
 0000089  00000448 3 HEX   1A  E1  14                     1369929142 28.12.2024 21:38:07.830 0031152496 3369529184
 0000090  00000248 1 HEX   BB                             1369931454 28.12.2024 21:38:07.832 0031152496 3369549184
 0000091  00000248 5 HEX   11  0B  05  E1  14             1369935248 28.12.2024 21:38:07.836 0031152496 3369589184
 0000092  00000448 1 HEX   B2                             1369937492 28.12.2024 21:38:07.838 0031152496 3369609184
 0000093  00000248 7 HEX   12  E1  05  01  00  00  00     1370525333 28.12.2024 21:38:08.426 0031152496 3375489184
 0000094  00000448 1 HEX   B3                             1370527617 28.12.2024 21:38:08.428 0031152496 3375509184
 0000095  0000041C 3 HEX   E0  01  00                     1370628230 28.12.2024 21:38:08.529 0031152496 3376519184
 0000096  0000044C 3 HEX   E0  01  00                     1370634842 28.12.2024 21:38:08.535 0031152496 3376579184
 0000097  HU 464 3 HEX   E0  01  00                     1370637374 28.12.2024 21:38:08.538 0031152496 3376609184
 0000098  00000001 2 HEX   8A  00                         1370768881 28.12.2024 21:38:08.669 0031152496 3377919184
 0000099  00000248 7 HEX   13  E1  05  01  00  00  00     1371515395 28.12.2024 21:38:09.416 0031152496 3385389184
 0000100  00000448 1 HEX   B4                             1371517661 28.12.2024 21:38:09.418 0031152496 3385409184
 0000101  0000041C 3 HEX   E0  01  00                     1371629464 28.12.2024 21:38:09.530 0031152496 3386529184
 0000102  0000044C 3 HEX   E0  01  00                     1371636094 28.12.2024 21:38:09.537 0031152496 3386599184
 0000103  HU 464 3 HEX   E0  01  00                     1371638719 28.12.2024 21:38:09.539 0031152496 3386619184
 0000104  00000001 2 HEX   8A  00                         1371794003 28.12.2024 21:38:09.694 0031152496 3388169184
 0000105  00000248 7 HEX   14  E1  05  01  00  00  00     1372520378 28.12.2024 21:38:10.421 0031152496 3395439184
 0000106  00000448 1 HEX   B5                             1372522680 28.12.2024 21:38:10.423 0031152496 3395459184
 0000107  0000041C 3 HEX   E0  01  00                     1372630662 28.12.2024 21:38:10.531 0031152496 3396539184
 0000108  0000044C 3 HEX   E0  01  00                     1372637384 28.12.2024 21:38:10.538 0031152496 3396609184
 0000109  HU 464 3 HEX   E0  01  00                     1372640228 28.12.2024 21:38:10.541 0031152496 3396639184
 0000110  00000001 2 HEX   8A  00                         1372819033 28.12.2024 21:38:10.719 0031152496 3398419184
 0000111  00000248 7 HEX   15  E1  05  01  00  00  00     1373510403 28.12.2024 21:38:11.411 0031152496 3405339184
 0000112  00000448 1 HEX   B6                             1373513882 28.12.2024 21:38:11.414 0031152496 3405369184
 0000113  0000041C 3 HEX   E0  01  00                     1373631896 28.12.2024 21:38:11.532 0031152496 3406549184
 0000114  0000044C 3 HEX   E0  01  00                     1373638783 28.12.2024 21:38:11.539 0031152496 3406619184
 0000115  HU 464 3 HEX   E0  01  00                     1373641260 28.12.2024 21:38:11.542 0031152496 3406649184
 0000116  00000001 2 HEX   8A  00                         1373844026 28.12.2024 21:38:11.744 0031152496 3408669184
 0000117  00000448 2 HEX   A3  00                         1374463219 28.12.2024 21:38:12.364 0031152496 3414869184
 0000118  00000248 2 HEX   E1  01                         1374465602 28.12.2024 21:38:12.366 0031152496 3414889184
 0000119  00000248 7 HEX   16  E1  05  01  00  00  00     1374500417 28.12.2024 21:38:12.401 0031152496 3415239184
 0000120  00000448 1 HEX   B7                             1374502793 28.12.2024 21:38:12.403 0031152496 3415259184
 0000121  00000001 2 HEX   8A  00                         1374868925 28.12.2024 21:38:12.769 0031152496 3418919184
 0000122  00000448 3 HEX   1B  E1  14                     1374941666 28.12.2024 21:38:12.842 0031152496 3419649184
 0000123  00000248 1 HEX   BC                             1374944015 28.12.2024 21:38:12.844 0031152496 3419669184
 0000124  00000248 5 HEX   17  0B  05  E1  14             1374947754 28.12.2024 21:38:12.848 0031152496 3419709184
 0000125  00000448 1 HEX   B8                             1374949997 28.12.2024 21:38:12.850 0031152496 3419729184
 0000126  00000248 7 HEX   18  E1  05  01  00  00  00     1375505443 28.12.2024 21:38:13.406 0031152496 3425289184
 0000127  00000448 1 HEX   B9                             1375507728 28.12.2024 21:38:13.408 0031152496 3425309184
 0000128  00000001 2 HEX   8A  00                         1375893851 28.12.2024 21:38:13.794 0031152496 3429169184
 0000129  00000248 7 HEX   19  E1  05  01  00  00  00     1376495477 28.12.2024 21:38:14.396 0031152496 3435189184
 0000130  00000448 1 HEX   BA                             1376498387 28.12.2024 21:38:14.399 0031152496 3435219184
 0000131  00000001 2 HEX   8A  00                         1376918872 28.12.2024 21:38:14.819 0031152496 3439419184
 0000132  00000248 7 HEX   1A  E1  05  01  00  00  00     1377485493 28.12.2024 21:38:15.386 0031152496 3445089184
 0000133  00000448 1 HEX   BB                             1377487778 28.12.2024 21:38:15.388 0031152496 3445109184
 0000134  00000001 2 HEX   8A  00                         1377943818 28.12.2024 21:38:15.844 0031152496 3449669184
 0000135  00000248 7 HEX   1B  E1  05  01  00  00  00     1378490540 28.12.2024 21:38:16.391 0031152496 3455139184
 0000136  00000448 1 HEX   BC                             1378492824 28.12.2024 21:38:16.393 0031152496 3455159184
 0000137  00000001 2 HEX   8A  00                         1378968838 28.12.2024 21:38:16.869 0031152496 3459919184
 0000138  00000448 2 HEX   A3  00                         1379465028 28.12.2024 21:38:17.365 0031152496 3464879184
 0000139  00000248 2 HEX   E1  01                         1379467412 28.12.2024 21:38:17.368 0031152496 3464909184
 0000140  00000248 7 HEX   1C  E1  05  01  00  00  00     1379480544 28.12.2024 21:38:17.381 0031152496 3465039184
 0000141  00000448 1 HEX   BD                             1379482902 28.12.2024 21:38:17.383 0031152496 3465059184
 0000142  00000448 3 HEX   1C  E1  14                     1379955315 28.12.2024 21:38:17.856 0031152496 3469789184
 0000143  00000248 1 HEX   BD                             1379957627 28.12.2024 21:38:17.858 0031152496 3469809184
 0000144  00000248 5 HEX   1D  0B  05  E1  14             1379961568 28.12.2024 21:38:17.862 0031152496 3469849184
 0000145  00000448 1 HEX   BE                             1379963829 28.12.2024 21:38:17.864 0031152496 3469869184
 0000146  00000001 2 HEX   8A  00                         1379993808 28.12.2024 21:38:17.894 0031152496 3470169184
 0000147  00000248 7 HEX   1E  E1  05  01  00  00  00     1380470576 28.12.2024 21:38:18.371 0031152496 3474939184
 0000148  00000448 1 HEX   BF                             1380473559 28.12.2024 21:38:18.374 0031152496 3474969184
 0000149  00000001 2 HEX   8A  00                         1381018738 28.12.2024 21:38:18.919 0031152496 3480419184
 0000150  00000248 7 HEX   1F  E1  05  01  00  00  00     1381475641 28.12.2024 21:38:19.376 0031152496 3484989184
 0000151  00000448 1 HEX   B0                             1381477944 28.12.2024 21:38:19.378 0031152496 3485009184
 0000152  00000001 2 HEX   8A  00                         1382043703 28.12.2024 21:38:19.944 0031152496 3490669184
 0000153  00000248 7 HEX   10  E1  05  01  00  00  00     1382465620 28.12.2024 21:38:20.366 0031152496 3494889184
 0000154  00000448 1 HEX   B1                             1382467923 28.12.2024 21:38:20.368 0031152496 3494909184
 0000155  00000001 2 HEX   8A  00                         1383068649 28.12.2024 21:38:20.969 0031152496 3500919184
 0000156  00000248 7 HEX   11  E1  05  01  00  00  00     1383455654 28.12.2024 21:38:21.356 0031152496 3504789184
 0000157  00000448 1 HEX   B2                             1383457938 28.12.2024 21:38:21.358 0031152496 3504809184
