 0000001  TV 264 4 HEX   18  33  63  00                 4231447516 11.07.2026 17:23:04.472 0031265113 4003975552
 0000002  HU 464 1 HEX   B9                             4231449757 11.07.2026 17:23:04.475 0031265113 4004005552
 0000003  HU 464 2 HEX   A3  00                         4233296312 11.07.2026 17:23:06.321 0031265113 4022465552
 0000004  TV 264 2 HEX   A1  01                         4233304490 11.07.2026 17:23:06.329 0031265113 4022545552
 0000005  TV 264 4 HEX   19  33  63  00                 4234007080 11.07.2026 17:23:07.032 0031265113 4029575552
 0000006  HU 464 1 HEX   BA                             4234009321 11.07.2026 17:23:07.034 0031265113 4029595552
 0000007  TV 264 4 HEX   1A  33  63  00                 4236567626 11.07.2026 17:23:09.592 0031265113 4055175552
 0000008  HU 464 1 HEX   BB                             4236569904 11.07.2026 17:23:09.595 0031265113 4055205552
 0000009  HU 464 2 HEX   A3  00                         4238297573 11.07.2026 17:23:11.322 0031265113 4072475552
 0000010  TV 264 2 HEX   A1  01                         4238303840 11.07.2026 17:23:11.329 0031265113 4072545552
 0000011  TV 264 4 HEX   1B  33  63  00                 4239127117 11.07.2026 17:23:12.152 0031265113 4080775552
 0000012  HU 464 1 HEX   BC                             4239129413 11.07.2026 17:23:12.154 0031265113 4080795552
 0000013  TV 264 4 HEX   1C  33  63  00                 4241687664 11.07.2026 17:23:14.712 0031265113 4106375552
 0000014  HU 464 1 HEX   BD                             4241689941 11.07.2026 17:23:14.715 0031265113 4106405552
 0000015  HU 464 2 HEX   A3  00                         4243298834 11.07.2026 17:23:16.324 0031265113 4122495552
 0000016  TV 264 2 HEX   A1  01                         4243302731 11.07.2026 17:23:16.327 0031265113 4122525552
 0000017  TV 264 4 HEX   1D  33  63  00                 4244247265 11.07.2026 17:23:17.272 0031265113 4131975552
 0000018  HU 464 1 HEX   BE                             4244249634 11.07.2026 17:23:17.274 0031265113 4131995552
 0000019  TV 264 4 HEX   1E  33  63  00                 4246807988 11.07.2026 17:23:19.833 0031265113 4157585552
 0000020  HU 464 1 HEX   BF                             4246810266 11.07.2026 17:23:19.835 0031265113 4157605552
 0000021  HU 464 2 HEX   A3  00                         4248300108 11.07.2026 17:23:21.325 0031265113 4172505552
 0000022  TV 264 2 HEX   A1  01                         4248301964 11.07.2026 17:23:21.327 0031265113 4172525552
 0000023  TV 264 4 HEX   1F  33  63  00                 4249368331 11.07.2026 17:23:22.393 0031265113 4183185552
 0000024  HU 464 1 HEX   B0                             4249370572 11.07.2026 17:23:22.395 0031265113 4183205552
 0000025  TV 264 4 HEX   10  33  63  00                 4251927893 11.07.2026 17:23:24.953 0031265113 4208785552
 0000026  HU 464 1 HEX   B1                             4251930115 11.07.2026 17:23:24.955 0031265113 4208805552
 0000027  HU 464 2 HEX   A3  00                         4253301351 11.07.2026 17:23:26.326 0031265113 4222515552
 0000028  TV 264 2 HEX   A1  01                         4253310943 11.07.2026 17:23:26.336 0031265113 4222615552
 0000029  TV 264 4 HEX   11  33  63  00                 4254488479 11.07.2026 17:23:27.513 0031265113 4234385552
 0000030  HU 464 1 HEX   B2                             4254490793 11.07.2026 17:23:27.516 0031265113 4234415552
 0000031  TV 264 4 HEX   12  33  63  00                 4257047913 11.07.2026 17:23:30.073 0031265113 4259985552
 0000032  HU 464 1 HEX   B3                             4257050172 11.07.2026 17:23:30.075 0031265113 4260005552
 0000033  HU 464 2 HEX   A3  00                         4258302630 11.07.2026 17:23:31.327 0031265113 4272525552
 0000034  TV 264 2 HEX   A1  01                         4258310055 11.07.2026 17:23:31.335 0031265113 4272605552
 0000035  TV 264 4 HEX   13  33  63  00                 4259608461 11.07.2026 17:23:32.633 0031265113 4285585552
 0000036  HU 464 1 HEX   B4                             4259610702 11.07.2026 17:23:32.635 0031265113 4285605552
 0000037  TV 264 4 HEX   14  33  63  00                 4262168078 11.07.2026 17:23:35.193 0031265114 0016218256
 0000038  HU 464 1 HEX   B5                             4262170301 11.07.2026 17:23:35.195 0031265114 0016238256
 0000039  HU 464 2 HEX   A3  00                         4263303891 11.07.2026 17:23:36.329 0031265114 0027578256
 0000040  TV 264 2 HEX   A1  01                         4263309202 11.07.2026 17:23:36.334 0031265114 0027628256
 0000041  TV 264 4 HEX   15  33  63  00                 4264728565 11.07.2026 17:23:37.753 0031265114 0041818256
 0000042  HU 464 1 HEX   B6                             4264730806 11.07.2026 17:23:37.756 0031265114 0041848256
 0000043  TV 264 4 HEX   16  33  63  00                 4267288152 11.07.2026 17:23:40.313 0031265114 0067418256
 0000044  HU 464 1 HEX   B7                             4267290374 11.07.2026 17:23:40.315 0031265114 0067438256
 0000045  HU 464 2 HEX   A3  00                         4268305391 11.07.2026 17:23:41.330 0031265114 0077588256
 0000046  TV 264 2 HEX   A1  01                         4268308258 11.07.2026 17:23:41.333 0031265114 0077618256
 0000047  TV 264 4 HEX   17  33  63  00                 4269849649 11.07.2026 17:23:42.874 0031265114 0093028256
 0000048  HU 464 1 HEX   B8                             4269851890 11.07.2026 17:23:42.877 0031265114 0093058256
 0000049  HU 464 3 HEX   11  00  01                     4272000925 11.07.2026 17:23:45.026 0031265114 0114548256
 0000050  TV 264 1 HEX   B2                             4272007666 11.07.2026 17:23:45.032 0031265114 0114608256
 0000051  HU 464 7 HEX   12  0C  02  00  00  00  00     4272012581 11.07.2026 17:23:45.037 0031265114 0114658256
 0000052  TV 264 3 HEX   18  01  01                     4272017732 11.07.2026 17:23:45.042 0031265114 0114708256
 0000053  HU 464 1 HEX   B9                             4272019952 11.07.2026 17:23:45.045 0031265114 0114738256
 0000054  TV 264 1 HEX   B3                             4272027513 11.07.2026 17:23:45.052 0031265114 0114808256
 0000055  HU 464 2 HEX   13  32                         4272031859 11.07.2026 17:23:45.057 0031265114 0114858256
 0000056  TV 264 1 HEX   B4                             4272037660 11.07.2026 17:23:45.062 0031265114 0114908256
 0000057  TV 264 4 HEX   19  33  63  00                 4272047830 11.07.2026 17:23:45.073 0031265114 0115018256
 0000058  HU 464 1 HEX   BA                             4272050732 11.07.2026 17:23:45.075 0031265114 0115038256
 0000059  TV 264 3 HEX   1A  0D  02                     4272067811 11.07.2026 17:23:45.093 0031265114 0115218256
 0000060  HU 464 1 HEX   BB                             4272070032 11.07.2026 17:23:45.095 0031265114 0115238256
 0000061  HU 464 3 HEX   14  00  01                     4272073587 11.07.2026 17:23:45.098 0031265114 0115268256
 0000062  TV 264 1 HEX   B5                             4272077700 11.07.2026 17:23:45.102 0031265114 0115308256
 0000063  TV 264 4 HEX   1B  27  01  01                 4272087833 11.07.2026 17:23:45.113 0031265114 0115418256
 0000064  HU 464 1 HEX   BC                             4272090240 11.07.2026 17:23:45.115 0031265114 0115438256
 0000065  TV 264 3 HEX   1C  01  01                     4272108146 11.07.2026 17:23:45.133 0031265114 0115618256
 0000066  HU 464 1 HEX   BD                             4272110384 11.07.2026 17:23:45.135 0031265114 0115638256
 0000067  HU 464 2 HEX   15  08                         4272113848 11.07.2026 17:23:45.139 0031265114 0115678256
 0000068  TV 264 1 HEX   B6                             4272118344 11.07.2026 17:23:45.143 0031265114 0115718256
 0000069  HU 464 2 HEX   16  32                         4272123130 11.07.2026 17:23:45.148 0031265114 0115768256
 0000070  TV 264 4 HEX   1D  33  E3  00                 4272127847 11.07.2026 17:23:45.153 0031265114 0115818256
 0000071  HU 464 1 HEX   BE                             4272130107 11.07.2026 17:23:45.155 0031265114 0115838256
 0000072  TV 264 1 HEX   B7                             4272137484 11.07.2026 17:23:45.162 0031265114 0115908256
 0000073  TV 264 8 HEX   0E  09  01  01  20  00  20  33 4272148426 11.07.2026 17:23:45.173 0031265114 0116018256
 0000074  HU 464 1 HEX   BF                             4272151282 11.07.2026 17:23:45.176 0031265114 0116048256
 0000075  TV 264 8 HEX   0F  39  30  30  00  56  49  54 4272158274 11.07.2026 17:23:45.183 0031265114 0116118256
 0000076  HU 464 1 HEX   B0                             4272160891 11.07.2026 17:23:45.186 0031265114 0116148256
 0000077  TV 264 7 HEX   10  00  99  44  01  08  07     4272168195 11.07.2026 17:23:45.193 0031265114 0116218256
 0000078  HU 464 1 HEX   B1                             4272171067 11.07.2026 17:23:45.196 0031265114 0116248256
 0000079  TV 264 4 HEX   11  33  E3  00                 4272187834 11.07.2026 17:23:45.213 0031265114 0116418256
 0000080  HU 464 1 HEX   B2                             4272192097 11.07.2026 17:23:45.217 0031265114 0116458256
 0000081  HU 464 4 HEX   17  F1  10  01                 4272220274 11.07.2026 17:23:45.245 0031265114 0116738256
 0000082  TV 264 1 HEX   B8                             4272228119 11.07.2026 17:23:45.253 0031265114 0116818256
 0000083  TV 264 4 HEX   12  27  01  01                 4272272173 11.07.2026 17:23:45.297 0031265114 0117258256
 0000084  HU 464 1 HEX   B3                             4272275039 11.07.2026 17:23:45.300 0031265114 0117288256
 0000085  TV 264 4 HEX   13  33  E3  00                 4272314370 11.07.2026 17:23:45.339 0031265114 0117678256
 0000086  HU 464 1 HEX   B4                             4272316630 11.07.2026 17:23:45.341 0031265114 0117698256
 0000087  HU 464 3 HEX   18  00  01                     4272395106 11.07.2026 17:23:45.420 0031265114 0118488256
 0000088  TV 264 1 HEX   B9                             4272397565 11.07.2026 17:23:45.422 0031265114 0118508256
 0000089  HU 464 7 HEX   19  0C  01  00  00  00  00     4272403270 11.07.2026 17:23:45.428 0031265114 0118568256
 0000090  TV 264 3 HEX   14  01  01                     4272407649 11.07.2026 17:23:45.432 0031265114 0118608256
 0000091  HU 464 1 HEX   B5                             4272410108 11.07.2026 17:23:45.435 0031265114 0118638256
 0000092  TV 264 1 HEX   BA                             4272417449 11.07.2026 17:23:45.442 0031265114 0118708256
 0000093  HU 464 2 HEX   1A  32                         4272422750 11.07.2026 17:23:45.448 0031265114 0118768256
 0000094  TV 264 1 HEX   BB                             4272427651 11.07.2026 17:23:45.452 0031265114 0118808256
 0000095  TV 264 4 HEX   15  33  E3  00                 4272437766 11.07.2026 17:23:45.463 0031265114 0118918256
 0000096  HU 464 1 HEX   B6                             4272442653 11.07.2026 17:23:45.467 0031265114 0118958256
 0000097  TV 264 3 HEX   16  0D  01                     4272457803 11.07.2026 17:23:45.483 0031265114 0119118256
 0000098  HU 464 1 HEX   B7                             4272460004 11.07.2026 17:23:45.485 0031265114 0119138256
 0000099  HU 464 2 HEX   A3  00                         4273306835 11.07.2026 17:23:46.332 0031265114 0127608256
 0000100  TV 264 2 HEX   A1  01                         4273317401 11.07.2026 17:23:46.342 0031265114 0127708256
 0000101  TV 264 4 HEX   17  27  01  01                 4273403188 11.07.2026 17:23:46.428 0031265114 0128568256
 0000102  HU 464 1 HEX   B8                             4273405429 11.07.2026 17:23:46.430 0031265114 0128588256
 0000103  TV 264 4 HEX   18  33  63  00                 4273445110 11.07.2026 17:23:46.470 0031265114 0128988256
 0000104  HU 464 1 HEX   B9                             4273448876 11.07.2026 17:23:46.474 0031265114 0129028256
 0000105  TV 264 4 HEX   19  33  63  00                 4274045886 11.07.2026 17:23:47.071 0031265114 0134998256
 0000106  HU 464 1 HEX   BA                             4274049799 11.07.2026 17:23:47.075 0031265114 0135038256
 0000107  TV 264 4 HEX   1A  33  63  00                 4276605825 11.07.2026 17:23:49.631 0031265114 0160598256
 0000108  HU 464 1 HEX   BB                             4276609965 11.07.2026 17:23:49.635 0031265114 0160638256
 0000109  HU 464 2 HEX   A3  00                         4278308369 11.07.2026 17:23:51.333 0031265114 0177618256
 0000110  TV 264 2 HEX   A1  01                         4278316492 11.07.2026 17:23:51.341 0031265114 0177698256
 0000111  TV 264 4 HEX   1B  33  63  00                 4279166162 11.07.2026 17:23:52.191 0031265114 0186198256
 0000112  HU 464 1 HEX   BC                             4279168495 11.07.2026 17:23:52.193 0031265114 0186218256
 0000113  TV 264 4 HEX   1C  33  63  00                 4281725556 11.07.2026 17:23:54.750 0031265114 0211788256
 0000114  HU 464 1 HEX   BD                             4281729231 11.07.2026 17:23:54.754 0031265114 0211828256
 0000115  HU 464 5 HEX   1B  F7  F0  1A  86             4282092235 11.07.2026 17:23:55.117 0031265114 0215458256
 0000116  TV 264 1 HEX   BC                             4282095764 11.07.2026 17:23:55.121 0031265114 0215498256
 0000117  HU 464 3 HEX   1C  40  02                     4282100349 11.07.2026 17:23:55.125 0031265114 0215538256
 0000118  TV 264 8 HEX   0D  F7  F1  5A  86  22  08  20 4282106464 11.07.2026 17:23:55.131 0031265114 0215598256
 0000119  HU 464 1 HEX   BE                             4282108678 11.07.2026 17:23:55.133 0031265114 0215618256
 0000120  TV 264 1 HEX   BD                             4282115724 11.07.2026 17:23:55.140 0031265114 0215688256
 0000121  TV 264 8 HEX   0E  15  97  44  99  20  00  01 4282126446 11.07.2026 17:23:55.151 0031265114 0215798256
 0000122  HU 464 1 HEX   BF                             4282129872 11.07.2026 17:23:55.155 0031265114 0215838256
 0000123  TV 264 7 HEX   1F  11  01  00  01  08  07     4282136422 11.07.2026 17:23:55.161 0031265114 0215898256
 0000124  HU 464 1 HEX   B0                             4282138982 11.07.2026 17:23:55.164 0031265114 0215928256
 0000125  TV 264 4 HEX   10  41  02  00                 4282156135 11.07.2026 17:23:55.181 0031265114 0216098256
 0000126  HU 464 1 HEX   B1                             4282158376 11.07.2026 17:23:55.183 0031265114 0216118256
 0000127  HU 464 5 HEX   1D  F7  F0  21  16             4282306476 11.07.2026 17:23:55.331 0031265114 0217598256
 0000128  TV 264 1 HEX   BE                             4282315720 11.07.2026 17:23:55.340 0031265114 0217688256
 0000129  TV 264 8 HEX   01  F7  F1  61  16  00  00  00 4282319459 11.07.2026 17:23:55.344 0031265114 0217728256
 0000130  HU 464 1 HEX   B2                             4282321617 11.07.2026 17:23:55.346 0031265114 0217748256
 0000131  TV 264 6 HEX   12  00  00  00  00  00         4282326330 11.07.2026 17:23:55.351 0031265114 0217798256
 0000132  HU 464 1 HEX   B3                             4282329200 11.07.2026 17:23:55.354 0031265114 0217828256
 0000133  HU 464 2 HEX   A3  00                         4283310003 11.07.2026 17:23:56.335 0031265114 0227638256
 0000134  TV 264 2 HEX   A1  01                         4283315590 11.07.2026 17:23:56.340 0031265114 0227688256
 0000135  TV 264 4 HEX   13  33  63  00                 4284286645 11.07.2026 17:23:57.311 0031265114 0237398256
 0000136  HU 464 1 HEX   B4                             4284288886 11.07.2026 17:23:57.314 0031265114 0237428256
 0000137  TV 264 4 HEX   14  33  63  00                 4286846627 11.07.2026 17:23:59.871 0031265114 0262998256
 0000138  HU 464 1 HEX   B5                             4286848868 11.07.2026 17:23:59.874 0031265114 0263028256
 0000139  HU 464 2 HEX   A3  00                         4288311221 11.07.2026 17:24:01.336 0031265114 0277648256
 0000140  TV 264 2 HEX   A1  01                         4288314731 11.07.2026 17:24:01.339 0031265114 0277678256
 0000141  TV 264 4 HEX   15  33  63  00                 4289406205 11.07.2026 17:24:02.431 0031265114 0288598256
 0000142  HU 464 1 HEX   B6                             4289408445 11.07.2026 17:24:02.433 0031265114 0288618256
 0000143  TV 264 4 HEX   16  33  63  00                 4291966807 11.07.2026 17:24:04.992 0031265114 0314208256
 0000144  HU 464 1 HEX   B7                             4291969066 11.07.2026 17:24:04.994 0031265114 0314228256
 0000145  HU 464 2 HEX   A3  00                         4293312501 11.07.2026 17:24:06.337 0031265114 0327658256
 0000146  TV 264 2 HEX   A1  01                         4293314743 11.07.2026 17:24:06.340 0031265114 0327688256
 0000147  TV 264 4 HEX   17  33  63  00                 4294526364 11.07.2026 17:24:07.551 0031265114 0339798256
 0000148  HU 464 1 HEX   B8                             4294528605 11.07.2026 17:24:07.553 0031265114 0339818256
 0000149  TV 264 4 HEX   18  33  63  00                 0002119586 11.07.2026 17:24:10.112 0031265114 0365408256
 0000150  HU 464 1 HEX   B9                             0002121808 11.07.2026 17:24:10.114 0031265114 0365428256
 0000151  HU 464 2 HEX   A3  00                         0003346466 11.07.2026 17:24:11.339 0031265114 0377678256
 0000152  TV 264 2 HEX   A1  01                         0003355635 11.07.2026 17:24:11.348 0031265114 0377768256
 0000153  TV 264 4 HEX   19  33  63  00                 0004679172 11.07.2026 17:24:12.671 0031265114 0390998256
 0000154  HU 464 1 HEX   BA                             0004683220 11.07.2026 17:24:12.675 0031265114 0391038256
