 0000001  TV 264 4 HEX   1E  33  4B  00                 3941859681 11.07.2026 17:18:14.884 0031265113 1108095552
 0000002  HU 464 1 HEX   BF                             3941861922 11.07.2026 17:18:14.887 0031265113 1108125552

 0000003  HU 464 2 HEX   A3  00                         3943221532 11.07.2026 17:18:16.246 0031265113 1121715552
 0000004  TV 264 2 HEX   A1  01                         3943226715 11.07.2026 17:18:16.251 0031265113 1121765552

 0000005  TV 264 4 HEX   1F  33  4B  00                 3944419128 11.07.2026 17:18:17.444 0031265113 1133695552
 0000006  HU 464 1 HEX   B0                             3944421516 11.07.2026 17:18:17.446 0031265113 1133715552

 0000007  HU 464 7 HEX   19  F7  F0  18  02  FF  00     3946096186 11.07.2026 17:18:19.121 0031265113 1150465552
 0000008  TV 264 1 HEX   BA                             3946106096 11.07.2026 17:18:19.131 0031265113 1150565552

 0000009  TV 264 8 HEX   00  F7  F1  58  02  97  90  60 3946116835 11.07.2026 17:18:19.142 0031265113 1150675552
 0000010  HU 464 1 HEX   B1                             3946119416 11.07.2026 17:18:19.144 0031265113 1150695552

 0000011  TV 264 4 HEX   11  90  10  60                 3946126444 11.07.2026 17:18:19.151 0031265113 1150765552
 0000012  HU 464 1 HEX   B2                             3946128795 11.07.2026 17:18:19.154 0031265113 1150795552

 0000013  HU 464 6 HEX   1A  F7  F0  17  97  90         3946262355 11.07.2026 17:18:19.287 0031265113 1152125552
 0000014  TV 264 1 HEX   BB                             3946266070 11.07.2026 17:18:19.291 0031265113 1152165552

 0000015  TV 264 8 HEX   02  F7  F1  57  01  97  90  60 3946276773 11.07.2026 17:18:19.302 0031265113 1152275552
 0000016  HU 464 1 HEX   B3                             3946278932 11.07.2026 17:18:19.304 0031265113 1152295552

 0000017  TV 264 5 HEX   13  06  00  00  00             3946286621 11.07.2026 17:18:19.311 0031265113 1152365552
 0000018  HU 464 1 HEX   B4                             3946289012 11.07.2026 17:18:19.314 0031265113 1152395552

 0000019  HU 464 6 HEX   1B  F7  F0  17  90  10         3946434398 11.07.2026 17:18:19.459 0031265113 1153845552
 0000020  TV 264 1 HEX   BC                             3946436037 11.07.2026 17:18:19.461 0031265113 1153865552

 0000021  TV 264 8 HEX   04  F7  F1  57  01  90  10  60 3946446740 11.07.2026 17:18:19.472 0031265113 1153975552
 0000022  HU 464 1 HEX   B5                             3946448899 11.07.2026 17:18:19.474 0031265113 1153995552

 0000023  TV 264 5 HEX   15  0B  00  00  00             3946456772 11.07.2026 17:18:19.482 0031265113 1154075552
 0000024  HU 464 1 HEX   B6                             3946459162 11.07.2026 17:18:19.484 0031265113 1154095552

 0000025  TV 264 4 HEX   16  33  4B  00                 3946978628 11.07.2026 17:18:20.003 0031265113 1159285552
 0000026  HU 464 1 HEX   B7                             3946980869 11.07.2026 17:18:20.006 0031265113 1159315552

 0000027  HU 464 7 HEX   1C  F7  F0  18  02  FF  00     3946991719 11.07.2026 17:18:20.016 0031265113 1159415552
 0000028  TV 264 1 HEX   BD                             3946996025 11.07.2026 17:18:20.021 0031265113 1159465552

 0000029  TV 264 8 HEX   07  F7  F1  58  02  97  90  60 3947006656 11.07.2026 17:18:20.031 0031265113 1159565552
 0000030  HU 464 1 HEX   B8                             3947008833 11.07.2026 17:18:20.034 0031265113 1159595552

 0000031  TV 264 4 HEX   18  90  10  60                 3947016302 11.07.2026 17:18:20.041 0031265113 1159665552
 0000032  HU 464 1 HEX   B9                             3947018653 11.07.2026 17:18:20.043 0031265113 1159685552

 0000033  HU 464 6 HEX   1D  F7  F0  17  97  90         3947163905 11.07.2026 17:18:20.189 0031265113 1161145552
 0000034  TV 264 1 HEX   BE                             3947165948 11.07.2026 17:18:20.191 0031265113 1161165552

 0000035  TV 264 8 HEX   09  F7  F1  57  01  97  90  60 3947176670 11.07.2026 17:18:20.201 0031265113 1161265552
 0000036  HU 464 1 HEX   BA                             3947178828 11.07.2026 17:18:20.204 0031265113 1161295552

 0000037  TV 264 5 HEX   1A  06  00  00  00             3947186407 11.07.2026 17:18:20.211 0031265113 1161365552
 0000038  HU 464 1 HEX   BB                             3947188797 11.07.2026 17:18:20.214 0031265113 1161395552

 0000039  HU 464 6 HEX   1E  F7  F0  17  90  10         3947333522 11.07.2026 17:18:20.358 0031265113 1162835552
 0000040  TV 264 1 HEX   BF                             3947335915 11.07.2026 17:18:20.361 0031265113 1162865552

 0000041  TV 264 8 HEX   0B  F7  F1  57  01  90  10  60 3947346618 11.07.2026 17:18:20.371 0031265113 1162965552
 0000042  HU 464 1 HEX   BC                             3947348776 11.07.2026 17:18:20.374 0031265113 1162995552

 0000043  TV 264 5 HEX   1C  0B  00  00  00             3947356374 11.07.2026 17:18:20.381 0031265113 1163065552
 0000044  HU 464 1 HEX   BD                             3947358764 11.07.2026 17:18:20.384 0031265113 1163095552

 0000045  HU 464 7 HEX   1F  F7  F0  18  02  FF  00     3947604259 11.07.2026 17:18:20.629 0031265113 1165545552
 0000046  TV 264 1 HEX   B0                             3947605900 11.07.2026 17:18:20.631 0031265113 1165565552

 0000047  TV 264 8 HEX   0D  F7  F1  58  02  97  90  60 3947616530 11.07.2026 17:18:20.641 0031265113 1165665552
 0000048  HU 464 1 HEX   BE                             3947618725 11.07.2026 17:18:20.643 0031265113 1165685552

 0000049  TV 264 4 HEX   1E  90  10  60                 3947626213 11.07.2026 17:18:20.651 0031265113 1165765552
 0000050  HU 464 1 HEX   BF                             3947628582 11.07.2026 17:18:20.653 0031265113 1165785552

 0000051  HU 464 6 HEX   10  F7  F0  17  97  90         3947767764 11.07.2026 17:18:20.793 0031265113 1167185552
 0000052  TV 264 1 HEX   B1                             3947775871 11.07.2026 17:18:20.801 0031265113 1167265552

 0000053  TV 264 8 HEX   0F  F7  F1  57  01  97  90  60 3947786501 11.07.2026 17:18:20.811 0031265113 1167365552
 0000054  HU 464 1 HEX   B0                             3947788659 11.07.2026 17:18:20.813 0031265113 1167385552

 0000055  TV 264 5 HEX   10  06  00  00  00             3947796312 11.07.2026 17:18:20.821 0031265113 1167465552
 0000056  HU 464 1 HEX   B1                             3947798702 11.07.2026 17:18:20.823 0031265113 1167485552

 0000057  HU 464 6 HEX   11  F7  F0  17  90  10         3947941081 11.07.2026 17:18:20.966 0031265113 1168915552
 0000058  TV 264 1 HEX   B2                             3947945807 11.07.2026 17:18:20.971 0031265113 1168965552

 0000059  TV 264 8 HEX   01  F7  F1  57  01  90  10  60 3947956566 11.07.2026 17:18:20.981 0031265113 1169065552
 0000060  HU 464 1 HEX   B2                             3947958724 11.07.2026 17:18:20.983 0031265113 1169085552

 0000061  TV 264 5 HEX   12  0B  00  00  00             3947966230 11.07.2026 17:18:20.991 0031265113 1169165552
 0000062  HU 464 1 HEX   B3                             3947968620 11.07.2026 17:18:20.993 0031265113 1169185552

 0000063  HU 464 7 HEX   12  F7  F0  18  02  FF  00     3948195942 11.07.2026 17:18:21.221 0031265113 1171465552
 0000064  TV 264 1 HEX   B3                             3948205742 11.07.2026 17:18:21.231 0031265113 1171565552

 0000065  TV 264 8 HEX   03  F7  F1  58  02  97  90  60 3948216408 11.07.2026 17:18:21.241 0031265113 1171665552
 0000066  HU 464 1 HEX   B4                             3948219007 11.07.2026 17:18:21.244 0031265113 1171695552

 0000067  HU 464 2 HEX   A3  00                         3948223304 11.07.2026 17:18:21.248 0031265113 1171735552
 0000068  TV 264 2 HEX   A1  01                         3948225859 11.07.2026 17:18:21.251 0031265113 1171765552

 0000069  TV 264 4 HEX   14  90  10  60                 3948236052 11.07.2026 17:18:21.261 0031265113 1171865552
 0000070  HU 464 1 HEX   B5                             3948239211 11.07.2026 17:18:21.264 0031265113 1171895552

 0000071  HU 464 6 HEX   13  F7  F0  17  97  90         3948400566 11.07.2026 17:18:21.425 0031265113 1173505552
 0000072  TV 264 1 HEX   B4                             3948405696 11.07.2026 17:18:21.430 0031265113 1173555552

 0000073  TV 264 8 HEX   05  F7  F1  57  01  97  90  60 3948416436 11.07.2026 17:18:21.441 0031265113 1173665552
 0000074  HU 464 1 HEX   B6                             3948418686 11.07.2026 17:18:21.443 0031265113 1173685552

 0000075  TV 264 5 HEX   16  06  00  00  00             3948426155 11.07.2026 17:18:21.451 0031265113 1173765552
 0000076  HU 464 1 HEX   B7                             3948428527 11.07.2026 17:18:21.453 0031265113 1173785552

 0000077  HU 464 6 HEX   14  F7  F0  17  90  10         3948572151 11.07.2026 17:18:21.597 0031265113 1175225552
 0000078  TV 264 1 HEX   B5                             3948575646 11.07.2026 17:18:21.600 0031265113 1175255552

 0000079  TV 264 8 HEX   07  F7  F1  57  01  90  10  60 3948586367 11.07.2026 17:18:21.611 0031265113 1175365552
 0000080  HU 464 1 HEX   B8                             3948588544 11.07.2026 17:18:21.613 0031265113 1175385552

 0000081  TV 264 5 HEX   18  0B  00  00  00             3948596123 11.07.2026 17:18:21.621 0031265113 1175465552
 0000082  HU 464 1 HEX   B9                             3948598569 11.07.2026 17:18:21.623 0031265113 1175485552

 0000083  HU 464 7 HEX   15  F7  F0  18  02  FF  00     3948830416 11.07.2026 17:18:21.855 0031265113 1177805552
 0000084  TV 264 1 HEX   B6                             3948835659 11.07.2026 17:18:21.860 0031265113 1177855552

 0000085  TV 264 8 HEX   09  F7  F1  58  02  97  90  60 3948846343 11.07.2026 17:18:21.871 0031265113 1177965552
 0000086  HU 464 1 HEX   BA                             3948848502 11.07.2026 17:18:21.873 0031265113 1177985552

 0000087  TV 264 4 HEX   1A  90  10  60                 3948855952 11.07.2026 17:18:21.881 0031265113 1178065552
 0000088  HU 464 1 HEX   BB                             3948858395 11.07.2026 17:18:21.883 0031265113 1178085552

 0000089  HU 464 6 HEX   16  F7  F0  17  97  90         3949001695 11.07.2026 17:18:22.026 0031265113 1179515552
 0000090  TV 264 1 HEX   B7                             3949005575 11.07.2026 17:18:22.030 0031265113 1179555552

 0000091  TV 264 8 HEX   0B  F7  F1  57  01  97  90  60 3949016334 11.07.2026 17:18:22.041 0031265113 1179665552
 0000092  HU 464 1 HEX   BC                             3949018492 11.07.2026 17:18:22.043 0031265113 1179685552

 0000093  TV 264 5 HEX   1C  06  00  00  00             3949026053 11.07.2026 17:18:22.051 0031265113 1179765552
 0000094  HU 464 1 HEX   BD                             3949028462 11.07.2026 17:18:22.053 0031265113 1179785552

 0000095  HU 464 6 HEX   17  F7  F0  17  90  10         3949174945 11.07.2026 17:18:22.200 0031265113 1181255552
 0000096  TV 264 1 HEX   B8                             3949185808 11.07.2026 17:18:22.211 0031265113 1181365552

 0000097  TV 264 8 HEX   0D  F7  F1  57  01  90  10  60 3949196272 11.07.2026 17:18:22.221 0031265113 1181465552
 0000098  HU 464 1 HEX   BE                             3949198504 11.07.2026 17:18:22.223 0031265113 1181485552

 0000099  TV 264 5 HEX   1E  0B  00  00  00             3949206010 11.07.2026 17:18:22.231 0031265113 1181565552
 0000100  HU 464 1 HEX   BF                             3949208418 11.07.2026 17:18:22.233 0031265113 1181585552

 0000101  HU 464 7 HEX   18  F7  F0  18  02  FF  00     3949439230 11.07.2026 17:18:22.464 0031265113 1183895552
 0000102  TV 264 1 HEX   B9                             3949445484 11.07.2026 17:18:22.470 0031265113 1183955552

 0000103  TV 264 8 HEX   0F  F7  F1  58  02  97  90  60 3949456261 11.07.2026 17:18:22.481 0031265113 1184065552
 0000104  HU 464 1 HEX   B0                             3949458676 11.07.2026 17:18:22.483 0031265113 1184085552

 0000105  TV 264 4 HEX   10  90  10  60                 3949465870 11.07.2026 17:18:22.491 0031265113 1184165552
 0000106  HU 464 1 HEX   B1                             3949468221 11.07.2026 17:18:22.493 0031265113 1184185552

 0000107  TV 264 4 HEX   11  33  4B  00                 3949538165 11.07.2026 17:18:22.563 0031265113 1184885552
 0000108  HU 464 1 HEX   B2                             3949540479 11.07.2026 17:18:22.565 0031265113 1184905552

 0000109  HU 464 6 HEX   19  F7  F0  17  97  90         3949609004 11.07.2026 17:18:22.634 0031265113 1185595552
 0000110  TV 264 1 HEX   BA                             3949615457 11.07.2026 17:18:22.640 0031265113 1185655552

 0000111  TV 264 8 HEX   02  F7  F1  57  01  97  90  60 3949626179 11.07.2026 17:18:22.651 0031265113 1185765552
 0000112  HU 464 1 HEX   B3                             3949628356 11.07.2026 17:18:22.653 0031265113 1185785552

 0000113  TV 264 5 HEX   13  06  00  00  00             3949635953 11.07.2026 17:18:22.661 0031265113 1185865552
 0000114  HU 464 1 HEX   B4                             3949638472 11.07.2026 17:18:22.663 0031265113 1185885552

 0000115  HU 464 6 HEX   1A  F7  F0  17  90  10         3949789304 11.07.2026 17:18:22.814 0031265113 1187395552
 0000116  TV 264 1 HEX   BB                             3949795500 11.07.2026 17:18:22.820 0031265113 1187455552

 0000117  TV 264 8 HEX   04  F7  F1  57  01  90  10  60 3949806148 11.07.2026 17:18:22.831 0031265113 1187565552
 0000118  HU 464 1 HEX   B5                             3949808306 11.07.2026 17:18:22.833 0031265113 1187585552

 0000119  TV 264 5 HEX   15  0B  00  00  00             3949816125 11.07.2026 17:18:22.841 0031265113 1187665552
 0000120  HU 464 1 HEX   B6                             3949818515 11.07.2026 17:18:22.843 0031265113 1187685552
 0000121  HU 464 7 HEX   1B  F7  F0  18  02  FF  00     3950055637 11.07.2026 17:18:23.080 0031265113 1190055552
 0000122  TV 264 1 HEX   BC                             3950065400 11.07.2026 17:18:23.090 0031265113 1190155552
 0000123  TV 264 8 HEX   06  F7  F1  58  02  97  90  60 3950076140 11.07.2026 17:18:23.101 0031265113 1190265552
 0000124  HU 464 1 HEX   B7                             3950078555 11.07.2026 17:18:23.103 0031265113 1190285552
 0000125  TV 264 4 HEX   17  90  10  60                 3950085749 11.07.2026 17:18:23.111 0031265113 1190365552
 0000126  HU 464 1 HEX   B8                             3950088118 11.07.2026 17:18:23.113 0031265113 1190385552
 0000127  HU 464 6 HEX   1C  F7  F0  17  97  90         3950227600 11.07.2026 17:18:23.252 0031265113 1191775552
 0000128  TV 264 1 HEX   BD                             3950235579 11.07.2026 17:18:23.260 0031265113 1191855552
 0000129  TV 264 8 HEX   08  F7  F1  57  01  97  90  60 3950246062 11.07.2026 17:18:23.271 0031265113 1191965552
 0000130  HU 464 1 HEX   B9                             3950248220 11.07.2026 17:18:23.273 0031265113 1191985552
 0000131  TV 264 5 HEX   19  06  00  00  00             3950255836 11.07.2026 17:18:23.281 0031265113 1192065552
 0000132  HU 464 1 HEX   BA                             3950258208 11.07.2026 17:18:23.283 0031265113 1192085552
 0000133  HU 464 6 HEX   1D  F7  F0  17  90  10         3950400636 11.07.2026 17:18:23.425 0031265113 1193505552
 0000134  TV 264 1 HEX   BE                             3950405343 11.07.2026 17:18:23.430 0031265113 1193555552
 0000135  TV 264 8 HEX   0A  F7  F1  57  01  90  10  60 3950416028 11.07.2026 17:18:23.441 0031265113 1193665552
 0000136  HU 464 1 HEX   BB                             3950418205 11.07.2026 17:18:23.443 0031265113 1193685552
 0000137  TV 264 5 HEX   1B  0B  00  00  00             3950425784 11.07.2026 17:18:23.451 0031265113 1193765552
 0000138  HU 464 1 HEX   BC                             3950428174 11.07.2026 17:18:23.453 0031265113 1193785552
 0000139  HU 464 7 HEX   1E  F7  F0  18  02  FF  00     3950667440 11.07.2026 17:18:23.692 0031265113 1196175552
 0000140  TV 264 1 HEX   BF                             3950675292 11.07.2026 17:18:23.700 0031265113 1196255552
 0000141  TV 264 8 HEX   0C  F7  F1  58  02  97  90  60 3950685995 11.07.2026 17:18:23.711 0031265113 1196365552
 0000142  HU 464 1 HEX   BD                             3950688190 11.07.2026 17:18:23.713 0031265113 1196385552
 0000143  TV 264 4 HEX   1D  90  10  60                 3950695641 11.07.2026 17:18:23.720 0031265113 1196455552
 0000144  HU 464 1 HEX   BE                             3950698029 11.07.2026 17:18:23.723 0031265113 1196485552
 0000145  HU 464 6 HEX   1F  F7  F0  17  97  90         3950840500 11.07.2026 17:18:23.865 0031265113 1197905552
 0000146  TV 264 1 HEX   B0                             3950845226 11.07.2026 17:18:23.870 0031265113 1197955552
 0000147  TV 264 8 HEX   0E  F7  F1  57  01  97  90  60 3950855947 11.07.2026 17:18:23.881 0031265113 1198065552
 0000148  HU 464 1 HEX   BF                             3950858124 11.07.2026 17:18:23.883 0031265113 1198085552
 0000149  TV 264 5 HEX   1F  06  00  00  00             3950865998 11.07.2026 17:18:23.891 0031265113 1198165552
 0000150  HU 464 1 HEX   B0                             3950868388 11.07.2026 17:18:23.893 0031265113 1198185552
 0000151  HU 464 6 HEX   10  F7  F0  17  90  10         3951017585 11.07.2026 17:18:24.042 0031265113 1199675552
 0000152  TV 264 1 HEX   B1                             3951025196 11.07.2026 17:18:24.050 0031265113 1199755552
 0000153  TV 264 8 HEX   00  F7  F1  57  01  90  10  60 3951035973 11.07.2026 17:18:24.061 0031265113 1199865552
 0000154  HU 464 1 HEX   B1                             3951038407 11.07.2026 17:18:24.063 0031265113 1199885552
 0000155  TV 264 5 HEX   11  0B  00  00  00             3951045674 11.07.2026 17:18:24.070 0031265113 1199955552
 0000156  HU 464 1 HEX   B2                             3951048045 11.07.2026 17:18:24.073 0031265113 1199985552
 0000157  HU 464 7 HEX   11  F7  F0  18  02  FF  00     3951286201 11.07.2026 17:18:24.311 0031265113 1202365552
 0000158  TV 264 1 HEX   B2                             3951295223 11.07.2026 17:18:24.320 0031265113 1202455552
 0000159  TV 264 8 HEX   02  F7  F1  58  02  97  90  60 3951305853 11.07.2026 17:18:24.331 0031265113 1202565552
 0000160  HU 464 1 HEX   B3                             3951308471 11.07.2026 17:18:24.333 0031265113 1202585552
 0000161  TV 264 4 HEX   13  90  10  60                 3951315572 11.07.2026 17:18:24.340 0031265113 1202655552
 0000162  HU 464 1 HEX   B4                             3951317942 11.07.2026 17:18:24.343 0031265113 1202685552
 0000163  HU 464 6 HEX   12  F7  F0  17  97  90         3951459310 11.07.2026 17:18:24.484 0031265113 1204095552
 0000164  TV 264 1 HEX   B3                             3951465231 11.07.2026 17:18:24.490 0031265113 1204155552
 0000165  TV 264 8 HEX   04  F7  F1  57  01  97  90  60 3951475824 11.07.2026 17:18:24.501 0031265113 1204265552
 0000166  HU 464 1 HEX   B5                             3951477982 11.07.2026 17:18:24.503 0031265113 1204285552
 0000167  TV 264 5 HEX   15  06  00  00  00             3951485653 11.07.2026 17:18:24.510 0031265113 1204355552
 0000168  HU 464 1 HEX   B6                             3951488043 11.07.2026 17:18:24.513 0031265113 1204385552
 0000169  HU 464 6 HEX   13  F7  F0  17  90  10         3951631796 11.07.2026 17:18:24.657 0031265113 1205825552
 0000170  TV 264 1 HEX   B4                             3951635125 11.07.2026 17:18:24.660 0031265113 1205855552
 0000171  TV 264 8 HEX   06  F7  F1  57  01  90  10  60 3951645810 11.07.2026 17:18:24.671 0031265113 1205965552
 0000172  HU 464 1 HEX   B7                             3951647968 11.07.2026 17:18:24.673 0031265113 1205985552
 0000173  TV 264 5 HEX   17  0B  00  00  00             3951655548 11.07.2026 17:18:24.680 0031265113 1206055552
 0000174  HU 464 1 HEX   B8                             3951657938 11.07.2026 17:18:24.683 0031265113 1206085552
 0000175  HU 464 7 HEX   14  F7  F0  18  02  FF  00     3951901949 11.07.2026 17:18:24.927 0031265113 1208525552
 0000176  TV 264 1 HEX   B5                             3951905042 11.07.2026 17:18:24.930 0031265113 1208555552
 0000177  TV 264 8 HEX   08  F7  F1  58  02  97  90  60 3951915966 11.07.2026 17:18:24.941 0031265113 1208665552
 0000178  HU 464 1 HEX   B9                             3951918142 11.07.2026 17:18:24.943 0031265113 1208685552
 0000179  TV 264 4 HEX   19  90  10  60                 3951925483 11.07.2026 17:18:24.950 0031265113 1208755552
 0000180  HU 464 1 HEX   BA                             3951927834 11.07.2026 17:18:24.953 0031265113 1208785552
 0000181  HU 464 6 HEX   15  F7  F0  17  97  90         3952064280 11.07.2026 17:18:25.089 0031265113 1210145552
 0000182  TV 264 1 HEX   B6                             3952075014 11.07.2026 17:18:25.100 0031265113 1210255552
 0000183  TV 264 8 HEX   0A  F7  F1  57  01  97  90  60 3952085699 11.07.2026 17:18:25.110 0031265113 1210355552
 0000184  HU 464 1 HEX   BB                             3952088115 11.07.2026 17:18:25.113 0031265113 1210385552
 0000185  TV 264 5 HEX   1B  06  00  00  00             3952095510 11.07.2026 17:18:25.120 0031265113 1210455552
 0000186  HU 464 1 HEX   BC                             3952097900 11.07.2026 17:18:25.123 0031265113 1210485552
 0000187  TV 264 4 HEX   1C  33  4B  00                 3952115347 11.07.2026 17:18:25.140 0031265113 1210655552
 0000188  HU 464 1 HEX   BD                             3952117625 11.07.2026 17:18:25.142 0031265113 1210675552
 0000189  HU 464 6 HEX   16  F7  F0  17  90  10         3952249261 11.07.2026 17:18:25.274 0031265113 1211995552
 0000190  TV 264 1 HEX   B7                             3952254979 11.07.2026 17:18:25.280 0031265113 1212055552
 0000191  TV 264 8 HEX   0D  F7  F1  57  01  90  10  60 3952265719 11.07.2026 17:18:25.290 0031265113 1212155552
 0000192  HU 464 1 HEX   BE                             3952267896 11.07.2026 17:18:25.293 0031265113 1212185552
 0000193  TV 264 5 HEX   1E  0B  00  00  00             3952275438 11.07.2026 17:18:25.300 0031265113 1212255552
 0000194  HU 464 1 HEX   BF                             3952277828 11.07.2026 17:18:25.303 0031265113 1212285552
 0000195  HU 464 7 HEX   17  F7  F0  18  02  FF  00     3952519978 11.07.2026 17:18:25.545 0031265113 1214705552
 0000196  TV 264 1 HEX   B8                             3952524981 11.07.2026 17:18:25.550 0031265113 1214755552
 0000197  TV 264 8 HEX   0F  F7  F1  58  02  97  90  60 3952535630 11.07.2026 17:18:25.560 0031265113 1214855552
 0000198  HU 464 1 HEX   B0                             3952537806 11.07.2026 17:18:25.563 0031265113 1214885552
 0000199  TV 264 4 HEX   10  90  10  60                 3952545514 11.07.2026 17:18:25.570 0031265113 1214955552
 0000200  HU 464 1 HEX   B1                             3952547939 11.07.2026 17:18:25.573 0031265113 1214985552
 0000201  HU 464 6 HEX   18  F7  F0  17  97  90         3952695679 11.07.2026 17:18:25.720 0031265113 1216455552
 0000202  TV 264 1 HEX   B9                             3952704943 11.07.2026 17:18:25.730 0031265113 1216555552
 0000203  TV 264 8 HEX   01  F7  F1  57  01  97  90  60 3952715610 11.07.2026 17:18:25.740 0031265113 1216655552
 0000204  HU 464 1 HEX   B2                             3952718209 11.07.2026 17:18:25.743 0031265113 1216685552
 0000205  TV 264 5 HEX   12  06  00  00  00             3952725366 11.07.2026 17:18:25.750 0031265113 1216755552
 0000206  HU 464 1 HEX   B3                             3952727830 11.07.2026 17:18:25.753 0031265113 1216785552
 0000207  HU 464 6 HEX   19  F7  F0  17  90  10         3952864255 11.07.2026 17:18:25.889 0031265113 1218145552
 0000208  TV 264 1 HEX   BA                             3952874861 11.07.2026 17:18:25.900 0031265113 1218255552
 0000209  TV 264 8 HEX   03  F7  F1  57  01  90  10  60 3952885601 11.07.2026 17:18:25.910 0031265113 1218355552
 0000210  HU 464 1 HEX   B4                             3952887852 11.07.2026 17:18:25.913 0031265113 1218385552
 0000211  TV 264 5 HEX   14  0B  00  00  00             3952895339 11.07.2026 17:18:25.920 0031265113 1218455552
 0000212  HU 464 1 HEX   B5                             3952897729 11.07.2026 17:18:25.922 0031265113 1218475552
 0000213  HU 464 7 HEX   1A  F7  F0  18  02  FF  00     3953138808 11.07.2026 17:18:26.164 0031265113 1220895552
 0000214  TV 264 1 HEX   BB                             3953144859 11.07.2026 17:18:26.170 0031265113 1220955552
 0000215  TV 264 8 HEX   05  F7  F1  58  02  97  90  60 3953155526 11.07.2026 17:18:26.180 0031265113 1221055552
 0000216  HU 464 1 HEX   B6                             3953157684 11.07.2026 17:18:26.182 0031265113 1221075552
 0000217  TV 264 4 HEX   16  90  10  60                 3953165245 11.07.2026 17:18:26.190 0031265113 1221155552
 0000218  HU 464 1 HEX   B7                             3953167669 11.07.2026 17:18:26.192 0031265113 1221175552
 0000219  HU 464 2 HEX   A3  00                         3953224298 11.07.2026 17:18:26.249 0031265113 1221745552
 0000220  TV 264 2 HEX   A1  01                         3953234919 11.07.2026 17:18:26.260 0031265113 1221855552
 0000221  HU 464 6 HEX   1B  F7  F0  17  97  90         3953316039 11.07.2026 17:18:26.341 0031265113 1222665552
 0000222  TV 264 1 HEX   BC                             3953324789 11.07.2026 17:18:26.350 0031265113 1222755552
 0000223  TV 264 8 HEX   07  F7  F1  57  01  97  90  60 3953335493 11.07.2026 17:18:26.360 0031265113 1222855552
 0000224  HU 464 1 HEX   B8                             3953338092 11.07.2026 17:18:26.363 0031265113 1222885552
 0000225  TV 264 5 HEX   18  06  00  00  00             3953345322 11.07.2026 17:18:26.370 0031265113 1222955552
 0000226  HU 464 1 HEX   B9                             3953347694 11.07.2026 17:18:26.372 0031265113 1222975552
 0000227  HU 464 6 HEX   1C  F7  F0  17  90  10         3953493473 11.07.2026 17:18:26.518 0031265113 1224435552
 0000228  TV 264 1 HEX   BD                             3953494762 11.07.2026 17:18:26.520 0031265113 1224455552
 0000229  TV 264 8 HEX   09  F7  F1  57  01  90  10  60 3953505466 11.07.2026 17:18:26.530 0031265113 1224555552
 0000230  HU 464 1 HEX   BA                             3953507642 11.07.2026 17:18:26.532 0031265113 1224575552
 0000231  TV 264 5 HEX   1A  0B  00  00  00             3953515222 11.07.2026 17:18:26.540 0031265113 1224655552
 0000232  HU 464 1 HEX   BB                             3953517612 11.07.2026 17:18:26.542 0031265113 1224675552
 0000233  HU 464 7 HEX   1D  F7  F0  18  02  FF  00     3953755996 11.07.2026 17:18:26.781 0031265113 1227065552
 0000234  TV 264 1 HEX   BE                             3953764711 11.07.2026 17:18:26.789 0031265113 1227145552
 0000235  TV 264 8 HEX   0B  F7  F1  58  02  97  90  60 3953775433 11.07.2026 17:18:26.800 0031265113 1227255552
 0000236  HU 464 1 HEX   BC                             3953778528 11.07.2026 17:18:26.803 0031265113 1227285552
 0000237  TV 264 4 HEX   1C  90  10  60                 3953785115 11.07.2026 17:18:26.810 0031265113 1227355552
 0000238  HU 464 1 HEX   BD                             3953787705 11.07.2026 17:18:26.812 0031265113 1227375552
 0000239  HU 464 6 HEX   1E  F7  F0  17  97  90         3953928449 11.07.2026 17:18:26.953 0031265113 1228785552
 0000240  TV 264 1 HEX   BF                             3953934682 11.07.2026 17:18:26.959 0031265113 1228845552
 0000241  TV 264 8 HEX   0D  F7  F1  57  01  97  90  60 3953945440 11.07.2026 17:18:26.970 0031265113 1228955552
 0000242  HU 464 1 HEX   BE                             3953947617 11.07.2026 17:18:26.972 0031265113 1228975552
 0000243  TV 264 5 HEX   1E  06  00  00  00             3953955178 11.07.2026 17:18:26.980 0031265113 1229055552
 0000244  HU 464 1 HEX   BF                             3953957605 11.07.2026 17:18:26.982 0031265113 1229075552
 0000245  HU 464 6 HEX   1F  F7  F0  17  90  10         3954105627 11.07.2026 17:18:27.130 0031265113 1230555552
 0000246  TV 264 1 HEX   B0                             3954114634 11.07.2026 17:18:27.139 0031265113 1230645552
 0000247  TV 264 8 HEX   0F  F7  F1  57  01  90  10  60 3954125411 11.07.2026 17:18:27.150 0031265113 1230755552
 0000248  HU 464 1 HEX   B0                             3954128010 11.07.2026 17:18:27.153 0031265113 1230785552
 0000249  TV 264 5 HEX   10  0B  00  00  00             3954135112 11.07.2026 17:18:27.160 0031265113 1230855552
 0000250  HU 464 1 HEX   B1                             3954137502 11.07.2026 17:18:27.162 0031265113 1230875552
 0000251  HU 464 7 HEX   10  F7  F0  18  02  FF  00     3954371039 11.07.2026 17:18:27.396 0031265113 1233215552
 0000252  TV 264 1 HEX   B1                             3954374628 11.07.2026 17:18:27.399 0031265113 1233245552
 0000253  TV 264 8 HEX   01  F7  F1  58  02  97  90  60 3954385313 11.07.2026 17:18:27.410 0031265113 1233355552
 0000254  HU 464 1 HEX   B2                             3954387471 11.07.2026 17:18:27.412 0031265113 1233375552
 0000255  TV 264 4 HEX   12  90  10  60                 3954394941 11.07.2026 17:18:27.420 0031265113 1233455552
 0000256  HU 464 1 HEX   B3                             3954397310 11.07.2026 17:18:27.422 0031265113 1233475552
 0000257  HU 464 6 HEX   11  F7  F0  17  97  90         3954543952 11.07.2026 17:18:27.569 0031265113 1234945552
 0000258  TV 264 1 HEX   B2                             3954554572 11.07.2026 17:18:27.579 0031265113 1235045552
 0000259  TV 264 8 HEX   03  F7  F1  57  01  97  90  60 3954565275 11.07.2026 17:18:27.590 0031265113 1235155552
 0000260  HU 464 1 HEX   B4                             3954567489 11.07.2026 17:18:27.592 0031265113 1235175552
 0000261  TV 264 5 HEX   14  06  00  00  00             3954575032 11.07.2026 17:18:27.600 0031265113 1235255552
 0000262  HU 464 1 HEX   B5                             3954577403 11.07.2026 17:18:27.602 0031265113 1235275552
 0000263  TV 264 4 HEX   15  33  4B  00                 3954659254 11.07.2026 17:18:27.684 0031265113 1236095552
 0000264  HU 464 1 HEX   B6                             3954661495 11.07.2026 17:18:27.686 0031265113 1236115552
 0000265  HU 464 6 HEX   12  F7  F0  17  90  10         3954725817 11.07.2026 17:18:27.751 0031265113 1236765552
 0000266  TV 264 1 HEX   B3                             3954734604 11.07.2026 17:18:27.759 0031265113 1236845552
 0000267  TV 264 8 HEX   06  F7  F1  57  01  90  10  60 3954745233 11.07.2026 17:18:27.770 0031265113 1236955552
 0000268  HU 464 1 HEX   B7                             3954747814 11.07.2026 17:18:27.773 0031265113 1236985552
 0000269  TV 264 5 HEX   17  0B  00  00  00             3954755008 11.07.2026 17:18:27.780 0031265113 1237055552
 0000270  HU 464 1 HEX   B8                             3954757398 11.07.2026 17:18:27.782 0031265113 1237075552
 0000271  HU 464 7 HEX   13  F7  F0  18  02  FF  00     3954987022 11.07.2026 17:18:28.012 0031265113 1239375552
 0000272  TV 264 1 HEX   B4                             3954994488 11.07.2026 17:18:28.019 0031265113 1239445552
 0000273  TV 264 8 HEX   08  F7  F1  58  02  97  90  60 3955005174 11.07.2026 17:18:28.030 0031265113 1239555552
 0000274  HU 464 1 HEX   B9                             3955007350 11.07.2026 17:18:28.032 0031265113 1239575552
 0000275  TV 264 4 HEX   19  90  10  60                 3955014893 11.07.2026 17:18:28.040 0031265113 1239655552
 0000276  HU 464 1 HEX   BA                             3955017244 11.07.2026 17:18:28.042 0031265113 1239675552
 0000277  HU 464 6 HEX   14  F7  F0  17  97  90         3955166495 11.07.2026 17:18:28.191 0031265113 1241165552
 0000278  TV 264 1 HEX   B5                             3955174456 11.07.2026 17:18:28.199 0031265113 1241245552
 0000279  TV 264 8 HEX   0A  F7  F1  57  01  97  90  60 3955185196 11.07.2026 17:18:28.210 0031265113 1241355552
 0000280  HU 464 1 HEX   BB                             3955187354 11.07.2026 17:18:28.212 0031265113 1241375552
 0000281  TV 264 5 HEX   1B  06  00  00  00             3955194952 11.07.2026 17:18:28.220 0031265113 1241455552
 0000282  HU 464 1 HEX   BC                             3955197525 11.07.2026 17:18:28.222 0031265113 1241475552
 0000283  HU 464 6 HEX   15  F7  F0  17  90  10         3955342091 11.07.2026 17:18:28.367 0031265113 1242925552
 0000284  TV 264 1 HEX   B6                             3955344429 11.07.2026 17:18:28.369 0031265113 1242945552
 0000285  TV 264 8 HEX   0C  F7  F1  57  01  90  10  60 3955355132 11.07.2026 17:18:28.380 0031265113 1243055552
 0000286  HU 464 1 HEX   BD                             3955357327 11.07.2026 17:18:28.382 0031265113 1243075552
 0000287  TV 264 5 HEX   1D  0B  00  00  00             3955364925 11.07.2026 17:18:28.390 0031265113 1243155552
 0000288  HU 464 1 HEX   BE                             3955367462 11.07.2026 17:18:28.392 0031265113 1243175552
 0000289  TV 264 4 HEX   1E  33  4B  00                 3957218764 11.07.2026 17:18:30.244 0031265113 1261695552
 0000290  HU 464 1 HEX   BF                             3957221023 11.07.2026 17:18:30.246 0031265113 1261715552
 0000291  HU 464 2 HEX   A3  00                         3958225603 11.07.2026 17:18:31.250 0031265113 1271755552
 0000292  TV 264 2 HEX   A1  01                         3958233965 11.07.2026 17:18:31.259 0031265113 1271845552
