 0000001  HU 464 2 HEX   A3  00                         3818188101 11.07.2026 17:16:11.213 0031265112 4166352848
 0000002  TV 264 2 HEX   A1  01                         3818190013 11.07.2026 17:16:11.215 0031265112 4166372848
 0000003  TV 264 4 HEX   1A  33  8B  00                 3819490178 11.07.2026 17:16:12.515 0031265112 4179372848
 0000004  HU 464 1 HEX   BB                             3819492419 11.07.2026 17:16:12.517 0031265112 4179392848
 0000005  TV 264 4 HEX   1B  33  8B  00                 3822051559 11.07.2026 17:16:15.076 0031265112 4204982848
 0000006  HU 464 1 HEX   BC                             3822055068 11.07.2026 17:16:15.080 0031265112 4205022848
 0000007  HU 464 4 HEX   11  F1  10  01                 3822132827 11.07.2026 17:16:15.158 0031265112 4205802848
 0000008  TV 264 1 HEX   B2                             3822139368 11.07.2026 17:16:15.164 0031265112 4205862848
 0000009  HU 464 3 HEX   12  00  01                     3822277454 11.07.2026 17:16:15.302 0031265112 4207242848
 0000010  TV 264 1 HEX   B3                             3822278810 11.07.2026 17:16:15.304 0031265112 4207262848
 0000011  HU 464 7 HEX   13  0C  01  00  00  00  00     3822283560 11.07.2026 17:16:15.308 0031265112 4207302848
 0000012  TV 264 3 HEX   1C  01  01                     3822288931 11.07.2026 17:16:15.314 0031265112 4207362848
 0000013  TV 264 1 HEX   B4                             3822291354 11.07.2026 17:16:15.316 0031265112 4207382848
 0000014  HU 464 1 HEX   BD                             3822292043 11.07.2026 17:16:15.317 0031265112 4207392848
 0000015  HU 464 2 HEX   14  32                         3822296609 11.07.2026 17:16:15.321 0031265112 4207432848
 0000016  TV 264 1 HEX   B5                             3822298900 11.07.2026 17:16:15.324 0031265112 4207462848
 0000017  TV 264 4 HEX   1D  27  01  01                 3822309034 11.07.2026 17:16:15.334 0031265112 4207562848
 0000018  HU 464 1 HEX   BE                             3822311403 11.07.2026 17:16:15.336 0031265112 4207582848
 0000019  TV 264 4 HEX   1E  33  CB  00                 3822329052 11.07.2026 17:16:15.354 0031265112 4207762848
 0000020  HU 464 1 HEX   BF                             3822331881 11.07.2026 17:16:15.357 0031265112 4207792848
 0000021  TV 264 4 HEX   1F  33  CB  00                 3822349084 11.07.2026 17:16:15.374 0031265112 4207962848
 0000022  HU 464 1 HEX   B0                             3822352262 11.07.2026 17:16:15.377 0031265112 4207992848
 0000023  TV 264 8 HEX   10  17  01  00  00  00  00  00 3822369746 11.07.2026 17:16:15.395 0031265112 4208172848
 0000024  HU 464 1 HEX   B1                             3822373943 11.07.2026 17:16:15.399 0031265112 4208212848
 0000025  HU 464 3 HEX   15  00  01                     3822381394 11.07.2026 17:16:15.406 0031265112 4208282848
 0000026  TV 264 1 HEX   B6                             3822388870 11.07.2026 17:16:15.414 0031265112 4208362848
 0000027  TV 264 3 HEX   11  0D  01                     3822398911 11.07.2026 17:16:15.424 0031265112 4208462848
 0000028  HU 464 1 HEX   B2                             3822403208 11.07.2026 17:16:15.428 0031265112 4208502848
 0000029  TV 264 3 HEX   12  01  01                     3822419020 11.07.2026 17:16:15.444 0031265112 4208662848
 0000030  HU 464 1 HEX   B3                             3822421240 11.07.2026 17:16:15.446 0031265112 4208682848
 0000031  HU 464 2 HEX   16  32                         3822424648 11.07.2026 17:16:15.449 0031265112 4208712848
 0000032  TV 264 1 HEX   B7                             3822428832 11.07.2026 17:16:15.454 0031265112 4208762848
 0000033  TV 264 4 HEX   13  33  CB  00                 3822439003 11.07.2026 17:16:15.464 0031265112 4208862848
 0000034  HU 464 1 HEX   B4                             3822441244 11.07.2026 17:16:15.466 0031265112 4208882848
 0000035  TV 264 4 HEX   14  27  01  01                 3822575538 11.07.2026 17:16:15.600 0031265112 4210222848
 0000036  HU 464 1 HEX   B5                             3822578091 11.07.2026 17:16:15.603 0031265112 4210252848
 0000037  TV 264 4 HEX   15  33  4B  00                 3822617570 11.07.2026 17:16:15.642 0031265112 4210642848
 0000038  HU 464 1 HEX   B6                             3822620123 11.07.2026 17:16:15.645 0031265112 4210672848
 0000039  TV 264 4 HEX   16  27  01  01                 3822940427 11.07.2026 17:16:15.965 0031265112 4213872848
 0000040  HU 464 1 HEX   B7                             3822942668 11.07.2026 17:16:15.967 0031265112 4213892848
 0000041  TV 264 4 HEX   17  33  4B  00                 3822959013 11.07.2026 17:16:15.984 0031265112 4214062848
 0000042  HU 464 1 HEX   B8                             3822961254 11.07.2026 17:16:15.986 0031265112 4214082848
 0000043  TV 264 4 HEX   18  27  02  01                 3822981971 11.07.2026 17:16:16.007 0031265112 4214292848
 0000044  HU 464 1 HEX   B9                             3822984231 11.07.2026 17:16:16.009 0031265112 4214312848
 0000045  HU 464 2 HEX   A3  00                         3823189631 11.07.2026 17:16:16.214 0031265112 4216362848
 0000046  TV 264 2 HEX   A1  01                         3823198636 11.07.2026 17:16:16.223 0031265112 4216452848
 0000047  TV 264 4 HEX   19  33  4D  00                 3823211934 11.07.2026 17:16:16.237 0031265112 4216592848
 0000048  HU 464 1 HEX   BA                             3823214781 11.07.2026 17:16:16.240 0031265112 4216622848
 0000049  TV 264 4 HEX   1A  33  4D  00                 3826123782 11.07.2026 17:16:19.149 0031265112 4245712848
 0000050  HU 464 1 HEX   BB                             3826126115 11.07.2026 17:16:19.151 0031265112 4245732848
 0000051  TV 264 4 HEX   1B  27  01  01                 3826825080 11.07.2026 17:16:19.850 0031265112 4252722848
 0000052  HU 464 1 HEX   BC                             3826827633 11.07.2026 17:16:19.852 0031265112 4252742848
 0000053  TV 264 4 HEX   1C  33  4B  00                 3827054221 11.07.2026 17:16:20.079 0031265112 4255012848
 0000054  HU 464 1 HEX   BD                             3827056792 11.07.2026 17:16:20.082 0031265112 4255042848
 0000055  HU 464 2 HEX   A3  00                         3828191889 11.07.2026 17:16:21.217 0031265112 4266392848
 0000056  TV 264 2 HEX   A1  01                         3828197733 11.07.2026 17:16:21.222 0031265112 4266442848
 0000057  TV 264 4 HEX   1D  33  4B  00                 3829215155 11.07.2026 17:16:22.240 0031265112 4276622848
 0000058  HU 464 1 HEX   BE                             3829217433 11.07.2026 17:16:22.242 0031265112 4276642848
 0000059  TV 264 4 HEX   1E  33  4B  00                 3831774784 11.07.2026 17:16:24.800 0031265113 0007255552
 0000060  HU 464 1 HEX   BF                             3831777925 11.07.2026 17:16:24.803 0031265113 0007285552
 0000061  HU 464 5 HEX   17  F7  F0  1A  86             3831999035 11.07.2026 17:16:25.024 0031265113 0009495552
 0000062  TV 264 1 HEX   B8                             3832006975 11.07.2026 17:16:25.032 0031265113 0009575552
 0000063  TV 264 8 HEX   0F  F7  F1  5A  86  22  08  20 3832017752 11.07.2026 17:16:25.043 0031265113 0009685552
 0000064  HU 464 1 HEX   B0                             3832019910 11.07.2026 17:16:25.045 0031265113 0009705552
 0000065  TV 264 8 HEX   00  15  97  44  99  20  00  01 3832028004 11.07.2026 17:16:25.053 0031265113 0009785552
 0000066  HU 464 1 HEX   B1                             3832030585 11.07.2026 17:16:25.055 0031265113 0009805552
 0000067  TV 264 7 HEX   11  11  01  00  01  08  07     3832037595 11.07.2026 17:16:25.062 0031265113 0009875552
 0000068  HU 464 1 HEX   B2                             3832040118 11.07.2026 17:16:25.065 0031265113 0009905552
 0000069  HU 464 5 HEX   18  F7  F0  21  16             3832195764 11.07.2026 17:16:25.221 0031265113 0011465552
 0000070  TV 264 1 HEX   B9                             3832196960 11.07.2026 17:16:25.222 0031265113 0011475552
 0000071  TV 264 8 HEX   02  F7  F1  61  16  00  00  00 3832200662 11.07.2026 17:16:25.225 0031265113 0011505552
 0000072  HU 464 1 HEX   B3                             3832202838 11.07.2026 17:16:25.228 0031265113 0011535552
 0000073  TV 264 6 HEX   13  00  00  00  00  00         3832207551 11.07.2026 17:16:25.232 0031265113 0011575552
 0000074  HU 464 1 HEX   B4                             3832209962 11.07.2026 17:16:25.235 0031265113 0011605552
 0000075  HU 464 2 HEX   A3  00                         3833193086 11.07.2026 17:16:26.218 0031265113 0021435552
 0000076  TV 264 2 HEX   A1  01                         3833196798 11.07.2026 17:16:26.222 0031265113 0021475552
 0000077  TV 264 4 HEX   14  33  4B  00                 3834335195 11.07.2026 17:16:27.360 0031265113 0032855552
 0000078  HU 464 1 HEX   B5                             3834337417 11.07.2026 17:16:27.362 0031265113 0032875552
 0000079  TV 264 4 HEX   15  33  4B  00                 3836894780 11.07.2026 17:16:29.920 0031265113 0058455552
 0000080  HU 464 1 HEX   B6                             3836897021 11.07.2026 17:16:29.922 0031265113 0058475552
